2023-12-08T01:18:13.581+0800	DEBUG	wal/writeaheadlog.go:749	CRC-Anchor DEED0001 written to file: tmp\native_chain20231208011813\node7\0000000000000001.wal, at offset 0, size=16
2023-12-08T01:18:13.581+0800	INFO	wal/writeaheadlog.go:192	Write-Ahead-Log created successfully, mode: WRITE, dir: tmp\native_chain20231208011813\node7
2023-12-08T01:18:13.581+0800	DEBUG	consensus/consensus.go:153	Application started with view 0, seq 0, and decisions 0
2023-12-08T01:18:13.581+0800	INFO	bft/state.go:99	Nothing to restore
2023-12-08T01:18:13.581+0800	DEBUG	consensus/consensus.go:480	No view change to restore
2023-12-08T01:18:13.581+0800	INFO	bft/state.go:80	Nothing to restore
2023-12-08T01:18:13.581+0800	DEBUG	consensus/consensus.go:495	No new view to restore
2023-12-08T01:18:13.581+0800	DEBUG	bft/controller.go:793	Starting controller with view 0, sequence 1, and decisions 0
2023-12-08T01:18:13.581+0800	DEBUG	bft/controller.go:805	The number of nodes (N) is 10, F is 3, and the quorum size is 7
2023-12-08T01:18:13.581+0800	INFO	bft/state.go:121	Nothing to restore
2023-12-08T01:18:13.581+0800	INFO	bft/heartbeatmonitor.go:185	Changing to follower role, current view: 0, current leader: 1
2023-12-08T01:18:13.581+0800	INFO	bft/controller.go:395	Starting view with number 0, sequence 1, and decisions 0
2023-12-08T01:18:14.583+0800	DEBUG	bft/heartbeatmonitor.go:393	Last heartbeat from 1 was 0s ago
2023-12-08T01:18:15.584+0800	DEBUG	bft/heartbeatmonitor.go:393	Last heartbeat from 1 was 1.0009312s ago
2023-12-08T01:18:16.134+0800	DEBUG	bft/controller.go:322	7 got message from 1: <PrePrepare with view: 0, seq: 1, payload of 36 bytes, header: MEcCAQETABNAOGEwODhmZjIyZjkwNDAxMDI5MjBhMTk4N2Q1MjkyNDU4NjQxMzFlOTM5YTVkYzE4ZjFjOGJmNmYwMTg5MTU1OA==>
2023-12-08T01:18:16.134+0800	DEBUG	bft/controller.go:322	7 got message from 1: prepare:{seq:1 digest:"a68d00ead8c731ba9f1f20a7673d7a6605642b1fce7f6b2b938383670b4d0191"}
2023-12-08T01:18:16.134+0800	DEBUG	bft/heartbeatmonitor.go:255	Received heartbeat from 1, last heartbeat was 1.0009312s ago
2023-12-08T01:18:16.134+0800	DEBUG	bft/view.go:221	7 got message <PrePrepare with view: 0, seq: 1, payload of 36 bytes, header: MEcCAQETABNAOGEwODhmZjIyZjkwNDAxMDI5MjBhMTk4N2Q1MjkyNDU4NjQxMzFlOTM5YTVkYzE4ZjFjOGJmNmYwMTg5MTU1OA==> from 1 with seq 1
2023-12-08T01:18:16.134+0800	DEBUG	bft/heartbeatmonitor.go:255	Received heartbeat from 1, last heartbeat was 0s ago
2023-12-08T01:18:16.134+0800	DEBUG	bft/view.go:221	7 got message prepare:{seq:1 digest:"a68d00ead8c731ba9f1f20a7673d7a6605642b1fce7f6b2b938383670b4d0191"} from 1 with seq 1
2023-12-08T01:18:16.134+0800	DEBUG	bft/view.go:612	Previous proposal verification sequence: 0, current verification sequence: 0
2023-12-08T01:18:16.134+0800	DEBUG	bft/view.go:664	Previous proposal verification sequence: 0, current verification sequence: 0
2023-12-08T01:18:16.134+0800	DEBUG	bft/view.go:1076	Found 0 out of 4 required witnesses for auxiliary data
2023-12-08T01:18:16.134+0800	DEBUG	bft/util.go:438	view before: 0, current view: 0
2023-12-08T01:18:16.134+0800	DEBUG	bft/util.go:509	Blacklist empty, nothing to prune
2023-12-08T01:18:16.155+0800	DEBUG	bft/controller.go:322	7 got message from 2: prepare:{seq:1 digest:"a68d00ead8c731ba9f1f20a7673d7a6605642b1fce7f6b2b938383670b4d0191"}
2023-12-08T01:18:16.156+0800	DEBUG	bft/controller.go:322	7 got message from 5: prepare:{seq:1 digest:"a68d00ead8c731ba9f1f20a7673d7a6605642b1fce7f6b2b938383670b4d0191"}
2023-12-08T01:18:16.157+0800	DEBUG	bft/controller.go:322	7 got message from 9: prepare:{seq:1 digest:"a68d00ead8c731ba9f1f20a7673d7a6605642b1fce7f6b2b938383670b4d0191"}
2023-12-08T01:18:16.157+0800	DEBUG	bft/controller.go:322	7 got message from 3: prepare:{seq:1 digest:"a68d00ead8c731ba9f1f20a7673d7a6605642b1fce7f6b2b938383670b4d0191"}
2023-12-08T01:18:16.157+0800	DEBUG	bft/controller.go:322	7 got message from 6: prepare:{seq:1 digest:"a68d00ead8c731ba9f1f20a7673d7a6605642b1fce7f6b2b938383670b4d0191"}
2023-12-08T01:18:16.157+0800	DEBUG	bft/controller.go:322	7 got message from 10: prepare:{seq:1 digest:"a68d00ead8c731ba9f1f20a7673d7a6605642b1fce7f6b2b938383670b4d0191"}
2023-12-08T01:18:16.157+0800	DEBUG	bft/controller.go:322	7 got message from 8: prepare:{seq:1 digest:"a68d00ead8c731ba9f1f20a7673d7a6605642b1fce7f6b2b938383670b4d0191"}
2023-12-08T01:18:16.158+0800	DEBUG	wal/writeaheadlog.go:479	LogRecord appended successfully: total size=216, recordLength=201, dataCRC=A896862B; file=tmp\native_chain20231208011813\node7\0000000000000001.wal, new-offset=232
2023-12-08T01:18:16.158+0800	INFO	bft/view.go:424	Processed proposal with seq 1
2023-12-08T01:18:16.158+0800	DEBUG	bft/view.go:221	7 got message prepare:{seq:1 digest:"a68d00ead8c731ba9f1f20a7673d7a6605642b1fce7f6b2b938383670b4d0191"} from 2 with seq 1
2023-12-08T01:18:16.158+0800	DEBUG	bft/view.go:221	7 got message prepare:{seq:1 digest:"a68d00ead8c731ba9f1f20a7673d7a6605642b1fce7f6b2b938383670b4d0191"} from 5 with seq 1
2023-12-08T01:18:16.158+0800	DEBUG	bft/view.go:221	7 got message prepare:{seq:1 digest:"a68d00ead8c731ba9f1f20a7673d7a6605642b1fce7f6b2b938383670b4d0191"} from 9 with seq 1
2023-12-08T01:18:16.158+0800	DEBUG	bft/view.go:221	7 got message prepare:{seq:1 digest:"a68d00ead8c731ba9f1f20a7673d7a6605642b1fce7f6b2b938383670b4d0191"} from 3 with seq 1
2023-12-08T01:18:16.158+0800	DEBUG	bft/view.go:221	7 got message prepare:{seq:1 digest:"a68d00ead8c731ba9f1f20a7673d7a6605642b1fce7f6b2b938383670b4d0191"} from 6 with seq 1
2023-12-08T01:18:16.158+0800	DEBUG	bft/view.go:221	7 got message prepare:{seq:1 digest:"a68d00ead8c731ba9f1f20a7673d7a6605642b1fce7f6b2b938383670b4d0191"} from 10 with seq 1
2023-12-08T01:18:16.158+0800	DEBUG	bft/view.go:221	7 got message prepare:{seq:1 digest:"a68d00ead8c731ba9f1f20a7673d7a6605642b1fce7f6b2b938383670b4d0191"} from 8 with seq 1
2023-12-08T01:18:16.158+0800	INFO	bft/view.go:462	7 collected 6 prepares from [1 2 5 9 3 6]
2023-12-08T01:18:16.159+0800	DEBUG	bft/controller.go:322	7 got message from 4: prepare:{seq:1 digest:"a68d00ead8c731ba9f1f20a7673d7a6605642b1fce7f6b2b938383670b4d0191"}
2023-12-08T01:18:16.159+0800	DEBUG	bft/controller.go:322	7 got message from 10: commit:{seq:1 digest:"a68d00ead8c731ba9f1f20a7673d7a6605642b1fce7f6b2b938383670b4d0191" signature:{signer:10}}
2023-12-08T01:18:16.160+0800	DEBUG	bft/controller.go:322	7 got message from 8: commit:{seq:1 digest:"a68d00ead8c731ba9f1f20a7673d7a6605642b1fce7f6b2b938383670b4d0191" signature:{signer:8}}
2023-12-08T01:18:16.160+0800	DEBUG	bft/controller.go:322	7 got message from 2: commit:{seq:1 digest:"a68d00ead8c731ba9f1f20a7673d7a6605642b1fce7f6b2b938383670b4d0191" signature:{signer:2}}
2023-12-08T01:18:16.160+0800	DEBUG	bft/controller.go:322	7 got message from 1: commit:{seq:1 digest:"a68d00ead8c731ba9f1f20a7673d7a6605642b1fce7f6b2b938383670b4d0191" signature:{signer:1}}
2023-12-08T01:18:16.160+0800	DEBUG	bft/controller.go:322	7 got message from 3: commit:{seq:1 digest:"a68d00ead8c731ba9f1f20a7673d7a6605642b1fce7f6b2b938383670b4d0191" signature:{signer:3}}
2023-12-08T01:18:16.160+0800	DEBUG	bft/heartbeatmonitor.go:255	Received heartbeat from 1, last heartbeat was 0s ago
2023-12-08T01:18:16.161+0800	DEBUG	bft/controller.go:322	7 got message from 6: commit:{seq:1 digest:"a68d00ead8c731ba9f1f20a7673d7a6605642b1fce7f6b2b938383670b4d0191" signature:{signer:6}}
2023-12-08T01:18:16.161+0800	DEBUG	bft/controller.go:322	7 got message from 9: commit:{seq:1 digest:"a68d00ead8c731ba9f1f20a7673d7a6605642b1fce7f6b2b938383670b4d0191" signature:{signer:9}}
2023-12-08T01:18:16.161+0800	DEBUG	bft/controller.go:322	7 got message from 5: commit:{seq:1 digest:"a68d00ead8c731ba9f1f20a7673d7a6605642b1fce7f6b2b938383670b4d0191" signature:{signer:5}}
2023-12-08T01:18:16.161+0800	DEBUG	wal/writeaheadlog.go:479	LogRecord appended successfully: total size=88, recordLength=78, dataCRC=7A912A12; file=tmp\native_chain20231208011813\node7\0000000000000001.wal, new-offset=320
2023-12-08T01:18:16.161+0800	INFO	bft/view.go:514	Processed prepares for proposal with seq 1
2023-12-08T01:18:16.161+0800	DEBUG	bft/view.go:221	7 got message prepare:{seq:1 digest:"a68d00ead8c731ba9f1f20a7673d7a6605642b1fce7f6b2b938383670b4d0191"} from 4 with seq 1
2023-12-08T01:18:16.161+0800	DEBUG	bft/view.go:221	7 got message commit:{seq:1 digest:"a68d00ead8c731ba9f1f20a7673d7a6605642b1fce7f6b2b938383670b4d0191" signature:{signer:10}} from 10 with seq 1
2023-12-08T01:18:16.161+0800	DEBUG	bft/view.go:221	7 got message commit:{seq:1 digest:"a68d00ead8c731ba9f1f20a7673d7a6605642b1fce7f6b2b938383670b4d0191" signature:{signer:8}} from 8 with seq 1
2023-12-08T01:18:16.161+0800	DEBUG	bft/view.go:221	7 got message commit:{seq:1 digest:"a68d00ead8c731ba9f1f20a7673d7a6605642b1fce7f6b2b938383670b4d0191" signature:{signer:2}} from 2 with seq 1
2023-12-08T01:18:16.161+0800	DEBUG	bft/view.go:221	7 got message commit:{seq:1 digest:"a68d00ead8c731ba9f1f20a7673d7a6605642b1fce7f6b2b938383670b4d0191" signature:{signer:1}} from 1 with seq 1
2023-12-08T01:18:16.161+0800	DEBUG	bft/view.go:221	7 got message commit:{seq:1 digest:"a68d00ead8c731ba9f1f20a7673d7a6605642b1fce7f6b2b938383670b4d0191" signature:{signer:3}} from 3 with seq 1
2023-12-08T01:18:16.161+0800	DEBUG	bft/view.go:221	7 got message commit:{seq:1 digest:"a68d00ead8c731ba9f1f20a7673d7a6605642b1fce7f6b2b938383670b4d0191" signature:{signer:6}} from 6 with seq 1
2023-12-08T01:18:16.161+0800	DEBUG	bft/view.go:221	7 got message commit:{seq:1 digest:"a68d00ead8c731ba9f1f20a7673d7a6605642b1fce7f6b2b938383670b4d0191" signature:{signer:9}} from 9 with seq 1
2023-12-08T01:18:16.161+0800	DEBUG	bft/view.go:221	7 got message commit:{seq:1 digest:"a68d00ead8c731ba9f1f20a7673d7a6605642b1fce7f6b2b938383670b4d0191" signature:{signer:5}} from 5 with seq 1
2023-12-08T01:18:16.161+0800	INFO	bft/view.go:547	7 collected 6 commits from [5 8 2 10 6 3]
2023-12-08T01:18:16.161+0800	INFO	bft/view.go:334	7 processed commits for proposal with seq 1
2023-12-08T01:18:16.161+0800	DEBUG	bft/controller.go:322	7 got message from 3: commit:{seq:1 digest:"a68d00ead8c731ba9f1f20a7673d7a6605642b1fce7f6b2b938383670b4d0191" signature:{signer:3} assist:true}
2023-12-08T01:18:16.161+0800	DEBUG	bft/controller.go:322	7 got message from 2: commit:{seq:1 digest:"a68d00ead8c731ba9f1f20a7673d7a6605642b1fce7f6b2b938383670b4d0191" signature:{signer:2} assist:true}
2023-12-08T01:18:16.161+0800	DEBUG	bft/controller.go:322	7 got message from 8: commit:{seq:1 digest:"a68d00ead8c731ba9f1f20a7673d7a6605642b1fce7f6b2b938383670b4d0191" signature:{signer:8} assist:true}
2023-12-08T01:18:16.161+0800	DEBUG	bft/controller.go:322	7 got message from 10: commit:{seq:1 digest:"a68d00ead8c731ba9f1f20a7673d7a6605642b1fce7f6b2b938383670b4d0191" signature:{signer:10} assist:true}
2023-12-08T01:18:16.161+0800	DEBUG	bft/controller.go:322	7 got message from 5: commit:{seq:1 digest:"a68d00ead8c731ba9f1f20a7673d7a6605642b1fce7f6b2b938383670b4d0191" signature:{signer:5} assist:true}
2023-12-08T01:18:16.161+0800	INFO	bft/view.go:851	Deciding on seq 1
2023-12-08T01:18:16.162+0800	INFO	bft/view.go:870	Sequence: 1-->2
2023-12-08T01:18:16.161+0800	DEBUG	bft/controller.go:322	7 got message from 9: commit:{seq:1 digest:"a68d00ead8c731ba9f1f20a7673d7a6605642b1fce7f6b2b938383670b4d0191" signature:{signer:9} assist:true}
2023-12-08T01:18:16.162+0800	DEBUG	bft/controller.go:322	7 got message from 6: commit:{seq:1 digest:"a68d00ead8c731ba9f1f20a7673d7a6605642b1fce7f6b2b938383670b4d0191" signature:{signer:6} assist:true}
2023-12-08T01:18:16.162+0800	DEBUG	bft/controller.go:322	7 got message from 1: commit:{seq:1 digest:"a68d00ead8c731ba9f1f20a7673d7a6605642b1fce7f6b2b938383670b4d0191" signature:{signer:1} assist:true}
2023-12-08T01:18:16.162+0800	DEBUG	bft/controller.go:529	Delivering to app from Controller decide the last decision proposal
2023-12-08T01:18:16.162+0800	DEBUG	bft/heartbeatmonitor.go:255	Received heartbeat from 1, last heartbeat was 0s ago
2023-12-08T01:18:16.162+0800	DEBUG	bft/controller.go:534	Node 7 delivered proposal
2023-12-08T01:18:16.162+0800	DEBUG	bft/requestpool.go:374	request {alice tx1} is not in the pool at remove time
2023-12-08T01:18:16.162+0800	DEBUG	bft/controller.go:906	Request {alice tx1} wasn't found in the pool : request {alice tx1} is not in the pool at remove time
2023-12-08T01:18:16.162+0800	DEBUG	bft/requestpool.go:374	request {alice tx2} is not in the pool at remove time
2023-12-08T01:18:16.162+0800	DEBUG	bft/controller.go:906	Request {alice tx2} wasn't found in the pool : request {alice tx2} is not in the pool at remove time
2023-12-08T01:18:16.162+0800	DEBUG	bft/controller.go:322	7 got message from 4: commit:{seq:1 digest:"a68d00ead8c731ba9f1f20a7673d7a6605642b1fce7f6b2b938383670b4d0191" signature:{signer:4}}
2023-12-08T01:18:16.162+0800	DEBUG	bft/controller.go:563	view(0) + (decisionsInView(1) / decisionsPerLeader(3)), N(10), blacklist([])
2023-12-08T01:18:16.162+0800	DEBUG	bft/view.go:754	Got commit for previous sequence (1) from 4, sent back previous commit.
2023-12-08T01:18:16.590+0800	DEBUG	bft/heartbeatmonitor.go:393	Last heartbeat from 1 was 1.00608s ago
2023-12-08T01:18:17.147+0800	DEBUG	bft/controller.go:322	7 got message from 1: <PrePrepare with view: 0, seq: 2, payload of 36 bytes, header: MEcCAQITABNAMGI2YWFmMTA3Nzc3YzUyOWY2MmVhZmNhODU3MjdkNWI1YzgwYmFhMDBlYjQxYWQwNGMxMGVkOGRlOGMyMTMxZg==>
2023-12-08T01:18:17.147+0800	DEBUG	bft/view.go:221	7 got message <PrePrepare with view: 0, seq: 2, payload of 36 bytes, header: MEcCAQITABNAMGI2YWFmMTA3Nzc3YzUyOWY2MmVhZmNhODU3MjdkNWI1YzgwYmFhMDBlYjQxYWQwNGMxMGVkOGRlOGMyMTMxZg==> from 1 with seq 2
2023-12-08T01:18:17.147+0800	DEBUG	bft/heartbeatmonitor.go:255	Received heartbeat from 1, last heartbeat was 1.00608s ago
2023-12-08T01:18:17.147+0800	DEBUG	bft/view.go:612	Previous proposal verification sequence: 0, current verification sequence: 0
2023-12-08T01:18:17.147+0800	DEBUG	bft/controller.go:322	7 got message from 1: prepare:{seq:2 digest:"3a63a171fe382ab9fec84c13e4bb61cd156e976f4833b71f26694f3aab2a61a6"}
2023-12-08T01:18:17.147+0800	DEBUG	bft/view.go:664	Previous proposal verification sequence: 0, current verification sequence: 0
2023-12-08T01:18:17.147+0800	DEBUG	bft/view.go:1076	Found 0 out of 4 required witnesses for auxiliary data
2023-12-08T01:18:17.147+0800	DEBUG	bft/heartbeatmonitor.go:255	Received heartbeat from 1, last heartbeat was 0s ago
2023-12-08T01:18:17.147+0800	DEBUG	bft/util.go:438	view before: 0, current view: 0
2023-12-08T01:18:17.147+0800	DEBUG	bft/util.go:509	Blacklist empty, nothing to prune
2023-12-08T01:18:17.159+0800	DEBUG	wal/writeaheadlog.go:479	LogRecord appended successfully: total size=280, recordLength=267, dataCRC=72B96BE7; file=tmp\native_chain20231208011813\node7\0000000000000001.wal, new-offset=600
2023-12-08T01:18:17.159+0800	INFO	bft/view.go:424	Processed proposal with seq 2
2023-12-08T01:18:17.159+0800	DEBUG	bft/view.go:221	7 got message prepare:{seq:2 digest:"3a63a171fe382ab9fec84c13e4bb61cd156e976f4833b71f26694f3aab2a61a6"} from 1 with seq 2
2023-12-08T01:18:17.160+0800	DEBUG	bft/controller.go:322	7 got message from 2: prepare:{seq:2 digest:"3a63a171fe382ab9fec84c13e4bb61cd156e976f4833b71f26694f3aab2a61a6"}
2023-12-08T01:18:17.160+0800	DEBUG	bft/view.go:221	7 got message prepare:{seq:2 digest:"3a63a171fe382ab9fec84c13e4bb61cd156e976f4833b71f26694f3aab2a61a6"} from 2 with seq 2
2023-12-08T01:18:17.160+0800	DEBUG	bft/controller.go:322	7 got message from 5: prepare:{seq:2 digest:"3a63a171fe382ab9fec84c13e4bb61cd156e976f4833b71f26694f3aab2a61a6"}
2023-12-08T01:18:17.160+0800	DEBUG	bft/view.go:221	7 got message prepare:{seq:2 digest:"3a63a171fe382ab9fec84c13e4bb61cd156e976f4833b71f26694f3aab2a61a6"} from 5 with seq 2
2023-12-08T01:18:17.160+0800	DEBUG	bft/controller.go:322	7 got message from 6: prepare:{seq:2 digest:"3a63a171fe382ab9fec84c13e4bb61cd156e976f4833b71f26694f3aab2a61a6"}
2023-12-08T01:18:17.160+0800	DEBUG	bft/controller.go:322	7 got message from 10: prepare:{seq:2 digest:"3a63a171fe382ab9fec84c13e4bb61cd156e976f4833b71f26694f3aab2a61a6"}
2023-12-08T01:18:17.160+0800	DEBUG	bft/view.go:221	7 got message prepare:{seq:2 digest:"3a63a171fe382ab9fec84c13e4bb61cd156e976f4833b71f26694f3aab2a61a6"} from 6 with seq 2
2023-12-08T01:18:17.160+0800	DEBUG	bft/controller.go:322	7 got message from 9: prepare:{seq:2 digest:"3a63a171fe382ab9fec84c13e4bb61cd156e976f4833b71f26694f3aab2a61a6"}
2023-12-08T01:18:17.160+0800	DEBUG	bft/controller.go:322	7 got message from 3: prepare:{seq:2 digest:"3a63a171fe382ab9fec84c13e4bb61cd156e976f4833b71f26694f3aab2a61a6"}
2023-12-08T01:18:17.160+0800	DEBUG	bft/view.go:221	7 got message prepare:{seq:2 digest:"3a63a171fe382ab9fec84c13e4bb61cd156e976f4833b71f26694f3aab2a61a6"} from 10 with seq 2
2023-12-08T01:18:17.160+0800	DEBUG	bft/view.go:221	7 got message prepare:{seq:2 digest:"3a63a171fe382ab9fec84c13e4bb61cd156e976f4833b71f26694f3aab2a61a6"} from 9 with seq 2
2023-12-08T01:18:17.160+0800	INFO	bft/view.go:462	7 collected 6 prepares from [1 2 5 6 10 9]
2023-12-08T01:18:17.160+0800	DEBUG	bft/controller.go:322	7 got message from 4: prepare:{seq:2 digest:"3a63a171fe382ab9fec84c13e4bb61cd156e976f4833b71f26694f3aab2a61a6"}
2023-12-08T01:18:17.161+0800	DEBUG	bft/controller.go:322	7 got message from 8: prepare:{seq:2 digest:"3a63a171fe382ab9fec84c13e4bb61cd156e976f4833b71f26694f3aab2a61a6"}
2023-12-08T01:18:17.161+0800	DEBUG	bft/controller.go:322	7 got message from 10: commit:{seq:2 digest:"3a63a171fe382ab9fec84c13e4bb61cd156e976f4833b71f26694f3aab2a61a6" signature:{signer:10}}
2023-12-08T01:18:17.162+0800	DEBUG	bft/controller.go:322	7 got message from 3: commit:{seq:2 digest:"3a63a171fe382ab9fec84c13e4bb61cd156e976f4833b71f26694f3aab2a61a6" signature:{signer:3}}
2023-12-08T01:18:17.162+0800	DEBUG	bft/controller.go:322	7 got message from 6: commit:{seq:2 digest:"3a63a171fe382ab9fec84c13e4bb61cd156e976f4833b71f26694f3aab2a61a6" signature:{signer:6}}
2023-12-08T01:18:17.162+0800	DEBUG	wal/writeaheadlog.go:479	LogRecord appended successfully: total size=88, recordLength=78, dataCRC=E62CDE00; file=tmp\native_chain20231208011813\node7\0000000000000001.wal, new-offset=688
2023-12-08T01:18:17.163+0800	INFO	bft/view.go:514	Processed prepares for proposal with seq 2
2023-12-08T01:18:17.163+0800	DEBUG	bft/view.go:221	7 got message prepare:{seq:2 digest:"3a63a171fe382ab9fec84c13e4bb61cd156e976f4833b71f26694f3aab2a61a6"} from 3 with seq 2
2023-12-08T01:18:17.163+0800	DEBUG	bft/view.go:221	7 got message prepare:{seq:2 digest:"3a63a171fe382ab9fec84c13e4bb61cd156e976f4833b71f26694f3aab2a61a6"} from 4 with seq 2
2023-12-08T01:18:17.163+0800	DEBUG	bft/view.go:221	7 got message prepare:{seq:2 digest:"3a63a171fe382ab9fec84c13e4bb61cd156e976f4833b71f26694f3aab2a61a6"} from 8 with seq 2
2023-12-08T01:18:17.163+0800	DEBUG	bft/view.go:221	7 got message commit:{seq:2 digest:"3a63a171fe382ab9fec84c13e4bb61cd156e976f4833b71f26694f3aab2a61a6" signature:{signer:10}} from 10 with seq 2
2023-12-08T01:18:17.163+0800	DEBUG	bft/view.go:221	7 got message commit:{seq:2 digest:"3a63a171fe382ab9fec84c13e4bb61cd156e976f4833b71f26694f3aab2a61a6" signature:{signer:3}} from 3 with seq 2
2023-12-08T01:18:17.163+0800	DEBUG	bft/view.go:221	7 got message commit:{seq:2 digest:"3a63a171fe382ab9fec84c13e4bb61cd156e976f4833b71f26694f3aab2a61a6" signature:{signer:6}} from 6 with seq 2
2023-12-08T01:18:17.163+0800	DEBUG	bft/controller.go:322	7 got message from 9: commit:{seq:2 digest:"3a63a171fe382ab9fec84c13e4bb61cd156e976f4833b71f26694f3aab2a61a6" signature:{signer:9}}
2023-12-08T01:18:17.163+0800	DEBUG	bft/controller.go:322	7 got message from 5: commit:{seq:2 digest:"3a63a171fe382ab9fec84c13e4bb61cd156e976f4833b71f26694f3aab2a61a6" signature:{signer:5}}
2023-12-08T01:18:17.163+0800	DEBUG	bft/view.go:221	7 got message commit:{seq:2 digest:"3a63a171fe382ab9fec84c13e4bb61cd156e976f4833b71f26694f3aab2a61a6" signature:{signer:9}} from 9 with seq 2
2023-12-08T01:18:17.163+0800	DEBUG	bft/controller.go:322	7 got message from 1: commit:{seq:2 digest:"3a63a171fe382ab9fec84c13e4bb61cd156e976f4833b71f26694f3aab2a61a6" signature:{signer:1}}
2023-12-08T01:18:17.163+0800	DEBUG	bft/view.go:221	7 got message commit:{seq:2 digest:"3a63a171fe382ab9fec84c13e4bb61cd156e976f4833b71f26694f3aab2a61a6" signature:{signer:5}} from 5 with seq 2
2023-12-08T01:18:17.163+0800	DEBUG	bft/controller.go:322	7 got message from 2: commit:{seq:2 digest:"3a63a171fe382ab9fec84c13e4bb61cd156e976f4833b71f26694f3aab2a61a6" signature:{signer:2}}
2023-12-08T01:18:17.163+0800	DEBUG	bft/view.go:221	7 got message commit:{seq:2 digest:"3a63a171fe382ab9fec84c13e4bb61cd156e976f4833b71f26694f3aab2a61a6" signature:{signer:1}} from 1 with seq 2
2023-12-08T01:18:17.163+0800	DEBUG	bft/heartbeatmonitor.go:255	Received heartbeat from 1, last heartbeat was 0s ago
2023-12-08T01:18:17.163+0800	DEBUG	bft/view.go:221	7 got message commit:{seq:2 digest:"3a63a171fe382ab9fec84c13e4bb61cd156e976f4833b71f26694f3aab2a61a6" signature:{signer:2}} from 2 with seq 2
2023-12-08T01:18:17.163+0800	INFO	bft/view.go:547	7 collected 6 commits from [6 10 3 9 5 1]
2023-12-08T01:18:17.163+0800	INFO	bft/view.go:334	7 processed commits for proposal with seq 2
2023-12-08T01:18:17.163+0800	INFO	bft/view.go:851	Deciding on seq 2
2023-12-08T01:18:17.163+0800	INFO	bft/view.go:870	Sequence: 2-->3
2023-12-08T01:18:17.163+0800	DEBUG	bft/controller.go:529	Delivering to app from Controller decide the last decision proposal
2023-12-08T01:18:17.163+0800	DEBUG	bft/controller.go:534	Node 7 delivered proposal
2023-12-08T01:18:17.163+0800	DEBUG	bft/requestpool.go:374	request {alice tx3} is not in the pool at remove time
2023-12-08T01:18:17.163+0800	DEBUG	bft/controller.go:906	Request {alice tx3} wasn't found in the pool : request {alice tx3} is not in the pool at remove time
2023-12-08T01:18:17.163+0800	DEBUG	bft/requestpool.go:374	request {alice tx4} is not in the pool at remove time
2023-12-08T01:18:17.163+0800	DEBUG	bft/controller.go:906	Request {alice tx4} wasn't found in the pool : request {alice tx4} is not in the pool at remove time
2023-12-08T01:18:17.163+0800	DEBUG	bft/controller.go:563	view(0) + (decisionsInView(2) / decisionsPerLeader(3)), N(10), blacklist([])
2023-12-08T01:18:17.163+0800	DEBUG	bft/controller.go:322	7 got message from 8: commit:{seq:2 digest:"3a63a171fe382ab9fec84c13e4bb61cd156e976f4833b71f26694f3aab2a61a6" signature:{signer:8}}
2023-12-08T01:18:17.163+0800	DEBUG	bft/view.go:754	Got commit for previous sequence (2) from 8, sent back previous commit.
2023-12-08T01:18:17.164+0800	DEBUG	bft/controller.go:322	7 got message from 4: commit:{seq:2 digest:"3a63a171fe382ab9fec84c13e4bb61cd156e976f4833b71f26694f3aab2a61a6" signature:{signer:4}}
2023-12-08T01:18:17.164+0800	DEBUG	bft/view.go:754	Got commit for previous sequence (2) from 4, sent back previous commit.
2023-12-08T01:18:17.590+0800	DEBUG	bft/heartbeatmonitor.go:393	Last heartbeat from 1 was 1.0005473s ago
2023-12-08T01:18:18.142+0800	DEBUG	bft/controller.go:322	7 got message from 1: <PrePrepare with view: 0, seq: 3, payload of 36 bytes, header: MEcCAQMTABNAZmQ0YmU0M2Q2Y2I2MDY2Zjg2NDkzNDIzMzMxZmM1ZTY3ODM1ZmFjYzM5M2RkYTdjMGNiOTEyNzQ1ZmZjNjM3ZA==>
2023-12-08T01:18:18.142+0800	DEBUG	bft/controller.go:322	7 got message from 1: prepare:{seq:3 digest:"8cf24bc787e1a544bd54ee759053c69c89cd9ce65317cc67dedb839212f378eb"}
2023-12-08T01:18:18.142+0800	DEBUG	bft/view.go:221	7 got message <PrePrepare with view: 0, seq: 3, payload of 36 bytes, header: MEcCAQMTABNAZmQ0YmU0M2Q2Y2I2MDY2Zjg2NDkzNDIzMzMxZmM1ZTY3ODM1ZmFjYzM5M2RkYTdjMGNiOTEyNzQ1ZmZjNjM3ZA==> from 1 with seq 3
2023-12-08T01:18:18.142+0800	DEBUG	bft/heartbeatmonitor.go:255	Received heartbeat from 1, last heartbeat was 1.0005473s ago
2023-12-08T01:18:18.142+0800	DEBUG	bft/view.go:221	7 got message prepare:{seq:3 digest:"8cf24bc787e1a544bd54ee759053c69c89cd9ce65317cc67dedb839212f378eb"} from 1 with seq 3
2023-12-08T01:18:18.142+0800	DEBUG	bft/heartbeatmonitor.go:255	Received heartbeat from 1, last heartbeat was 0s ago
2023-12-08T01:18:18.142+0800	DEBUG	bft/view.go:612	Previous proposal verification sequence: 0, current verification sequence: 0
2023-12-08T01:18:18.142+0800	DEBUG	bft/view.go:664	Previous proposal verification sequence: 0, current verification sequence: 0
2023-12-08T01:18:18.142+0800	DEBUG	bft/view.go:1076	Found 0 out of 4 required witnesses for auxiliary data
2023-12-08T01:18:18.142+0800	DEBUG	bft/util.go:438	view before: 0, current view: 0
2023-12-08T01:18:18.142+0800	DEBUG	bft/util.go:509	Blacklist empty, nothing to prune
2023-12-08T01:18:18.144+0800	DEBUG	bft/controller.go:322	7 got message from 9: prepare:{seq:3 digest:"8cf24bc787e1a544bd54ee759053c69c89cd9ce65317cc67dedb839212f378eb"}
2023-12-08T01:18:18.144+0800	DEBUG	bft/controller.go:322	7 got message from 5: prepare:{seq:3 digest:"8cf24bc787e1a544bd54ee759053c69c89cd9ce65317cc67dedb839212f378eb"}
2023-12-08T01:18:18.144+0800	DEBUG	bft/controller.go:322	7 got message from 2: prepare:{seq:3 digest:"8cf24bc787e1a544bd54ee759053c69c89cd9ce65317cc67dedb839212f378eb"}
2023-12-08T01:18:18.145+0800	DEBUG	bft/controller.go:322	7 got message from 10: prepare:{seq:3 digest:"8cf24bc787e1a544bd54ee759053c69c89cd9ce65317cc67dedb839212f378eb"}
2023-12-08T01:18:18.145+0800	DEBUG	wal/writeaheadlog.go:479	LogRecord appended successfully: total size=280, recordLength=267, dataCRC=5D3FA133; file=tmp\native_chain20231208011813\node7\0000000000000001.wal, new-offset=968
2023-12-08T01:18:18.145+0800	INFO	bft/view.go:424	Processed proposal with seq 3
2023-12-08T01:18:18.145+0800	DEBUG	bft/view.go:221	7 got message prepare:{seq:3 digest:"8cf24bc787e1a544bd54ee759053c69c89cd9ce65317cc67dedb839212f378eb"} from 9 with seq 3
2023-12-08T01:18:18.145+0800	DEBUG	bft/view.go:221	7 got message prepare:{seq:3 digest:"8cf24bc787e1a544bd54ee759053c69c89cd9ce65317cc67dedb839212f378eb"} from 5 with seq 3
2023-12-08T01:18:18.145+0800	DEBUG	bft/view.go:221	7 got message prepare:{seq:3 digest:"8cf24bc787e1a544bd54ee759053c69c89cd9ce65317cc67dedb839212f378eb"} from 2 with seq 3
2023-12-08T01:18:18.145+0800	DEBUG	bft/view.go:221	7 got message prepare:{seq:3 digest:"8cf24bc787e1a544bd54ee759053c69c89cd9ce65317cc67dedb839212f378eb"} from 10 with seq 3
2023-12-08T01:18:18.145+0800	DEBUG	bft/controller.go:322	7 got message from 8: prepare:{seq:3 digest:"8cf24bc787e1a544bd54ee759053c69c89cd9ce65317cc67dedb839212f378eb"}
2023-12-08T01:18:18.145+0800	DEBUG	bft/view.go:221	7 got message prepare:{seq:3 digest:"8cf24bc787e1a544bd54ee759053c69c89cd9ce65317cc67dedb839212f378eb"} from 8 with seq 3
2023-12-08T01:18:18.145+0800	INFO	bft/view.go:462	7 collected 6 prepares from [1 9 5 2 10 8]
2023-12-08T01:18:18.145+0800	DEBUG	bft/controller.go:322	7 got message from 4: prepare:{seq:3 digest:"8cf24bc787e1a544bd54ee759053c69c89cd9ce65317cc67dedb839212f378eb"}
2023-12-08T01:18:18.146+0800	DEBUG	bft/controller.go:322	7 got message from 6: prepare:{seq:3 digest:"8cf24bc787e1a544bd54ee759053c69c89cd9ce65317cc67dedb839212f378eb"}
2023-12-08T01:18:18.145+0800	DEBUG	bft/controller.go:322	7 got message from 3: prepare:{seq:3 digest:"8cf24bc787e1a544bd54ee759053c69c89cd9ce65317cc67dedb839212f378eb"}
2023-12-08T01:18:18.146+0800	DEBUG	bft/controller.go:322	7 got message from 8: commit:{seq:3 digest:"8cf24bc787e1a544bd54ee759053c69c89cd9ce65317cc67dedb839212f378eb" signature:{signer:8}}
2023-12-08T01:18:18.147+0800	DEBUG	bft/controller.go:322	7 got message from 10: commit:{seq:3 digest:"8cf24bc787e1a544bd54ee759053c69c89cd9ce65317cc67dedb839212f378eb" signature:{signer:10}}
2023-12-08T01:18:18.147+0800	DEBUG	bft/controller.go:322	7 got message from 6: commit:{seq:3 digest:"8cf24bc787e1a544bd54ee759053c69c89cd9ce65317cc67dedb839212f378eb" signature:{signer:6}}
2023-12-08T01:18:18.147+0800	DEBUG	wal/writeaheadlog.go:479	LogRecord appended successfully: total size=88, recordLength=78, dataCRC=7182D48E; file=tmp\native_chain20231208011813\node7\0000000000000001.wal, new-offset=1056
2023-12-08T01:18:18.147+0800	INFO	bft/view.go:514	Processed prepares for proposal with seq 3
2023-12-08T01:18:18.147+0800	DEBUG	bft/view.go:221	7 got message prepare:{seq:3 digest:"8cf24bc787e1a544bd54ee759053c69c89cd9ce65317cc67dedb839212f378eb"} from 4 with seq 3
2023-12-08T01:18:18.147+0800	DEBUG	bft/view.go:221	7 got message prepare:{seq:3 digest:"8cf24bc787e1a544bd54ee759053c69c89cd9ce65317cc67dedb839212f378eb"} from 6 with seq 3
2023-12-08T01:18:18.147+0800	DEBUG	bft/view.go:221	7 got message prepare:{seq:3 digest:"8cf24bc787e1a544bd54ee759053c69c89cd9ce65317cc67dedb839212f378eb"} from 3 with seq 3
2023-12-08T01:18:18.147+0800	DEBUG	bft/view.go:221	7 got message commit:{seq:3 digest:"8cf24bc787e1a544bd54ee759053c69c89cd9ce65317cc67dedb839212f378eb" signature:{signer:8}} from 8 with seq 3
2023-12-08T01:18:18.147+0800	DEBUG	bft/view.go:221	7 got message commit:{seq:3 digest:"8cf24bc787e1a544bd54ee759053c69c89cd9ce65317cc67dedb839212f378eb" signature:{signer:10}} from 10 with seq 3
2023-12-08T01:18:18.147+0800	DEBUG	bft/view.go:221	7 got message commit:{seq:3 digest:"8cf24bc787e1a544bd54ee759053c69c89cd9ce65317cc67dedb839212f378eb" signature:{signer:6}} from 6 with seq 3
2023-12-08T01:18:18.147+0800	DEBUG	bft/controller.go:322	7 got message from 4: commit:{seq:3 digest:"8cf24bc787e1a544bd54ee759053c69c89cd9ce65317cc67dedb839212f378eb" signature:{signer:4}}
2023-12-08T01:18:18.147+0800	DEBUG	bft/view.go:221	7 got message commit:{seq:3 digest:"8cf24bc787e1a544bd54ee759053c69c89cd9ce65317cc67dedb839212f378eb" signature:{signer:4}} from 4 with seq 3
2023-12-08T01:18:18.147+0800	DEBUG	bft/controller.go:322	7 got message from 1: commit:{seq:3 digest:"8cf24bc787e1a544bd54ee759053c69c89cd9ce65317cc67dedb839212f378eb" signature:{signer:1}}
2023-12-08T01:18:18.147+0800	DEBUG	bft/controller.go:322	7 got message from 9: commit:{seq:3 digest:"8cf24bc787e1a544bd54ee759053c69c89cd9ce65317cc67dedb839212f378eb" signature:{signer:9}}
2023-12-08T01:18:18.147+0800	DEBUG	bft/view.go:221	7 got message commit:{seq:3 digest:"8cf24bc787e1a544bd54ee759053c69c89cd9ce65317cc67dedb839212f378eb" signature:{signer:1}} from 1 with seq 3
2023-12-08T01:18:18.147+0800	DEBUG	bft/controller.go:322	7 got message from 5: commit:{seq:3 digest:"8cf24bc787e1a544bd54ee759053c69c89cd9ce65317cc67dedb839212f378eb" signature:{signer:5}}
2023-12-08T01:18:18.147+0800	DEBUG	bft/heartbeatmonitor.go:255	Received heartbeat from 1, last heartbeat was 0s ago
2023-12-08T01:18:18.147+0800	DEBUG	bft/view.go:221	7 got message commit:{seq:3 digest:"8cf24bc787e1a544bd54ee759053c69c89cd9ce65317cc67dedb839212f378eb" signature:{signer:9}} from 9 with seq 3
2023-12-08T01:18:18.147+0800	DEBUG	bft/view.go:221	7 got message commit:{seq:3 digest:"8cf24bc787e1a544bd54ee759053c69c89cd9ce65317cc67dedb839212f378eb" signature:{signer:5}} from 5 with seq 3
2023-12-08T01:18:18.148+0800	INFO	bft/view.go:547	7 collected 6 commits from [6 4 1 8 10 5]
2023-12-08T01:18:18.147+0800	DEBUG	bft/controller.go:322	7 got message from 3: commit:{seq:3 digest:"8cf24bc787e1a544bd54ee759053c69c89cd9ce65317cc67dedb839212f378eb" signature:{signer:3}}
2023-12-08T01:18:18.147+0800	DEBUG	bft/controller.go:322	7 got message from 2: commit:{seq:3 digest:"8cf24bc787e1a544bd54ee759053c69c89cd9ce65317cc67dedb839212f378eb" signature:{signer:2}}
2023-12-08T01:18:18.148+0800	INFO	bft/view.go:334	7 processed commits for proposal with seq 3
2023-12-08T01:18:18.148+0800	INFO	bft/view.go:851	Deciding on seq 3
2023-12-08T01:18:18.148+0800	INFO	bft/view.go:870	Sequence: 3-->4
2023-12-08T01:18:18.148+0800	DEBUG	bft/controller.go:529	Delivering to app from Controller decide the last decision proposal
2023-12-08T01:18:18.148+0800	DEBUG	bft/controller.go:534	Node 7 delivered proposal
2023-12-08T01:18:18.148+0800	DEBUG	bft/requestpool.go:374	request {alice tx5} is not in the pool at remove time
2023-12-08T01:18:18.148+0800	DEBUG	bft/controller.go:906	Request {alice tx5} wasn't found in the pool : request {alice tx5} is not in the pool at remove time
2023-12-08T01:18:18.148+0800	DEBUG	bft/requestpool.go:374	request {alice tx6} is not in the pool at remove time
2023-12-08T01:18:18.148+0800	DEBUG	bft/controller.go:906	Request {alice tx6} wasn't found in the pool : request {alice tx6} is not in the pool at remove time
2023-12-08T01:18:18.148+0800	DEBUG	bft/controller.go:563	view(0) + (decisionsInView(3) / decisionsPerLeader(3)), N(10), blacklist([])
2023-12-08T01:18:18.148+0800	DEBUG	bft/view.go:754	Got commit for previous sequence (3) from 3, sent back previous commit.
2023-12-08T01:18:18.148+0800	INFO	bft/controller.go:570	Rotating leader from 1 to 2
2023-12-08T01:18:18.148+0800	DEBUG	bft/view.go:754	Got commit for previous sequence (3) from 2, sent back previous commit.
2023-12-08T01:18:18.148+0800	DEBUG	bft/controller.go:549	Restarting view to rotate the leader
2023-12-08T01:18:18.148+0800	DEBUG	bft/controller.go:430	view for abort 0, current view 0
2023-12-08T01:18:18.148+0800	DEBUG	bft/controller.go:442	Aborting current view with number 0
2023-12-08T01:18:18.148+0800	DEBUG	bft/controller.go:322	7 got message from 6: commit:{seq:2 digest:"3a63a171fe382ab9fec84c13e4bb61cd156e976f4833b71f26694f3aab2a61a6" signature:{signer:6} assist:true}
2023-12-08T01:18:18.148+0800	DEBUG	bft/controller.go:420	Starting view after setting decisions in view to 3
2023-12-08T01:18:18.148+0800	DEBUG	bft/controller.go:322	7 got message from 4: commit:{seq:2 digest:"3a63a171fe382ab9fec84c13e4bb61cd156e976f4833b71f26694f3aab2a61a6" signature:{signer:4} assist:true}
2023-12-08T01:18:18.148+0800	INFO	bft/heartbeatmonitor.go:185	Changing to follower role, current view: 0, current leader: 2
2023-12-08T01:18:18.148+0800	INFO	bft/controller.go:395	Starting view with number 0, sequence 4, and decisions 3
2023-12-08T01:18:18.148+0800	DEBUG	bft/view.go:221	7 got message commit:{seq:2 digest:"3a63a171fe382ab9fec84c13e4bb61cd156e976f4833b71f26694f3aab2a61a6" signature:{signer:4} assist:true} from 4 with seq 2
2023-12-08T01:18:18.148+0800	WARN	bft/view.go:224	7 got message from 4 with sequence 2 but our sequence is 4
2023-12-08T01:18:18.148+0800	DEBUG	bft/controller.go:551	Restarting timers in request pool due to leader rotation
2023-12-08T01:18:18.148+0800	DEBUG	bft/requestpool.go:481	Restarted all timers: size=0
2023-12-08T01:18:18.148+0800	DEBUG	bft/view.go:775	Got commit of seq 2 in view 0 from 4 while being in seq 4 in view 0
2023-12-08T01:18:18.157+0800	DEBUG	consensus/consensus.go:89	Detected a reconfig in sync
2023-12-08T01:18:18.157+0800	DEBUG	consensus/consensus.go:187	Starting reconfig
2023-12-08T01:18:18.157+0800	DEBUG	bft/requestpool.go:459	Stopped all timers: size=0
2023-12-08T01:18:18.157+0800	INFO	bft/controller.go:493	Exiting
2023-12-08T01:18:18.157+0800	INFO	consensus/consensus.go:205	Evicted in reconfiguration, shutting down
2023-12-08T01:18:18.157+0800	INFO	consensus/consensus.go:169	Exiting
