2023-12-08T01:18:13.567+0800	DEBUG	wal/writeaheadlog.go:749	CRC-Anchor DEED0001 written to file: tmp\native_chain20231208011813\node4\0000000000000001.wal, at offset 0, size=16
2023-12-08T01:18:13.568+0800	INFO	wal/writeaheadlog.go:192	Write-Ahead-Log created successfully, mode: WRITE, dir: tmp\native_chain20231208011813\node4
2023-12-08T01:18:13.568+0800	DEBUG	consensus/consensus.go:153	Application started with view 0, seq 0, and decisions 0
2023-12-08T01:18:13.568+0800	INFO	bft/state.go:99	Nothing to restore
2023-12-08T01:18:13.568+0800	DEBUG	consensus/consensus.go:480	No view change to restore
2023-12-08T01:18:13.568+0800	INFO	bft/state.go:80	Nothing to restore
2023-12-08T01:18:13.568+0800	DEBUG	consensus/consensus.go:495	No new view to restore
2023-12-08T01:18:13.568+0800	DEBUG	bft/controller.go:793	Starting controller with view 0, sequence 1, and decisions 0
2023-12-08T01:18:13.568+0800	DEBUG	bft/controller.go:805	The number of nodes (N) is 10, F is 3, and the quorum size is 7
2023-12-08T01:18:13.568+0800	INFO	bft/state.go:121	Nothing to restore
2023-12-08T01:18:13.568+0800	INFO	bft/heartbeatmonitor.go:185	Changing to follower role, current view: 0, current leader: 1
2023-12-08T01:18:13.568+0800	INFO	bft/controller.go:395	Starting view with number 0, sequence 1, and decisions 0
2023-12-08T01:18:14.583+0800	DEBUG	bft/heartbeatmonitor.go:393	Last heartbeat from 1 was 0s ago
2023-12-08T01:18:15.568+0800	DEBUG	bft/heartbeatmonitor.go:393	Last heartbeat from 1 was 985.3847ms ago
2023-12-08T01:18:16.133+0800	DEBUG	bft/controller.go:322	4 got message from 1: <PrePrepare with view: 0, seq: 1, payload of 36 bytes, header: MEcCAQETABNAOGEwODhmZjIyZjkwNDAxMDI5MjBhMTk4N2Q1MjkyNDU4NjQxMzFlOTM5YTVkYzE4ZjFjOGJmNmYwMTg5MTU1OA==>
2023-12-08T01:18:16.134+0800	DEBUG	bft/controller.go:322	4 got message from 1: prepare:{seq:1 digest:"a68d00ead8c731ba9f1f20a7673d7a6605642b1fce7f6b2b938383670b4d0191"}
2023-12-08T01:18:16.134+0800	DEBUG	bft/heartbeatmonitor.go:255	Received heartbeat from 1, last heartbeat was 985.3847ms ago
2023-12-08T01:18:16.134+0800	DEBUG	bft/heartbeatmonitor.go:255	Received heartbeat from 1, last heartbeat was 0s ago
2023-12-08T01:18:16.134+0800	DEBUG	bft/view.go:221	4 got message <PrePrepare with view: 0, seq: 1, payload of 36 bytes, header: MEcCAQETABNAOGEwODhmZjIyZjkwNDAxMDI5MjBhMTk4N2Q1MjkyNDU4NjQxMzFlOTM5YTVkYzE4ZjFjOGJmNmYwMTg5MTU1OA==> from 1 with seq 1
2023-12-08T01:18:16.134+0800	DEBUG	bft/view.go:612	Previous proposal verification sequence: 0, current verification sequence: 0
2023-12-08T01:18:16.134+0800	DEBUG	bft/view.go:664	Previous proposal verification sequence: 0, current verification sequence: 0
2023-12-08T01:18:16.134+0800	DEBUG	bft/view.go:1076	Found 0 out of 4 required witnesses for auxiliary data
2023-12-08T01:18:16.134+0800	DEBUG	bft/util.go:438	view before: 0, current view: 0
2023-12-08T01:18:16.134+0800	DEBUG	bft/util.go:509	Blacklist empty, nothing to prune
2023-12-08T01:18:16.155+0800	DEBUG	bft/controller.go:322	4 got message from 2: prepare:{seq:1 digest:"a68d00ead8c731ba9f1f20a7673d7a6605642b1fce7f6b2b938383670b4d0191"}
2023-12-08T01:18:16.156+0800	DEBUG	bft/controller.go:322	4 got message from 5: prepare:{seq:1 digest:"a68d00ead8c731ba9f1f20a7673d7a6605642b1fce7f6b2b938383670b4d0191"}
2023-12-08T01:18:16.157+0800	DEBUG	bft/controller.go:322	4 got message from 9: prepare:{seq:1 digest:"a68d00ead8c731ba9f1f20a7673d7a6605642b1fce7f6b2b938383670b4d0191"}
2023-12-08T01:18:16.157+0800	DEBUG	bft/controller.go:322	4 got message from 6: prepare:{seq:1 digest:"a68d00ead8c731ba9f1f20a7673d7a6605642b1fce7f6b2b938383670b4d0191"}
2023-12-08T01:18:16.157+0800	DEBUG	bft/controller.go:322	4 got message from 10: prepare:{seq:1 digest:"a68d00ead8c731ba9f1f20a7673d7a6605642b1fce7f6b2b938383670b4d0191"}
2023-12-08T01:18:16.157+0800	DEBUG	bft/controller.go:322	4 got message from 3: prepare:{seq:1 digest:"a68d00ead8c731ba9f1f20a7673d7a6605642b1fce7f6b2b938383670b4d0191"}
2023-12-08T01:18:16.157+0800	DEBUG	bft/controller.go:322	4 got message from 8: prepare:{seq:1 digest:"a68d00ead8c731ba9f1f20a7673d7a6605642b1fce7f6b2b938383670b4d0191"}
2023-12-08T01:18:16.158+0800	DEBUG	bft/controller.go:322	4 got message from 7: prepare:{seq:1 digest:"a68d00ead8c731ba9f1f20a7673d7a6605642b1fce7f6b2b938383670b4d0191"}
2023-12-08T01:18:16.158+0800	DEBUG	wal/writeaheadlog.go:479	LogRecord appended successfully: total size=216, recordLength=201, dataCRC=A896862B; file=tmp\native_chain20231208011813\node4\0000000000000001.wal, new-offset=232
2023-12-08T01:18:16.159+0800	INFO	bft/view.go:424	Processed proposal with seq 1
2023-12-08T01:18:16.159+0800	DEBUG	bft/view.go:221	4 got message prepare:{seq:1 digest:"a68d00ead8c731ba9f1f20a7673d7a6605642b1fce7f6b2b938383670b4d0191"} from 1 with seq 1
2023-12-08T01:18:16.159+0800	DEBUG	bft/view.go:221	4 got message prepare:{seq:1 digest:"a68d00ead8c731ba9f1f20a7673d7a6605642b1fce7f6b2b938383670b4d0191"} from 2 with seq 1
2023-12-08T01:18:16.159+0800	DEBUG	bft/view.go:221	4 got message prepare:{seq:1 digest:"a68d00ead8c731ba9f1f20a7673d7a6605642b1fce7f6b2b938383670b4d0191"} from 5 with seq 1
2023-12-08T01:18:16.159+0800	DEBUG	bft/view.go:221	4 got message prepare:{seq:1 digest:"a68d00ead8c731ba9f1f20a7673d7a6605642b1fce7f6b2b938383670b4d0191"} from 9 with seq 1
2023-12-08T01:18:16.159+0800	DEBUG	bft/view.go:221	4 got message prepare:{seq:1 digest:"a68d00ead8c731ba9f1f20a7673d7a6605642b1fce7f6b2b938383670b4d0191"} from 6 with seq 1
2023-12-08T01:18:16.159+0800	DEBUG	bft/view.go:221	4 got message prepare:{seq:1 digest:"a68d00ead8c731ba9f1f20a7673d7a6605642b1fce7f6b2b938383670b4d0191"} from 10 with seq 1
2023-12-08T01:18:16.159+0800	DEBUG	bft/view.go:221	4 got message prepare:{seq:1 digest:"a68d00ead8c731ba9f1f20a7673d7a6605642b1fce7f6b2b938383670b4d0191"} from 3 with seq 1
2023-12-08T01:18:16.159+0800	DEBUG	bft/view.go:221	4 got message prepare:{seq:1 digest:"a68d00ead8c731ba9f1f20a7673d7a6605642b1fce7f6b2b938383670b4d0191"} from 8 with seq 1
2023-12-08T01:18:16.159+0800	DEBUG	bft/view.go:221	4 got message prepare:{seq:1 digest:"a68d00ead8c731ba9f1f20a7673d7a6605642b1fce7f6b2b938383670b4d0191"} from 7 with seq 1
2023-12-08T01:18:16.159+0800	INFO	bft/view.go:462	4 collected 6 prepares from [1 2 5 9 6 10]
2023-12-08T01:18:16.159+0800	DEBUG	bft/controller.go:322	4 got message from 10: commit:{seq:1 digest:"a68d00ead8c731ba9f1f20a7673d7a6605642b1fce7f6b2b938383670b4d0191" signature:{signer:10}}
2023-12-08T01:18:16.160+0800	DEBUG	bft/controller.go:322	4 got message from 8: commit:{seq:1 digest:"a68d00ead8c731ba9f1f20a7673d7a6605642b1fce7f6b2b938383670b4d0191" signature:{signer:8}}
2023-12-08T01:18:16.160+0800	DEBUG	bft/controller.go:322	4 got message from 3: commit:{seq:1 digest:"a68d00ead8c731ba9f1f20a7673d7a6605642b1fce7f6b2b938383670b4d0191" signature:{signer:3}}
2023-12-08T01:18:16.160+0800	DEBUG	bft/controller.go:322	4 got message from 2: commit:{seq:1 digest:"a68d00ead8c731ba9f1f20a7673d7a6605642b1fce7f6b2b938383670b4d0191" signature:{signer:2}}
2023-12-08T01:18:16.160+0800	DEBUG	bft/controller.go:322	4 got message from 1: commit:{seq:1 digest:"a68d00ead8c731ba9f1f20a7673d7a6605642b1fce7f6b2b938383670b4d0191" signature:{signer:1}}
2023-12-08T01:18:16.160+0800	DEBUG	bft/heartbeatmonitor.go:255	Received heartbeat from 1, last heartbeat was 0s ago
2023-12-08T01:18:16.160+0800	DEBUG	bft/controller.go:322	4 got message from 9: commit:{seq:1 digest:"a68d00ead8c731ba9f1f20a7673d7a6605642b1fce7f6b2b938383670b4d0191" signature:{signer:9}}
2023-12-08T01:18:16.161+0800	DEBUG	bft/controller.go:322	4 got message from 6: commit:{seq:1 digest:"a68d00ead8c731ba9f1f20a7673d7a6605642b1fce7f6b2b938383670b4d0191" signature:{signer:6}}
2023-12-08T01:18:16.161+0800	DEBUG	bft/controller.go:322	4 got message from 5: commit:{seq:1 digest:"a68d00ead8c731ba9f1f20a7673d7a6605642b1fce7f6b2b938383670b4d0191" signature:{signer:5}}
2023-12-08T01:18:16.161+0800	DEBUG	bft/controller.go:322	4 got message from 7: commit:{seq:1 digest:"a68d00ead8c731ba9f1f20a7673d7a6605642b1fce7f6b2b938383670b4d0191" signature:{signer:7}}
2023-12-08T01:18:16.161+0800	DEBUG	wal/writeaheadlog.go:479	LogRecord appended successfully: total size=88, recordLength=78, dataCRC=90BFEA61; file=tmp\native_chain20231208011813\node4\0000000000000001.wal, new-offset=320
2023-12-08T01:18:16.162+0800	INFO	bft/view.go:514	Processed prepares for proposal with seq 1
2023-12-08T01:18:16.162+0800	DEBUG	bft/view.go:221	4 got message commit:{seq:1 digest:"a68d00ead8c731ba9f1f20a7673d7a6605642b1fce7f6b2b938383670b4d0191" signature:{signer:10}} from 10 with seq 1
2023-12-08T01:18:16.162+0800	DEBUG	bft/view.go:221	4 got message commit:{seq:1 digest:"a68d00ead8c731ba9f1f20a7673d7a6605642b1fce7f6b2b938383670b4d0191" signature:{signer:8}} from 8 with seq 1
2023-12-08T01:18:16.162+0800	DEBUG	bft/view.go:221	4 got message commit:{seq:1 digest:"a68d00ead8c731ba9f1f20a7673d7a6605642b1fce7f6b2b938383670b4d0191" signature:{signer:3}} from 3 with seq 1
2023-12-08T01:18:16.162+0800	DEBUG	bft/view.go:221	4 got message commit:{seq:1 digest:"a68d00ead8c731ba9f1f20a7673d7a6605642b1fce7f6b2b938383670b4d0191" signature:{signer:2}} from 2 with seq 1
2023-12-08T01:18:16.162+0800	DEBUG	bft/view.go:221	4 got message commit:{seq:1 digest:"a68d00ead8c731ba9f1f20a7673d7a6605642b1fce7f6b2b938383670b4d0191" signature:{signer:1}} from 1 with seq 1
2023-12-08T01:18:16.162+0800	DEBUG	bft/view.go:221	4 got message commit:{seq:1 digest:"a68d00ead8c731ba9f1f20a7673d7a6605642b1fce7f6b2b938383670b4d0191" signature:{signer:9}} from 9 with seq 1
2023-12-08T01:18:16.162+0800	DEBUG	bft/view.go:221	4 got message commit:{seq:1 digest:"a68d00ead8c731ba9f1f20a7673d7a6605642b1fce7f6b2b938383670b4d0191" signature:{signer:6}} from 6 with seq 1
2023-12-08T01:18:16.162+0800	DEBUG	bft/view.go:221	4 got message commit:{seq:1 digest:"a68d00ead8c731ba9f1f20a7673d7a6605642b1fce7f6b2b938383670b4d0191" signature:{signer:5}} from 5 with seq 1
2023-12-08T01:18:16.162+0800	DEBUG	bft/view.go:221	4 got message commit:{seq:1 digest:"a68d00ead8c731ba9f1f20a7673d7a6605642b1fce7f6b2b938383670b4d0191" signature:{signer:7}} from 7 with seq 1
2023-12-08T01:18:16.162+0800	INFO	bft/view.go:547	4 collected 6 commits from [7 8 1 3 2 6]
2023-12-08T01:18:16.162+0800	DEBUG	bft/controller.go:322	4 got message from 6: commit:{seq:1 digest:"a68d00ead8c731ba9f1f20a7673d7a6605642b1fce7f6b2b938383670b4d0191" signature:{signer:6} assist:true}
2023-12-08T01:18:16.162+0800	DEBUG	bft/controller.go:322	4 got message from 5: commit:{seq:1 digest:"a68d00ead8c731ba9f1f20a7673d7a6605642b1fce7f6b2b938383670b4d0191" signature:{signer:5} assist:true}
2023-12-08T01:18:16.162+0800	DEBUG	bft/controller.go:322	4 got message from 2: commit:{seq:1 digest:"a68d00ead8c731ba9f1f20a7673d7a6605642b1fce7f6b2b938383670b4d0191" signature:{signer:2} assist:true}
2023-12-08T01:18:16.162+0800	INFO	bft/view.go:334	4 processed commits for proposal with seq 1
2023-12-08T01:18:16.162+0800	INFO	bft/view.go:851	Deciding on seq 1
2023-12-08T01:18:16.162+0800	INFO	bft/view.go:870	Sequence: 1-->2
2023-12-08T01:18:16.162+0800	DEBUG	bft/controller.go:322	4 got message from 1: commit:{seq:1 digest:"a68d00ead8c731ba9f1f20a7673d7a6605642b1fce7f6b2b938383670b4d0191" signature:{signer:1} assist:true}
2023-12-08T01:18:16.162+0800	DEBUG	bft/controller.go:529	Delivering to app from Controller decide the last decision proposal
2023-12-08T01:18:16.162+0800	DEBUG	bft/controller.go:322	4 got message from 3: commit:{seq:1 digest:"a68d00ead8c731ba9f1f20a7673d7a6605642b1fce7f6b2b938383670b4d0191" signature:{signer:3} assist:true}
2023-12-08T01:18:16.162+0800	DEBUG	bft/controller.go:534	Node 4 delivered proposal
2023-12-08T01:18:16.162+0800	DEBUG	bft/controller.go:322	4 got message from 9: commit:{seq:1 digest:"a68d00ead8c731ba9f1f20a7673d7a6605642b1fce7f6b2b938383670b4d0191" signature:{signer:9} assist:true}
2023-12-08T01:18:16.162+0800	DEBUG	bft/controller.go:322	4 got message from 10: commit:{seq:1 digest:"a68d00ead8c731ba9f1f20a7673d7a6605642b1fce7f6b2b938383670b4d0191" signature:{signer:10} assist:true}
2023-12-08T01:18:16.162+0800	DEBUG	bft/controller.go:322	4 got message from 8: commit:{seq:1 digest:"a68d00ead8c731ba9f1f20a7673d7a6605642b1fce7f6b2b938383670b4d0191" signature:{signer:8} assist:true}
2023-12-08T01:18:16.162+0800	DEBUG	bft/controller.go:322	4 got message from 7: commit:{seq:1 digest:"a68d00ead8c731ba9f1f20a7673d7a6605642b1fce7f6b2b938383670b4d0191" signature:{signer:7} assist:true}
2023-12-08T01:18:16.162+0800	DEBUG	bft/heartbeatmonitor.go:255	Received heartbeat from 1, last heartbeat was 0s ago
2023-12-08T01:18:16.162+0800	DEBUG	bft/requestpool.go:374	request {alice tx1} is not in the pool at remove time
2023-12-08T01:18:16.162+0800	DEBUG	bft/controller.go:906	Request {alice tx1} wasn't found in the pool : request {alice tx1} is not in the pool at remove time
2023-12-08T01:18:16.162+0800	DEBUG	bft/requestpool.go:374	request {alice tx2} is not in the pool at remove time
2023-12-08T01:18:16.162+0800	DEBUG	bft/controller.go:906	Request {alice tx2} wasn't found in the pool : request {alice tx2} is not in the pool at remove time
2023-12-08T01:18:16.162+0800	DEBUG	bft/controller.go:563	view(0) + (decisionsInView(1) / decisionsPerLeader(3)), N(10), blacklist([])
2023-12-08T01:18:16.574+0800	DEBUG	bft/heartbeatmonitor.go:393	Last heartbeat from 1 was 1.0059964s ago
2023-12-08T01:18:17.142+0800	DEBUG	consensus/consensus.go:315	Submit Request: {alice tx8}
2023-12-08T01:18:17.142+0800	DEBUG	bft/requestpool.go:265	Request {alice tx8} submitted; started a timeout: 2s
2023-12-08T01:18:17.142+0800	DEBUG	bft/controller.go:261	Request {alice tx8} was submitted
2023-12-08T01:18:17.147+0800	DEBUG	bft/controller.go:322	4 got message from 1: <PrePrepare with view: 0, seq: 2, payload of 36 bytes, header: MEcCAQITABNAMGI2YWFmMTA3Nzc3YzUyOWY2MmVhZmNhODU3MjdkNWI1YzgwYmFhMDBlYjQxYWQwNGMxMGVkOGRlOGMyMTMxZg==>
2023-12-08T01:18:17.147+0800	DEBUG	bft/controller.go:322	4 got message from 1: prepare:{seq:2 digest:"3a63a171fe382ab9fec84c13e4bb61cd156e976f4833b71f26694f3aab2a61a6"}
2023-12-08T01:18:17.147+0800	DEBUG	bft/view.go:221	4 got message <PrePrepare with view: 0, seq: 2, payload of 36 bytes, header: MEcCAQITABNAMGI2YWFmMTA3Nzc3YzUyOWY2MmVhZmNhODU3MjdkNWI1YzgwYmFhMDBlYjQxYWQwNGMxMGVkOGRlOGMyMTMxZg==> from 1 with seq 2
2023-12-08T01:18:17.147+0800	DEBUG	bft/heartbeatmonitor.go:255	Received heartbeat from 1, last heartbeat was 1.0059964s ago
2023-12-08T01:18:17.147+0800	DEBUG	bft/view.go:612	Previous proposal verification sequence: 0, current verification sequence: 0
2023-12-08T01:18:17.147+0800	DEBUG	bft/heartbeatmonitor.go:255	Received heartbeat from 1, last heartbeat was 0s ago
2023-12-08T01:18:17.147+0800	DEBUG	bft/view.go:664	Previous proposal verification sequence: 0, current verification sequence: 0
2023-12-08T01:18:17.147+0800	DEBUG	bft/view.go:1076	Found 0 out of 4 required witnesses for auxiliary data
2023-12-08T01:18:17.147+0800	DEBUG	bft/util.go:438	view before: 0, current view: 0
2023-12-08T01:18:17.147+0800	DEBUG	bft/util.go:509	Blacklist empty, nothing to prune
2023-12-08T01:18:17.160+0800	DEBUG	bft/controller.go:322	4 got message from 9: prepare:{seq:2 digest:"3a63a171fe382ab9fec84c13e4bb61cd156e976f4833b71f26694f3aab2a61a6"}
2023-12-08T01:18:17.160+0800	DEBUG	bft/controller.go:322	4 got message from 10: prepare:{seq:2 digest:"3a63a171fe382ab9fec84c13e4bb61cd156e976f4833b71f26694f3aab2a61a6"}
2023-12-08T01:18:17.160+0800	DEBUG	bft/controller.go:322	4 got message from 7: prepare:{seq:2 digest:"3a63a171fe382ab9fec84c13e4bb61cd156e976f4833b71f26694f3aab2a61a6"}
2023-12-08T01:18:17.160+0800	DEBUG	bft/controller.go:322	4 got message from 3: prepare:{seq:2 digest:"3a63a171fe382ab9fec84c13e4bb61cd156e976f4833b71f26694f3aab2a61a6"}
2023-12-08T01:18:17.160+0800	DEBUG	bft/controller.go:322	4 got message from 2: prepare:{seq:2 digest:"3a63a171fe382ab9fec84c13e4bb61cd156e976f4833b71f26694f3aab2a61a6"}
2023-12-08T01:18:17.160+0800	DEBUG	bft/controller.go:322	4 got message from 6: prepare:{seq:2 digest:"3a63a171fe382ab9fec84c13e4bb61cd156e976f4833b71f26694f3aab2a61a6"}
2023-12-08T01:18:17.160+0800	DEBUG	bft/controller.go:322	4 got message from 5: prepare:{seq:2 digest:"3a63a171fe382ab9fec84c13e4bb61cd156e976f4833b71f26694f3aab2a61a6"}
2023-12-08T01:18:17.160+0800	DEBUG	wal/writeaheadlog.go:479	LogRecord appended successfully: total size=280, recordLength=267, dataCRC=757AC704; file=tmp\native_chain20231208011813\node4\0000000000000001.wal, new-offset=600
2023-12-08T01:18:17.160+0800	INFO	bft/view.go:424	Processed proposal with seq 2
2023-12-08T01:18:17.160+0800	DEBUG	bft/view.go:221	4 got message prepare:{seq:2 digest:"3a63a171fe382ab9fec84c13e4bb61cd156e976f4833b71f26694f3aab2a61a6"} from 1 with seq 2
2023-12-08T01:18:17.160+0800	DEBUG	bft/view.go:221	4 got message prepare:{seq:2 digest:"3a63a171fe382ab9fec84c13e4bb61cd156e976f4833b71f26694f3aab2a61a6"} from 9 with seq 2
2023-12-08T01:18:17.160+0800	DEBUG	bft/view.go:221	4 got message prepare:{seq:2 digest:"3a63a171fe382ab9fec84c13e4bb61cd156e976f4833b71f26694f3aab2a61a6"} from 10 with seq 2
2023-12-08T01:18:17.160+0800	DEBUG	bft/view.go:221	4 got message prepare:{seq:2 digest:"3a63a171fe382ab9fec84c13e4bb61cd156e976f4833b71f26694f3aab2a61a6"} from 7 with seq 2
2023-12-08T01:18:17.160+0800	DEBUG	bft/view.go:221	4 got message prepare:{seq:2 digest:"3a63a171fe382ab9fec84c13e4bb61cd156e976f4833b71f26694f3aab2a61a6"} from 3 with seq 2
2023-12-08T01:18:17.160+0800	DEBUG	bft/view.go:221	4 got message prepare:{seq:2 digest:"3a63a171fe382ab9fec84c13e4bb61cd156e976f4833b71f26694f3aab2a61a6"} from 2 with seq 2
2023-12-08T01:18:17.160+0800	DEBUG	bft/view.go:221	4 got message prepare:{seq:2 digest:"3a63a171fe382ab9fec84c13e4bb61cd156e976f4833b71f26694f3aab2a61a6"} from 6 with seq 2
2023-12-08T01:18:17.160+0800	DEBUG	bft/view.go:221	4 got message prepare:{seq:2 digest:"3a63a171fe382ab9fec84c13e4bb61cd156e976f4833b71f26694f3aab2a61a6"} from 5 with seq 2
2023-12-08T01:18:17.160+0800	INFO	bft/view.go:462	4 collected 6 prepares from [1 9 10 7 3 2]
2023-12-08T01:18:17.161+0800	DEBUG	bft/controller.go:322	4 got message from 8: prepare:{seq:2 digest:"3a63a171fe382ab9fec84c13e4bb61cd156e976f4833b71f26694f3aab2a61a6"}
2023-12-08T01:18:17.161+0800	DEBUG	bft/controller.go:322	4 got message from 10: commit:{seq:2 digest:"3a63a171fe382ab9fec84c13e4bb61cd156e976f4833b71f26694f3aab2a61a6" signature:{signer:10}}
2023-12-08T01:18:17.162+0800	DEBUG	bft/controller.go:322	4 got message from 3: commit:{seq:2 digest:"3a63a171fe382ab9fec84c13e4bb61cd156e976f4833b71f26694f3aab2a61a6" signature:{signer:3}}
2023-12-08T01:18:17.162+0800	DEBUG	bft/controller.go:322	4 got message from 6: commit:{seq:2 digest:"3a63a171fe382ab9fec84c13e4bb61cd156e976f4833b71f26694f3aab2a61a6" signature:{signer:6}}
2023-12-08T01:18:17.163+0800	DEBUG	bft/controller.go:322	4 got message from 5: commit:{seq:2 digest:"3a63a171fe382ab9fec84c13e4bb61cd156e976f4833b71f26694f3aab2a61a6" signature:{signer:5}}
2023-12-08T01:18:17.163+0800	DEBUG	bft/controller.go:322	4 got message from 9: commit:{seq:2 digest:"3a63a171fe382ab9fec84c13e4bb61cd156e976f4833b71f26694f3aab2a61a6" signature:{signer:9}}
2023-12-08T01:18:17.163+0800	DEBUG	bft/controller.go:322	4 got message from 7: commit:{seq:2 digest:"3a63a171fe382ab9fec84c13e4bb61cd156e976f4833b71f26694f3aab2a61a6" signature:{signer:7}}
2023-12-08T01:18:17.163+0800	DEBUG	bft/controller.go:322	4 got message from 2: commit:{seq:2 digest:"3a63a171fe382ab9fec84c13e4bb61cd156e976f4833b71f26694f3aab2a61a6" signature:{signer:2}}
2023-12-08T01:18:17.163+0800	DEBUG	bft/controller.go:322	4 got message from 1: commit:{seq:2 digest:"3a63a171fe382ab9fec84c13e4bb61cd156e976f4833b71f26694f3aab2a61a6" signature:{signer:1}}
2023-12-08T01:18:17.163+0800	DEBUG	bft/heartbeatmonitor.go:255	Received heartbeat from 1, last heartbeat was 0s ago
2023-12-08T01:18:17.163+0800	DEBUG	bft/controller.go:322	4 got message from 8: commit:{seq:2 digest:"3a63a171fe382ab9fec84c13e4bb61cd156e976f4833b71f26694f3aab2a61a6" signature:{signer:8}}
2023-12-08T01:18:17.163+0800	DEBUG	wal/writeaheadlog.go:479	LogRecord appended successfully: total size=88, recordLength=78, dataCRC=757DECB4; file=tmp\native_chain20231208011813\node4\0000000000000001.wal, new-offset=688
2023-12-08T01:18:17.163+0800	INFO	bft/view.go:514	Processed prepares for proposal with seq 2
2023-12-08T01:18:17.163+0800	DEBUG	bft/view.go:221	4 got message prepare:{seq:2 digest:"3a63a171fe382ab9fec84c13e4bb61cd156e976f4833b71f26694f3aab2a61a6"} from 8 with seq 2
2023-12-08T01:18:17.163+0800	DEBUG	bft/view.go:221	4 got message commit:{seq:2 digest:"3a63a171fe382ab9fec84c13e4bb61cd156e976f4833b71f26694f3aab2a61a6" signature:{signer:10}} from 10 with seq 2
2023-12-08T01:18:17.164+0800	DEBUG	bft/view.go:221	4 got message commit:{seq:2 digest:"3a63a171fe382ab9fec84c13e4bb61cd156e976f4833b71f26694f3aab2a61a6" signature:{signer:3}} from 3 with seq 2
2023-12-08T01:18:17.164+0800	DEBUG	bft/view.go:221	4 got message commit:{seq:2 digest:"3a63a171fe382ab9fec84c13e4bb61cd156e976f4833b71f26694f3aab2a61a6" signature:{signer:6}} from 6 with seq 2
2023-12-08T01:18:17.164+0800	DEBUG	bft/view.go:221	4 got message commit:{seq:2 digest:"3a63a171fe382ab9fec84c13e4bb61cd156e976f4833b71f26694f3aab2a61a6" signature:{signer:5}} from 5 with seq 2
2023-12-08T01:18:17.164+0800	DEBUG	bft/view.go:221	4 got message commit:{seq:2 digest:"3a63a171fe382ab9fec84c13e4bb61cd156e976f4833b71f26694f3aab2a61a6" signature:{signer:9}} from 9 with seq 2
2023-12-08T01:18:17.164+0800	DEBUG	bft/view.go:221	4 got message commit:{seq:2 digest:"3a63a171fe382ab9fec84c13e4bb61cd156e976f4833b71f26694f3aab2a61a6" signature:{signer:7}} from 7 with seq 2
2023-12-08T01:18:17.164+0800	DEBUG	bft/view.go:221	4 got message commit:{seq:2 digest:"3a63a171fe382ab9fec84c13e4bb61cd156e976f4833b71f26694f3aab2a61a6" signature:{signer:2}} from 2 with seq 2
2023-12-08T01:18:17.164+0800	DEBUG	bft/view.go:221	4 got message commit:{seq:2 digest:"3a63a171fe382ab9fec84c13e4bb61cd156e976f4833b71f26694f3aab2a61a6" signature:{signer:1}} from 1 with seq 2
2023-12-08T01:18:17.164+0800	DEBUG	bft/view.go:221	4 got message commit:{seq:2 digest:"3a63a171fe382ab9fec84c13e4bb61cd156e976f4833b71f26694f3aab2a61a6" signature:{signer:8}} from 8 with seq 2
2023-12-08T01:18:17.164+0800	INFO	bft/view.go:547	4 collected 6 commits from [3 8 6 5 9 7]
2023-12-08T01:18:17.164+0800	INFO	bft/view.go:334	4 processed commits for proposal with seq 2
2023-12-08T01:18:17.164+0800	DEBUG	bft/controller.go:322	4 got message from 6: commit:{seq:2 digest:"3a63a171fe382ab9fec84c13e4bb61cd156e976f4833b71f26694f3aab2a61a6" signature:{signer:6} assist:true}
2023-12-08T01:18:17.164+0800	DEBUG	bft/controller.go:322	4 got message from 5: commit:{seq:2 digest:"3a63a171fe382ab9fec84c13e4bb61cd156e976f4833b71f26694f3aab2a61a6" signature:{signer:5} assist:true}
2023-12-08T01:18:17.164+0800	DEBUG	bft/controller.go:322	4 got message from 1: commit:{seq:2 digest:"3a63a171fe382ab9fec84c13e4bb61cd156e976f4833b71f26694f3aab2a61a6" signature:{signer:1} assist:true}
2023-12-08T01:18:17.164+0800	DEBUG	bft/controller.go:322	4 got message from 3: commit:{seq:2 digest:"3a63a171fe382ab9fec84c13e4bb61cd156e976f4833b71f26694f3aab2a61a6" signature:{signer:3} assist:true}
2023-12-08T01:18:17.164+0800	DEBUG	bft/controller.go:322	4 got message from 8: commit:{seq:2 digest:"3a63a171fe382ab9fec84c13e4bb61cd156e976f4833b71f26694f3aab2a61a6" signature:{signer:8} assist:true}
2023-12-08T01:18:17.164+0800	DEBUG	bft/controller.go:322	4 got message from 2: commit:{seq:2 digest:"3a63a171fe382ab9fec84c13e4bb61cd156e976f4833b71f26694f3aab2a61a6" signature:{signer:2} assist:true}
2023-12-08T01:18:17.164+0800	INFO	bft/view.go:851	Deciding on seq 2
2023-12-08T01:18:17.164+0800	INFO	bft/view.go:870	Sequence: 2-->3
2023-12-08T01:18:17.164+0800	DEBUG	bft/controller.go:322	4 got message from 9: commit:{seq:2 digest:"3a63a171fe382ab9fec84c13e4bb61cd156e976f4833b71f26694f3aab2a61a6" signature:{signer:9} assist:true}
2023-12-08T01:18:17.164+0800	DEBUG	bft/controller.go:322	4 got message from 7: commit:{seq:2 digest:"3a63a171fe382ab9fec84c13e4bb61cd156e976f4833b71f26694f3aab2a61a6" signature:{signer:7} assist:true}
2023-12-08T01:18:17.164+0800	DEBUG	bft/controller.go:322	4 got message from 10: commit:{seq:2 digest:"3a63a171fe382ab9fec84c13e4bb61cd156e976f4833b71f26694f3aab2a61a6" signature:{signer:10} assist:true}
2023-12-08T01:18:17.164+0800	DEBUG	bft/heartbeatmonitor.go:255	Received heartbeat from 1, last heartbeat was 0s ago
2023-12-08T01:18:17.164+0800	DEBUG	bft/controller.go:529	Delivering to app from Controller decide the last decision proposal
2023-12-08T01:18:17.164+0800	DEBUG	bft/controller.go:534	Node 4 delivered proposal
2023-12-08T01:18:17.164+0800	DEBUG	bft/requestpool.go:374	request {alice tx3} is not in the pool at remove time
2023-12-08T01:18:17.164+0800	DEBUG	bft/controller.go:906	Request {alice tx3} wasn't found in the pool : request {alice tx3} is not in the pool at remove time
2023-12-08T01:18:17.164+0800	DEBUG	bft/requestpool.go:374	request {alice tx4} is not in the pool at remove time
2023-12-08T01:18:17.164+0800	DEBUG	bft/controller.go:906	Request {alice tx4} wasn't found in the pool : request {alice tx4} is not in the pool at remove time
2023-12-08T01:18:17.164+0800	DEBUG	bft/controller.go:563	view(0) + (decisionsInView(2) / decisionsPerLeader(3)), N(10), blacklist([])
2023-12-08T01:18:17.574+0800	DEBUG	bft/heartbeatmonitor.go:393	Last heartbeat from 1 was 1.0004772s ago
2023-12-08T01:18:18.142+0800	DEBUG	bft/controller.go:322	4 got message from 1: <PrePrepare with view: 0, seq: 3, payload of 36 bytes, header: MEcCAQMTABNAZmQ0YmU0M2Q2Y2I2MDY2Zjg2NDkzNDIzMzMxZmM1ZTY3ODM1ZmFjYzM5M2RkYTdjMGNiOTEyNzQ1ZmZjNjM3ZA==>
2023-12-08T01:18:18.142+0800	DEBUG	bft/controller.go:322	4 got message from 1: prepare:{seq:3 digest:"8cf24bc787e1a544bd54ee759053c69c89cd9ce65317cc67dedb839212f378eb"}
2023-12-08T01:18:18.142+0800	DEBUG	bft/view.go:221	4 got message <PrePrepare with view: 0, seq: 3, payload of 36 bytes, header: MEcCAQMTABNAZmQ0YmU0M2Q2Y2I2MDY2Zjg2NDkzNDIzMzMxZmM1ZTY3ODM1ZmFjYzM5M2RkYTdjMGNiOTEyNzQ1ZmZjNjM3ZA==> from 1 with seq 3
2023-12-08T01:18:18.142+0800	DEBUG	bft/heartbeatmonitor.go:255	Received heartbeat from 1, last heartbeat was 1.0004772s ago
2023-12-08T01:18:18.142+0800	DEBUG	bft/view.go:221	4 got message prepare:{seq:3 digest:"8cf24bc787e1a544bd54ee759053c69c89cd9ce65317cc67dedb839212f378eb"} from 1 with seq 3
2023-12-08T01:18:18.142+0800	DEBUG	bft/heartbeatmonitor.go:255	Received heartbeat from 1, last heartbeat was 0s ago
2023-12-08T01:18:18.142+0800	DEBUG	bft/view.go:612	Previous proposal verification sequence: 0, current verification sequence: 0
2023-12-08T01:18:18.142+0800	DEBUG	bft/view.go:664	Previous proposal verification sequence: 0, current verification sequence: 0
2023-12-08T01:18:18.142+0800	DEBUG	bft/view.go:1076	Found 0 out of 4 required witnesses for auxiliary data
2023-12-08T01:18:18.142+0800	DEBUG	bft/util.go:438	view before: 0, current view: 0
2023-12-08T01:18:18.142+0800	DEBUG	bft/util.go:509	Blacklist empty, nothing to prune
2023-12-08T01:18:18.144+0800	DEBUG	bft/controller.go:322	4 got message from 9: prepare:{seq:3 digest:"8cf24bc787e1a544bd54ee759053c69c89cd9ce65317cc67dedb839212f378eb"}
2023-12-08T01:18:18.144+0800	DEBUG	bft/controller.go:322	4 got message from 5: prepare:{seq:3 digest:"8cf24bc787e1a544bd54ee759053c69c89cd9ce65317cc67dedb839212f378eb"}
2023-12-08T01:18:18.144+0800	DEBUG	bft/controller.go:322	4 got message from 2: prepare:{seq:3 digest:"8cf24bc787e1a544bd54ee759053c69c89cd9ce65317cc67dedb839212f378eb"}
2023-12-08T01:18:18.145+0800	DEBUG	bft/controller.go:322	4 got message from 10: prepare:{seq:3 digest:"8cf24bc787e1a544bd54ee759053c69c89cd9ce65317cc67dedb839212f378eb"}
2023-12-08T01:18:18.145+0800	DEBUG	wal/writeaheadlog.go:479	LogRecord appended successfully: total size=280, recordLength=267, dataCRC=6412806A; file=tmp\native_chain20231208011813\node4\0000000000000001.wal, new-offset=968
2023-12-08T01:18:18.145+0800	INFO	bft/view.go:424	Processed proposal with seq 3
2023-12-08T01:18:18.145+0800	DEBUG	bft/view.go:221	4 got message prepare:{seq:3 digest:"8cf24bc787e1a544bd54ee759053c69c89cd9ce65317cc67dedb839212f378eb"} from 9 with seq 3
2023-12-08T01:18:18.145+0800	DEBUG	bft/view.go:221	4 got message prepare:{seq:3 digest:"8cf24bc787e1a544bd54ee759053c69c89cd9ce65317cc67dedb839212f378eb"} from 5 with seq 3
2023-12-08T01:18:18.145+0800	DEBUG	bft/view.go:221	4 got message prepare:{seq:3 digest:"8cf24bc787e1a544bd54ee759053c69c89cd9ce65317cc67dedb839212f378eb"} from 2 with seq 3
2023-12-08T01:18:18.145+0800	DEBUG	bft/view.go:221	4 got message prepare:{seq:3 digest:"8cf24bc787e1a544bd54ee759053c69c89cd9ce65317cc67dedb839212f378eb"} from 10 with seq 3
2023-12-08T01:18:18.145+0800	DEBUG	bft/controller.go:322	4 got message from 3: prepare:{seq:3 digest:"8cf24bc787e1a544bd54ee759053c69c89cd9ce65317cc67dedb839212f378eb"}
2023-12-08T01:18:18.145+0800	DEBUG	bft/view.go:221	4 got message prepare:{seq:3 digest:"8cf24bc787e1a544bd54ee759053c69c89cd9ce65317cc67dedb839212f378eb"} from 3 with seq 3
2023-12-08T01:18:18.145+0800	INFO	bft/view.go:462	4 collected 6 prepares from [1 9 5 2 10 3]
2023-12-08T01:18:18.145+0800	DEBUG	bft/controller.go:322	4 got message from 8: prepare:{seq:3 digest:"8cf24bc787e1a544bd54ee759053c69c89cd9ce65317cc67dedb839212f378eb"}
2023-12-08T01:18:18.145+0800	DEBUG	bft/controller.go:322	4 got message from 7: prepare:{seq:3 digest:"8cf24bc787e1a544bd54ee759053c69c89cd9ce65317cc67dedb839212f378eb"}
2023-12-08T01:18:18.145+0800	DEBUG	bft/controller.go:322	4 got message from 6: prepare:{seq:3 digest:"8cf24bc787e1a544bd54ee759053c69c89cd9ce65317cc67dedb839212f378eb"}
2023-12-08T01:18:18.146+0800	DEBUG	bft/controller.go:322	4 got message from 8: commit:{seq:3 digest:"8cf24bc787e1a544bd54ee759053c69c89cd9ce65317cc67dedb839212f378eb" signature:{signer:8}}
2023-12-08T01:18:18.147+0800	DEBUG	bft/controller.go:322	4 got message from 10: commit:{seq:3 digest:"8cf24bc787e1a544bd54ee759053c69c89cd9ce65317cc67dedb839212f378eb" signature:{signer:10}}
2023-12-08T01:18:18.147+0800	DEBUG	bft/controller.go:322	4 got message from 6: commit:{seq:3 digest:"8cf24bc787e1a544bd54ee759053c69c89cd9ce65317cc67dedb839212f378eb" signature:{signer:6}}
2023-12-08T01:18:18.147+0800	DEBUG	wal/writeaheadlog.go:479	LogRecord appended successfully: total size=88, recordLength=78, dataCRC=494768B2; file=tmp\native_chain20231208011813\node4\0000000000000001.wal, new-offset=1056
2023-12-08T01:18:18.147+0800	INFO	bft/view.go:514	Processed prepares for proposal with seq 3
2023-12-08T01:18:18.147+0800	DEBUG	bft/view.go:221	4 got message prepare:{seq:3 digest:"8cf24bc787e1a544bd54ee759053c69c89cd9ce65317cc67dedb839212f378eb"} from 8 with seq 3
2023-12-08T01:18:18.147+0800	DEBUG	bft/view.go:221	4 got message prepare:{seq:3 digest:"8cf24bc787e1a544bd54ee759053c69c89cd9ce65317cc67dedb839212f378eb"} from 7 with seq 3
2023-12-08T01:18:18.147+0800	DEBUG	bft/view.go:221	4 got message prepare:{seq:3 digest:"8cf24bc787e1a544bd54ee759053c69c89cd9ce65317cc67dedb839212f378eb"} from 6 with seq 3
2023-12-08T01:18:18.147+0800	DEBUG	bft/view.go:221	4 got message commit:{seq:3 digest:"8cf24bc787e1a544bd54ee759053c69c89cd9ce65317cc67dedb839212f378eb" signature:{signer:8}} from 8 with seq 3
2023-12-08T01:18:18.147+0800	DEBUG	bft/view.go:221	4 got message commit:{seq:3 digest:"8cf24bc787e1a544bd54ee759053c69c89cd9ce65317cc67dedb839212f378eb" signature:{signer:10}} from 10 with seq 3
2023-12-08T01:18:18.147+0800	DEBUG	bft/view.go:221	4 got message commit:{seq:3 digest:"8cf24bc787e1a544bd54ee759053c69c89cd9ce65317cc67dedb839212f378eb" signature:{signer:6}} from 6 with seq 3
2023-12-08T01:18:18.147+0800	DEBUG	bft/controller.go:322	4 got message from 9: commit:{seq:3 digest:"8cf24bc787e1a544bd54ee759053c69c89cd9ce65317cc67dedb839212f378eb" signature:{signer:9}}
2023-12-08T01:18:18.147+0800	DEBUG	bft/view.go:221	4 got message commit:{seq:3 digest:"8cf24bc787e1a544bd54ee759053c69c89cd9ce65317cc67dedb839212f378eb" signature:{signer:9}} from 9 with seq 3
2023-12-08T01:18:18.147+0800	DEBUG	bft/controller.go:322	4 got message from 3: commit:{seq:3 digest:"8cf24bc787e1a544bd54ee759053c69c89cd9ce65317cc67dedb839212f378eb" signature:{signer:3}}
2023-12-08T01:18:18.147+0800	DEBUG	bft/view.go:221	4 got message commit:{seq:3 digest:"8cf24bc787e1a544bd54ee759053c69c89cd9ce65317cc67dedb839212f378eb" signature:{signer:3}} from 3 with seq 3
2023-12-08T01:18:18.147+0800	DEBUG	bft/controller.go:322	4 got message from 1: commit:{seq:3 digest:"8cf24bc787e1a544bd54ee759053c69c89cd9ce65317cc67dedb839212f378eb" signature:{signer:1}}
2023-12-08T01:18:18.147+0800	DEBUG	bft/heartbeatmonitor.go:255	Received heartbeat from 1, last heartbeat was 0s ago
2023-12-08T01:18:18.147+0800	DEBUG	bft/controller.go:322	4 got message from 2: commit:{seq:3 digest:"8cf24bc787e1a544bd54ee759053c69c89cd9ce65317cc67dedb839212f378eb" signature:{signer:2}}
2023-12-08T01:18:18.148+0800	DEBUG	bft/controller.go:322	4 got message from 7: commit:{seq:3 digest:"8cf24bc787e1a544bd54ee759053c69c89cd9ce65317cc67dedb839212f378eb" signature:{signer:7}}
2023-12-08T01:18:18.148+0800	DEBUG	bft/controller.go:322	4 got message from 5: commit:{seq:3 digest:"8cf24bc787e1a544bd54ee759053c69c89cd9ce65317cc67dedb839212f378eb" signature:{signer:5}}
2023-12-08T01:18:18.148+0800	DEBUG	bft/view.go:221	4 got message commit:{seq:3 digest:"8cf24bc787e1a544bd54ee759053c69c89cd9ce65317cc67dedb839212f378eb" signature:{signer:1}} from 1 with seq 3
2023-12-08T01:18:18.148+0800	DEBUG	bft/view.go:221	4 got message commit:{seq:3 digest:"8cf24bc787e1a544bd54ee759053c69c89cd9ce65317cc67dedb839212f378eb" signature:{signer:2}} from 2 with seq 3
2023-12-08T01:18:18.148+0800	INFO	bft/view.go:547	4 collected 6 commits from [6 9 8 10 3 1]
2023-12-08T01:18:18.148+0800	INFO	bft/view.go:334	4 processed commits for proposal with seq 3
2023-12-08T01:18:18.148+0800	INFO	bft/view.go:851	Deciding on seq 3
2023-12-08T01:18:18.148+0800	INFO	bft/view.go:870	Sequence: 3-->4
2023-12-08T01:18:18.148+0800	DEBUG	bft/controller.go:322	4 got message from 1: commit:{seq:2 digest:"3a63a171fe382ab9fec84c13e4bb61cd156e976f4833b71f26694f3aab2a61a6" signature:{signer:1} assist:true}
2023-12-08T01:18:18.148+0800	DEBUG	bft/controller.go:529	Delivering to app from Controller decide the last decision proposal
2023-12-08T01:18:18.148+0800	DEBUG	bft/heartbeatmonitor.go:255	Received heartbeat from 1, last heartbeat was 0s ago
2023-12-08T01:18:18.148+0800	DEBUG	bft/controller.go:534	Node 4 delivered proposal
2023-12-08T01:18:18.148+0800	DEBUG	bft/requestpool.go:374	request {alice tx5} is not in the pool at remove time
2023-12-08T01:18:18.148+0800	DEBUG	bft/controller.go:906	Request {alice tx5} wasn't found in the pool : request {alice tx5} is not in the pool at remove time
2023-12-08T01:18:18.148+0800	DEBUG	bft/requestpool.go:374	request {alice tx6} is not in the pool at remove time
2023-12-08T01:18:18.148+0800	DEBUG	bft/controller.go:906	Request {alice tx6} wasn't found in the pool : request {alice tx6} is not in the pool at remove time
2023-12-08T01:18:18.148+0800	DEBUG	bft/controller.go:563	view(0) + (decisionsInView(3) / decisionsPerLeader(3)), N(10), blacklist([])
2023-12-08T01:18:18.148+0800	INFO	bft/controller.go:570	Rotating leader from 1 to 2
2023-12-08T01:18:18.148+0800	DEBUG	bft/controller.go:549	Restarting view to rotate the leader
2023-12-08T01:18:18.148+0800	DEBUG	bft/controller.go:430	view for abort 0, current view 0
2023-12-08T01:18:18.148+0800	DEBUG	bft/view.go:754	Got commit for previous sequence (3) from 7, sent back previous commit.
2023-12-08T01:18:18.148+0800	DEBUG	bft/controller.go:442	Aborting current view with number 0
2023-12-08T01:18:18.148+0800	DEBUG	bft/view.go:754	Got commit for previous sequence (3) from 5, sent back previous commit.
2023-12-08T01:18:18.148+0800	DEBUG	bft/controller.go:420	Starting view after setting decisions in view to 3
2023-12-08T01:18:18.148+0800	INFO	bft/heartbeatmonitor.go:185	Changing to follower role, current view: 0, current leader: 2
2023-12-08T01:18:18.148+0800	INFO	bft/controller.go:395	Starting view with number 0, sequence 4, and decisions 3
2023-12-08T01:18:18.148+0800	DEBUG	bft/controller.go:551	Restarting timers in request pool due to leader rotation
2023-12-08T01:18:18.148+0800	DEBUG	bft/requestpool.go:481	Restarted all timers: size=1
2023-12-08T01:18:18.156+0800	DEBUG	consensus/consensus.go:89	Detected a reconfig in sync
2023-12-08T01:18:18.156+0800	DEBUG	consensus/consensus.go:187	Starting reconfig
2023-12-08T01:18:18.157+0800	DEBUG	bft/requestpool.go:459	Stopped all timers: size=1
2023-12-08T01:18:18.157+0800	INFO	bft/controller.go:493	Exiting
2023-12-08T01:18:18.157+0800	DEBUG	bft/requestpool.go:172	Changed pool timeouts
2023-12-08T01:18:18.157+0800	DEBUG	consensus/consensus.go:240	Checkpoint with view 0 and seq 3
2023-12-08T01:18:18.157+0800	INFO	bft/state.go:99	Nothing to restore
2023-12-08T01:18:18.157+0800	DEBUG	consensus/consensus.go:480	No view change to restore
2023-12-08T01:18:18.157+0800	INFO	bft/state.go:80	Nothing to restore
2023-12-08T01:18:18.157+0800	DEBUG	consensus/consensus.go:495	No new view to restore
2023-12-08T01:18:18.157+0800	DEBUG	bft/controller.go:793	Starting controller with view 0, sequence 4, and decisions 3
2023-12-08T01:18:18.157+0800	DEBUG	bft/controller.go:805	The number of nodes (N) is 5, F is 1, and the quorum size is 4
2023-12-08T01:18:18.157+0800	INFO	bft/state.go:121	Nothing to restore
2023-12-08T01:18:18.157+0800	INFO	bft/heartbeatmonitor.go:185	Changing to follower role, current view: 0, current leader: 2
2023-12-08T01:18:18.157+0800	INFO	bft/controller.go:395	Starting view with number 0, sequence 4, and decisions 3
2023-12-08T01:18:18.157+0800	DEBUG	bft/requestpool.go:481	Restarted all timers: size=1
2023-12-08T01:18:18.157+0800	DEBUG	consensus/consensus.go:252	Reconfig is done
2023-12-08T01:18:18.572+0800	DEBUG	bft/heartbeatmonitor.go:393	Last heartbeat from 2 was 0s ago
2023-12-08T01:18:19.574+0800	DEBUG	bft/heartbeatmonitor.go:393	Last heartbeat from 2 was 1.0017513s ago
2023-12-08T01:18:19.667+0800	DEBUG	consensus/consensus.go:315	Submit Request: {alice tx11}
2023-12-08T01:18:19.667+0800	DEBUG	bft/requestpool.go:265	Request {alice tx11} submitted; started a timeout: 2s
2023-12-08T01:18:19.667+0800	DEBUG	bft/controller.go:261	Request {alice tx11} was submitted
2023-12-08T01:18:20.167+0800	DEBUG	bft/requestpool.go:507	Request {alice tx8}; started a leader-forwarding timeout: 20s
2023-12-08T01:18:20.167+0800	DEBUG	bft/requestpool.go:512	Request {alice tx8} timeout expired, going to send to leader
2023-12-08T01:18:20.167+0800	INFO	bft/controller.go:275	Request {alice tx8} timeout expired, forwarding request to leader: 2
2023-12-08T01:18:20.168+0800	DEBUG	consensus/consensus.go:315	Submit Request: {alice tx12}
2023-12-08T01:18:20.168+0800	DEBUG	bft/requestpool.go:265	Request {alice tx12} submitted; started a timeout: 2s
2023-12-08T01:18:20.168+0800	DEBUG	bft/controller.go:261	Request {alice tx12} was submitted
2023-12-08T01:18:20.226+0800	DEBUG	bft/controller.go:322	4 got message from 2: <PrePrepare with view: 0, seq: 4, payload of 20 bytes, header: MEcCAQQTABNANTU4NmYzMzg0ODlkY2EyYzllOWZjMzBkNjAwYzBiZTVjNmQwNjBmNDdkMjA4MzY3NTI1ZjJhODM3NjhiODcyNw==>
2023-12-08T01:18:20.226+0800	DEBUG	bft/view.go:221	4 got message <PrePrepare with view: 0, seq: 4, payload of 20 bytes, header: MEcCAQQTABNANTU4NmYzMzg0ODlkY2EyYzllOWZjMzBkNjAwYzBiZTVjNmQwNjBmNDdkMjA4MzY3NTI1ZjJhODM3NjhiODcyNw==> from 2 with seq 4
2023-12-08T01:18:20.226+0800	DEBUG	bft/controller.go:322	4 got message from 2: prepare:{seq:4 digest:"15d4bcaf576960a99d3e6d41fb589b8424b832b23f6cffef8c1747560398a43a"}
2023-12-08T01:18:20.226+0800	DEBUG	bft/heartbeatmonitor.go:255	Received heartbeat from 2, last heartbeat was 1.0017513s ago
2023-12-08T01:18:20.227+0800	DEBUG	bft/heartbeatmonitor.go:255	Received heartbeat from 2, last heartbeat was 0s ago
2023-12-08T01:18:20.226+0800	DEBUG	bft/view.go:612	Previous proposal verification sequence: 0, current verification sequence: 0
2023-12-08T01:18:20.227+0800	DEBUG	bft/view.go:664	Previous proposal verification sequence: 0, current verification sequence: 0
2023-12-08T01:18:20.227+0800	DEBUG	bft/view.go:1076	Found 0 out of 2 required witnesses for auxiliary data
2023-12-08T01:18:20.227+0800	DEBUG	bft/util.go:438	view before: 0, current view: 0
2023-12-08T01:18:20.227+0800	DEBUG	bft/util.go:509	Blacklist empty, nothing to prune
2023-12-08T01:18:20.228+0800	DEBUG	bft/controller.go:322	4 got message from 1: prepare:{seq:4 digest:"15d4bcaf576960a99d3e6d41fb589b8424b832b23f6cffef8c1747560398a43a"}
2023-12-08T01:18:20.228+0800	DEBUG	bft/controller.go:322	4 got message from 5: prepare:{seq:4 digest:"15d4bcaf576960a99d3e6d41fb589b8424b832b23f6cffef8c1747560398a43a"}
2023-12-08T01:18:20.230+0800	DEBUG	bft/controller.go:322	4 got message from 3: prepare:{seq:4 digest:"15d4bcaf576960a99d3e6d41fb589b8424b832b23f6cffef8c1747560398a43a"}
2023-12-08T01:18:20.239+0800	DEBUG	wal/writeaheadlog.go:479	LogRecord appended successfully: total size=264, recordLength=251, dataCRC=55937506; file=tmp\native_chain20231208011813\node4\0000000000000001.wal, new-offset=1320
2023-12-08T01:18:20.239+0800	INFO	bft/view.go:424	Processed proposal with seq 4
2023-12-08T01:18:20.239+0800	DEBUG	bft/view.go:221	4 got message prepare:{seq:4 digest:"15d4bcaf576960a99d3e6d41fb589b8424b832b23f6cffef8c1747560398a43a"} from 2 with seq 4
2023-12-08T01:18:20.239+0800	DEBUG	bft/view.go:221	4 got message prepare:{seq:4 digest:"15d4bcaf576960a99d3e6d41fb589b8424b832b23f6cffef8c1747560398a43a"} from 1 with seq 4
2023-12-08T01:18:20.239+0800	DEBUG	bft/view.go:221	4 got message prepare:{seq:4 digest:"15d4bcaf576960a99d3e6d41fb589b8424b832b23f6cffef8c1747560398a43a"} from 5 with seq 4
2023-12-08T01:18:20.239+0800	DEBUG	bft/view.go:221	4 got message prepare:{seq:4 digest:"15d4bcaf576960a99d3e6d41fb589b8424b832b23f6cffef8c1747560398a43a"} from 3 with seq 4
2023-12-08T01:18:20.239+0800	INFO	bft/view.go:462	4 collected 3 prepares from [2 1 5]
2023-12-08T01:18:20.242+0800	DEBUG	bft/controller.go:322	4 got message from 1: commit:{seq:4 digest:"15d4bcaf576960a99d3e6d41fb589b8424b832b23f6cffef8c1747560398a43a" signature:{signer:1}}
2023-12-08T01:18:20.244+0800	DEBUG	bft/controller.go:322	4 got message from 2: commit:{seq:4 digest:"15d4bcaf576960a99d3e6d41fb589b8424b832b23f6cffef8c1747560398a43a" signature:{signer:2}}
2023-12-08T01:18:20.244+0800	DEBUG	bft/heartbeatmonitor.go:255	Received heartbeat from 2, last heartbeat was 0s ago
2023-12-08T01:18:20.245+0800	DEBUG	wal/writeaheadlog.go:479	LogRecord appended successfully: total size=88, recordLength=78, dataCRC=29F19E75; file=tmp\native_chain20231208011813\node4\0000000000000001.wal, new-offset=1408
2023-12-08T01:18:20.245+0800	INFO	bft/view.go:514	Processed prepares for proposal with seq 4
2023-12-08T01:18:20.245+0800	DEBUG	bft/view.go:221	4 got message commit:{seq:4 digest:"15d4bcaf576960a99d3e6d41fb589b8424b832b23f6cffef8c1747560398a43a" signature:{signer:1}} from 1 with seq 4
2023-12-08T01:18:20.245+0800	DEBUG	bft/view.go:221	4 got message commit:{seq:4 digest:"15d4bcaf576960a99d3e6d41fb589b8424b832b23f6cffef8c1747560398a43a" signature:{signer:2}} from 2 with seq 4
2023-12-08T01:18:20.245+0800	DEBUG	bft/controller.go:322	4 got message from 3: commit:{seq:4 digest:"15d4bcaf576960a99d3e6d41fb589b8424b832b23f6cffef8c1747560398a43a" signature:{signer:3}}
2023-12-08T01:18:20.245+0800	DEBUG	bft/controller.go:322	4 got message from 5: commit:{seq:4 digest:"15d4bcaf576960a99d3e6d41fb589b8424b832b23f6cffef8c1747560398a43a" signature:{signer:5}}
2023-12-08T01:18:20.245+0800	DEBUG	bft/view.go:221	4 got message commit:{seq:4 digest:"15d4bcaf576960a99d3e6d41fb589b8424b832b23f6cffef8c1747560398a43a" signature:{signer:3}} from 3 with seq 4
2023-12-08T01:18:20.245+0800	DEBUG	bft/view.go:221	4 got message commit:{seq:4 digest:"15d4bcaf576960a99d3e6d41fb589b8424b832b23f6cffef8c1747560398a43a" signature:{signer:5}} from 5 with seq 4
2023-12-08T01:18:20.245+0800	INFO	bft/view.go:547	4 collected 3 commits from [2 1 5]
2023-12-08T01:18:20.245+0800	INFO	bft/view.go:334	4 processed commits for proposal with seq 4
2023-12-08T01:18:20.245+0800	INFO	bft/view.go:851	Deciding on seq 4
2023-12-08T01:18:20.245+0800	INFO	bft/view.go:870	Sequence: 4-->5
2023-12-08T01:18:20.245+0800	DEBUG	bft/controller.go:529	Delivering to app from Controller decide the last decision proposal
2023-12-08T01:18:20.245+0800	DEBUG	bft/controller.go:534	Node 4 delivered proposal
2023-12-08T01:18:20.245+0800	INFO	bft/requestpool.go:392	Removed request {alice tx8} from request pool
2023-12-08T01:18:20.245+0800	DEBUG	bft/controller.go:563	view(0) + (decisionsInView(4) / decisionsPerLeader(3)), N(5), blacklist([])
2023-12-08T01:18:20.578+0800	DEBUG	bft/heartbeatmonitor.go:393	Last heartbeat from 2 was 1.0041014s ago
2023-12-08T01:18:20.671+0800	DEBUG	consensus/consensus.go:315	Submit Request: {alice tx13}
2023-12-08T01:18:20.671+0800	DEBUG	bft/requestpool.go:265	Request {alice tx13} submitted; started a timeout: 2s
2023-12-08T01:18:20.671+0800	DEBUG	bft/controller.go:261	Request {alice tx13} was submitted
2023-12-08T01:18:21.187+0800	DEBUG	bft/controller.go:322	4 got message from 2: <PrePrepare with view: 0, seq: 5, payload of 21 bytes, header: MEcCAQUTABNAYjRlZDBhZDA0NDlmMTc3ODcwNDI0Mzk5YmJjMDU0MzVlOTA0ZjNhM2Y4ZTliOWEwZTQ3YWNlMDQwNjgyMWRiOQ==>
2023-12-08T01:18:21.187+0800	DEBUG	bft/view.go:221	4 got message <PrePrepare with view: 0, seq: 5, payload of 21 bytes, header: MEcCAQUTABNAYjRlZDBhZDA0NDlmMTc3ODcwNDI0Mzk5YmJjMDU0MzVlOTA0ZjNhM2Y4ZTliOWEwZTQ3YWNlMDQwNjgyMWRiOQ==> from 2 with seq 5
2023-12-08T01:18:21.187+0800	DEBUG	bft/controller.go:322	4 got message from 2: prepare:{seq:5 digest:"30706f3b68acbae25b4fe5d8a7d4563e75a9bdc32deca65435e4cdc03bf8868a"}
2023-12-08T01:18:21.187+0800	DEBUG	bft/heartbeatmonitor.go:255	Received heartbeat from 2, last heartbeat was 1.0041014s ago
2023-12-08T01:18:21.187+0800	DEBUG	bft/view.go:612	Previous proposal verification sequence: 0, current verification sequence: 0
2023-12-08T01:18:21.187+0800	DEBUG	bft/view.go:664	Previous proposal verification sequence: 0, current verification sequence: 0
2023-12-08T01:18:21.187+0800	DEBUG	bft/heartbeatmonitor.go:255	Received heartbeat from 2, last heartbeat was 0s ago
2023-12-08T01:18:21.187+0800	DEBUG	bft/view.go:1076	Found 0 out of 2 required witnesses for auxiliary data
2023-12-08T01:18:21.187+0800	DEBUG	bft/util.go:438	view before: 0, current view: 0
2023-12-08T01:18:21.188+0800	DEBUG	bft/util.go:509	Blacklist empty, nothing to prune
2023-12-08T01:18:21.188+0800	DEBUG	bft/controller.go:322	4 got message from 3: prepare:{seq:5 digest:"30706f3b68acbae25b4fe5d8a7d4563e75a9bdc32deca65435e4cdc03bf8868a"}
2023-12-08T01:18:21.189+0800	DEBUG	wal/writeaheadlog.go:479	LogRecord appended successfully: total size=248, recordLength=240, dataCRC=23724149; file=tmp\native_chain20231208011813\node4\0000000000000001.wal, new-offset=1656
2023-12-08T01:18:21.189+0800	INFO	bft/view.go:424	Processed proposal with seq 5
2023-12-08T01:18:21.189+0800	DEBUG	bft/view.go:221	4 got message prepare:{seq:5 digest:"30706f3b68acbae25b4fe5d8a7d4563e75a9bdc32deca65435e4cdc03bf8868a"} from 2 with seq 5
2023-12-08T01:18:21.189+0800	DEBUG	bft/controller.go:322	4 got message from 1: prepare:{seq:5 digest:"30706f3b68acbae25b4fe5d8a7d4563e75a9bdc32deca65435e4cdc03bf8868a"}
2023-12-08T01:18:21.189+0800	DEBUG	bft/view.go:221	4 got message prepare:{seq:5 digest:"30706f3b68acbae25b4fe5d8a7d4563e75a9bdc32deca65435e4cdc03bf8868a"} from 3 with seq 5
2023-12-08T01:18:21.189+0800	DEBUG	bft/view.go:221	4 got message prepare:{seq:5 digest:"30706f3b68acbae25b4fe5d8a7d4563e75a9bdc32deca65435e4cdc03bf8868a"} from 1 with seq 5
2023-12-08T01:18:21.189+0800	INFO	bft/view.go:462	4 collected 3 prepares from [2 3 1]
2023-12-08T01:18:21.189+0800	DEBUG	bft/controller.go:322	4 got message from 5: prepare:{seq:5 digest:"30706f3b68acbae25b4fe5d8a7d4563e75a9bdc32deca65435e4cdc03bf8868a"}
2023-12-08T01:18:21.190+0800	DEBUG	wal/writeaheadlog.go:479	LogRecord appended successfully: total size=88, recordLength=78, dataCRC=EF70B09D; file=tmp\native_chain20231208011813\node4\0000000000000001.wal, new-offset=1744
2023-12-08T01:18:21.190+0800	INFO	bft/view.go:514	Processed prepares for proposal with seq 5
2023-12-08T01:18:21.190+0800	DEBUG	bft/view.go:221	4 got message prepare:{seq:5 digest:"30706f3b68acbae25b4fe5d8a7d4563e75a9bdc32deca65435e4cdc03bf8868a"} from 5 with seq 5
2023-12-08T01:18:21.190+0800	DEBUG	bft/controller.go:322	4 got message from 5: commit:{seq:5 digest:"30706f3b68acbae25b4fe5d8a7d4563e75a9bdc32deca65435e4cdc03bf8868a" signature:{signer:5}}
2023-12-08T01:18:21.190+0800	DEBUG	bft/view.go:221	4 got message commit:{seq:5 digest:"30706f3b68acbae25b4fe5d8a7d4563e75a9bdc32deca65435e4cdc03bf8868a" signature:{signer:5}} from 5 with seq 5
2023-12-08T01:18:21.191+0800	DEBUG	bft/controller.go:322	4 got message from 1: commit:{seq:5 digest:"30706f3b68acbae25b4fe5d8a7d4563e75a9bdc32deca65435e4cdc03bf8868a" signature:{signer:1}}
2023-12-08T01:18:21.191+0800	DEBUG	bft/view.go:221	4 got message commit:{seq:5 digest:"30706f3b68acbae25b4fe5d8a7d4563e75a9bdc32deca65435e4cdc03bf8868a" signature:{signer:1}} from 1 with seq 5
2023-12-08T01:18:21.191+0800	DEBUG	bft/controller.go:322	4 got message from 2: commit:{seq:5 digest:"30706f3b68acbae25b4fe5d8a7d4563e75a9bdc32deca65435e4cdc03bf8868a" signature:{signer:2}}
2023-12-08T01:18:21.191+0800	DEBUG	bft/controller.go:322	4 got message from 3: commit:{seq:5 digest:"30706f3b68acbae25b4fe5d8a7d4563e75a9bdc32deca65435e4cdc03bf8868a" signature:{signer:3}}
2023-12-08T01:18:21.191+0800	DEBUG	bft/view.go:221	4 got message commit:{seq:5 digest:"30706f3b68acbae25b4fe5d8a7d4563e75a9bdc32deca65435e4cdc03bf8868a" signature:{signer:2}} from 2 with seq 5
2023-12-08T01:18:21.191+0800	DEBUG	bft/heartbeatmonitor.go:255	Received heartbeat from 2, last heartbeat was 0s ago
2023-12-08T01:18:21.191+0800	DEBUG	bft/view.go:221	4 got message commit:{seq:5 digest:"30706f3b68acbae25b4fe5d8a7d4563e75a9bdc32deca65435e4cdc03bf8868a" signature:{signer:3}} from 3 with seq 5
2023-12-08T01:18:21.191+0800	INFO	bft/view.go:547	4 collected 3 commits from [5 1 2]
2023-12-08T01:18:21.191+0800	INFO	bft/view.go:334	4 processed commits for proposal with seq 5
2023-12-08T01:18:21.191+0800	INFO	bft/view.go:851	Deciding on seq 5
2023-12-08T01:18:21.191+0800	INFO	bft/view.go:870	Sequence: 5-->6
2023-12-08T01:18:21.191+0800	DEBUG	bft/controller.go:529	Delivering to app from Controller decide the last decision proposal
2023-12-08T01:18:21.191+0800	DEBUG	bft/controller.go:534	Node 4 delivered proposal
2023-12-08T01:18:21.191+0800	DEBUG	bft/requestpool.go:374	request {alice tx10} is not in the pool at remove time
2023-12-08T01:18:21.191+0800	DEBUG	bft/controller.go:906	Request {alice tx10} wasn't found in the pool : request {alice tx10} is not in the pool at remove time
2023-12-08T01:18:21.191+0800	DEBUG	bft/controller.go:563	view(0) + (decisionsInView(5) / decisionsPerLeader(3)), N(5), blacklist([])
2023-12-08T01:18:21.571+0800	DEBUG	bft/heartbeatmonitor.go:393	Last heartbeat from 2 was 992.8162ms ago
2023-12-08T01:18:21.676+0800	DEBUG	bft/requestpool.go:507	Request {alice tx11}; started a leader-forwarding timeout: 20s
2023-12-08T01:18:21.676+0800	DEBUG	bft/requestpool.go:512	Request {alice tx11} timeout expired, going to send to leader
2023-12-08T01:18:21.676+0800	DEBUG	consensus/consensus.go:315	Submit Request: {alice tx15}
2023-12-08T01:18:21.676+0800	INFO	bft/controller.go:275	Request {alice tx11} timeout expired, forwarding request to leader: 2
2023-12-08T01:18:21.676+0800	DEBUG	bft/requestpool.go:265	Request {alice tx15} submitted; started a timeout: 2s
2023-12-08T01:18:21.676+0800	DEBUG	bft/controller.go:261	Request {alice tx15} was submitted
2023-12-08T01:18:21.748+0800	DEBUG	bft/controller.go:322	4 got message from 2: <PrePrepare with view: 0, seq: 6, payload of 21 bytes, header: MEcCAQYTABNAOWI3YTJiNzMwMTYzOTcyZWZiNjMxYzhjMDY4ZTMxNDc3MWYyMTk1YzFkMTVkOTFhNjNmNDdjOTU5YjVhMGEwYg==>
2023-12-08T01:18:21.749+0800	DEBUG	bft/controller.go:322	4 got message from 2: prepare:{seq:6 digest:"2a40321e0b06b6cbcbcd0ecf607e0ee6dfab6454ba13df6e76e20b910593d320"}
2023-12-08T01:18:21.749+0800	DEBUG	bft/view.go:221	4 got message <PrePrepare with view: 0, seq: 6, payload of 21 bytes, header: MEcCAQYTABNAOWI3YTJiNzMwMTYzOTcyZWZiNjMxYzhjMDY4ZTMxNDc3MWYyMTk1YzFkMTVkOTFhNjNmNDdjOTU5YjVhMGEwYg==> from 2 with seq 6
2023-12-08T01:18:21.749+0800	DEBUG	bft/view.go:612	Previous proposal verification sequence: 0, current verification sequence: 0
2023-12-08T01:18:21.749+0800	DEBUG	bft/heartbeatmonitor.go:255	Received heartbeat from 2, last heartbeat was 992.8162ms ago
2023-12-08T01:18:21.749+0800	DEBUG	bft/view.go:664	Previous proposal verification sequence: 0, current verification sequence: 0
2023-12-08T01:18:21.749+0800	DEBUG	bft/view.go:1076	Found 0 out of 2 required witnesses for auxiliary data
2023-12-08T01:18:21.749+0800	DEBUG	bft/util.go:438	view before: 0, current view: 0
2023-12-08T01:18:21.749+0800	DEBUG	bft/heartbeatmonitor.go:255	Received heartbeat from 2, last heartbeat was 0s ago
2023-12-08T01:18:21.749+0800	DEBUG	bft/util.go:509	Blacklist empty, nothing to prune
2023-12-08T01:18:21.751+0800	DEBUG	bft/controller.go:322	4 got message from 1: prepare:{seq:6 digest:"2a40321e0b06b6cbcbcd0ecf607e0ee6dfab6454ba13df6e76e20b910593d320"}
2023-12-08T01:18:21.751+0800	DEBUG	bft/controller.go:322	4 got message from 3: prepare:{seq:6 digest:"2a40321e0b06b6cbcbcd0ecf607e0ee6dfab6454ba13df6e76e20b910593d320"}
2023-12-08T01:18:21.752+0800	DEBUG	wal/writeaheadlog.go:479	LogRecord appended successfully: total size=248, recordLength=240, dataCRC=2314A27B; file=tmp\native_chain20231208011813\node4\0000000000000001.wal, new-offset=1992
2023-12-08T01:18:21.752+0800	INFO	bft/view.go:424	Processed proposal with seq 6
2023-12-08T01:18:21.752+0800	DEBUG	bft/view.go:221	4 got message prepare:{seq:6 digest:"2a40321e0b06b6cbcbcd0ecf607e0ee6dfab6454ba13df6e76e20b910593d320"} from 2 with seq 6
2023-12-08T01:18:21.752+0800	DEBUG	bft/controller.go:322	4 got message from 5: prepare:{seq:6 digest:"2a40321e0b06b6cbcbcd0ecf607e0ee6dfab6454ba13df6e76e20b910593d320"}
2023-12-08T01:18:21.752+0800	DEBUG	bft/view.go:221	4 got message prepare:{seq:6 digest:"2a40321e0b06b6cbcbcd0ecf607e0ee6dfab6454ba13df6e76e20b910593d320"} from 1 with seq 6
2023-12-08T01:18:21.752+0800	DEBUG	bft/view.go:221	4 got message prepare:{seq:6 digest:"2a40321e0b06b6cbcbcd0ecf607e0ee6dfab6454ba13df6e76e20b910593d320"} from 3 with seq 6
2023-12-08T01:18:21.752+0800	DEBUG	bft/view.go:221	4 got message prepare:{seq:6 digest:"2a40321e0b06b6cbcbcd0ecf607e0ee6dfab6454ba13df6e76e20b910593d320"} from 5 with seq 6
2023-12-08T01:18:21.752+0800	INFO	bft/view.go:462	4 collected 3 prepares from [2 1 3]
2023-12-08T01:18:21.753+0800	DEBUG	bft/controller.go:322	4 got message from 5: commit:{seq:6 digest:"2a40321e0b06b6cbcbcd0ecf607e0ee6dfab6454ba13df6e76e20b910593d320" signature:{signer:5}}
2023-12-08T01:18:21.753+0800	DEBUG	bft/controller.go:322	4 got message from 2: commit:{seq:6 digest:"2a40321e0b06b6cbcbcd0ecf607e0ee6dfab6454ba13df6e76e20b910593d320" signature:{signer:2}}
2023-12-08T01:18:21.753+0800	DEBUG	bft/heartbeatmonitor.go:255	Received heartbeat from 2, last heartbeat was 0s ago
2023-12-08T01:18:21.753+0800	DEBUG	bft/controller.go:322	4 got message from 1: commit:{seq:6 digest:"2a40321e0b06b6cbcbcd0ecf607e0ee6dfab6454ba13df6e76e20b910593d320" signature:{signer:1}}
2023-12-08T01:18:21.754+0800	DEBUG	wal/writeaheadlog.go:479	LogRecord appended successfully: total size=88, recordLength=78, dataCRC=580406A3; file=tmp\native_chain20231208011813\node4\0000000000000001.wal, new-offset=2080
2023-12-08T01:18:21.754+0800	INFO	bft/view.go:514	Processed prepares for proposal with seq 6
2023-12-08T01:18:21.754+0800	DEBUG	bft/view.go:221	4 got message commit:{seq:6 digest:"2a40321e0b06b6cbcbcd0ecf607e0ee6dfab6454ba13df6e76e20b910593d320" signature:{signer:5}} from 5 with seq 6
2023-12-08T01:18:21.754+0800	DEBUG	bft/view.go:221	4 got message commit:{seq:6 digest:"2a40321e0b06b6cbcbcd0ecf607e0ee6dfab6454ba13df6e76e20b910593d320" signature:{signer:2}} from 2 with seq 6
2023-12-08T01:18:21.754+0800	DEBUG	bft/view.go:221	4 got message commit:{seq:6 digest:"2a40321e0b06b6cbcbcd0ecf607e0ee6dfab6454ba13df6e76e20b910593d320" signature:{signer:1}} from 1 with seq 6
2023-12-08T01:18:21.754+0800	INFO	bft/view.go:547	4 collected 3 commits from [1 5 2]
2023-12-08T01:18:21.754+0800	INFO	bft/view.go:334	4 processed commits for proposal with seq 6
2023-12-08T01:18:21.754+0800	INFO	bft/view.go:851	Deciding on seq 6
2023-12-08T01:18:21.754+0800	INFO	bft/view.go:870	Sequence: 6-->7
2023-12-08T01:18:21.754+0800	DEBUG	bft/controller.go:529	Delivering to app from Controller decide the last decision proposal
2023-12-08T01:18:21.754+0800	DEBUG	bft/controller.go:534	Node 4 delivered proposal
2023-12-08T01:18:21.754+0800	INFO	bft/requestpool.go:392	Removed request {alice tx11} from request pool
2023-12-08T01:18:21.754+0800	DEBUG	bft/controller.go:563	view(0) + (decisionsInView(6) / decisionsPerLeader(3)), N(5), blacklist([])
2023-12-08T01:18:21.754+0800	DEBUG	bft/controller.go:322	4 got message from 3: commit:{seq:6 digest:"2a40321e0b06b6cbcbcd0ecf607e0ee6dfab6454ba13df6e76e20b910593d320" signature:{signer:3}}
2023-12-08T01:18:21.754+0800	INFO	bft/controller.go:570	Rotating leader from 2 to 3
2023-12-08T01:18:21.754+0800	DEBUG	bft/view.go:754	Got commit for previous sequence (6) from 3, sent back previous commit.
2023-12-08T01:18:21.754+0800	DEBUG	bft/controller.go:549	Restarting view to rotate the leader
2023-12-08T01:18:21.754+0800	DEBUG	bft/heartbeatmonitor.go:224	Heartbeat sender is not leader, ignoring; leader: 2, sender: 3
2023-12-08T01:18:21.754+0800	DEBUG	bft/controller.go:430	view for abort 0, current view 0
2023-12-08T01:18:21.754+0800	DEBUG	bft/controller.go:442	Aborting current view with number 0
2023-12-08T01:18:21.755+0800	DEBUG	bft/controller.go:420	Starting view after setting decisions in view to 6
2023-12-08T01:18:21.755+0800	INFO	bft/heartbeatmonitor.go:185	Changing to follower role, current view: 0, current leader: 3
2023-12-08T01:18:21.755+0800	INFO	bft/controller.go:395	Starting view with number 0, sequence 7, and decisions 6
2023-12-08T01:18:21.755+0800	DEBUG	bft/controller.go:551	Restarting timers in request pool due to leader rotation
2023-12-08T01:18:21.755+0800	DEBUG	bft/requestpool.go:481	Restarted all timers: size=3
2023-12-08T01:18:21.817+0800	DEBUG	bft/controller.go:322	4 got message from 3: <PrePrepare with view: 0, seq: 7, payload of 21 bytes, header: MEcCAQcTABNAMjk4MmE5OTczZTdkYmVmYWY0MTA3NWEzMzYwNmZlNzQ4NDI1MmY4N2NkOTgzODk0ZjQ1OTM4OTY3MmI3MjZjNw==>
2023-12-08T01:18:21.817+0800	DEBUG	bft/controller.go:322	4 got message from 3: prepare:{seq:7 digest:"9a80f348f33932b08ea40caf88dd72eb01f9bd6edf94725f0e8ac72793d13d9e"}
2023-12-08T01:18:21.817+0800	DEBUG	bft/heartbeatmonitor.go:255	Received heartbeat from 3, last heartbeat was 0s ago
2023-12-08T01:18:21.817+0800	DEBUG	bft/heartbeatmonitor.go:255	Received heartbeat from 3, last heartbeat was 0s ago
2023-12-08T01:18:21.817+0800	DEBUG	bft/view.go:221	4 got message <PrePrepare with view: 0, seq: 7, payload of 21 bytes, header: MEcCAQcTABNAMjk4MmE5OTczZTdkYmVmYWY0MTA3NWEzMzYwNmZlNzQ4NDI1MmY4N2NkOTgzODk0ZjQ1OTM4OTY3MmI3MjZjNw==> from 3 with seq 7
2023-12-08T01:18:21.817+0800	DEBUG	bft/view.go:612	Previous proposal verification sequence: 0, current verification sequence: 0
2023-12-08T01:18:21.817+0800	DEBUG	bft/view.go:664	Previous proposal verification sequence: 0, current verification sequence: 0
2023-12-08T01:18:21.817+0800	DEBUG	bft/view.go:1076	Found 0 out of 2 required witnesses for auxiliary data
2023-12-08T01:18:21.817+0800	DEBUG	bft/util.go:438	view before: 0, current view: 0
2023-12-08T01:18:21.817+0800	DEBUG	bft/util.go:509	Blacklist empty, nothing to prune
2023-12-08T01:18:21.818+0800	DEBUG	bft/controller.go:322	4 got message from 5: prepare:{seq:7 digest:"9a80f348f33932b08ea40caf88dd72eb01f9bd6edf94725f0e8ac72793d13d9e"}
2023-12-08T01:18:21.819+0800	DEBUG	bft/controller.go:322	4 got message from 1: prepare:{seq:7 digest:"9a80f348f33932b08ea40caf88dd72eb01f9bd6edf94725f0e8ac72793d13d9e"}
2023-12-08T01:18:21.837+0800	DEBUG	wal/writeaheadlog.go:479	LogRecord appended successfully: total size=248, recordLength=240, dataCRC=2967F4E5; file=tmp\native_chain20231208011813\node4\0000000000000001.wal, new-offset=2328
2023-12-08T01:18:21.837+0800	INFO	bft/view.go:424	Processed proposal with seq 7
2023-12-08T01:18:21.837+0800	DEBUG	bft/view.go:221	4 got message prepare:{seq:7 digest:"9a80f348f33932b08ea40caf88dd72eb01f9bd6edf94725f0e8ac72793d13d9e"} from 3 with seq 7
2023-12-08T01:18:21.837+0800	DEBUG	bft/view.go:221	4 got message prepare:{seq:7 digest:"9a80f348f33932b08ea40caf88dd72eb01f9bd6edf94725f0e8ac72793d13d9e"} from 5 with seq 7
2023-12-08T01:18:21.837+0800	DEBUG	bft/view.go:221	4 got message prepare:{seq:7 digest:"9a80f348f33932b08ea40caf88dd72eb01f9bd6edf94725f0e8ac72793d13d9e"} from 1 with seq 7
2023-12-08T01:18:21.837+0800	INFO	bft/view.go:462	4 collected 3 prepares from [3 5 1]
2023-12-08T01:18:21.845+0800	DEBUG	bft/controller.go:322	4 got message from 2: prepare:{seq:7 digest:"9a80f348f33932b08ea40caf88dd72eb01f9bd6edf94725f0e8ac72793d13d9e"}
2023-12-08T01:18:21.845+0800	DEBUG	bft/controller.go:322	4 got message from 3: commit:{seq:7 digest:"9a80f348f33932b08ea40caf88dd72eb01f9bd6edf94725f0e8ac72793d13d9e" signature:{signer:3}}
2023-12-08T01:18:21.845+0800	DEBUG	bft/heartbeatmonitor.go:255	Received heartbeat from 3, last heartbeat was 0s ago
2023-12-08T01:18:21.846+0800	DEBUG	wal/writeaheadlog.go:479	LogRecord appended successfully: total size=88, recordLength=78, dataCRC=58475B8A; file=tmp\native_chain20231208011813\node4\0000000000000001.wal, new-offset=2416
2023-12-08T01:18:21.846+0800	INFO	bft/view.go:514	Processed prepares for proposal with seq 7
2023-12-08T01:18:21.846+0800	DEBUG	bft/view.go:221	4 got message prepare:{seq:7 digest:"9a80f348f33932b08ea40caf88dd72eb01f9bd6edf94725f0e8ac72793d13d9e"} from 2 with seq 7
2023-12-08T01:18:21.846+0800	DEBUG	bft/view.go:221	4 got message commit:{seq:7 digest:"9a80f348f33932b08ea40caf88dd72eb01f9bd6edf94725f0e8ac72793d13d9e" signature:{signer:3}} from 3 with seq 7
2023-12-08T01:18:21.846+0800	DEBUG	bft/controller.go:322	4 got message from 5: commit:{seq:7 digest:"9a80f348f33932b08ea40caf88dd72eb01f9bd6edf94725f0e8ac72793d13d9e" signature:{signer:5}}
2023-12-08T01:18:21.846+0800	DEBUG	bft/view.go:221	4 got message commit:{seq:7 digest:"9a80f348f33932b08ea40caf88dd72eb01f9bd6edf94725f0e8ac72793d13d9e" signature:{signer:5}} from 5 with seq 7
2023-12-08T01:18:21.846+0800	DEBUG	bft/controller.go:322	4 got message from 2: commit:{seq:7 digest:"9a80f348f33932b08ea40caf88dd72eb01f9bd6edf94725f0e8ac72793d13d9e" signature:{signer:2}}
2023-12-08T01:18:21.846+0800	DEBUG	bft/controller.go:322	4 got message from 1: commit:{seq:7 digest:"9a80f348f33932b08ea40caf88dd72eb01f9bd6edf94725f0e8ac72793d13d9e" signature:{signer:1}}
2023-12-08T01:18:21.846+0800	DEBUG	bft/view.go:221	4 got message commit:{seq:7 digest:"9a80f348f33932b08ea40caf88dd72eb01f9bd6edf94725f0e8ac72793d13d9e" signature:{signer:2}} from 2 with seq 7
2023-12-08T01:18:21.846+0800	DEBUG	bft/view.go:221	4 got message commit:{seq:7 digest:"9a80f348f33932b08ea40caf88dd72eb01f9bd6edf94725f0e8ac72793d13d9e" signature:{signer:1}} from 1 with seq 7
2023-12-08T01:18:21.846+0800	INFO	bft/view.go:547	4 collected 3 commits from [3 5 2]
2023-12-08T01:18:21.846+0800	INFO	bft/view.go:334	4 processed commits for proposal with seq 7
2023-12-08T01:18:21.846+0800	INFO	bft/view.go:851	Deciding on seq 7
2023-12-08T01:18:21.846+0800	INFO	bft/view.go:870	Sequence: 7-->8
2023-12-08T01:18:21.846+0800	DEBUG	bft/controller.go:529	Delivering to app from Controller decide the last decision proposal
2023-12-08T01:18:21.846+0800	DEBUG	bft/controller.go:534	Node 4 delivered proposal
2023-12-08T01:18:21.846+0800	DEBUG	bft/requestpool.go:374	request {alice tx14} is not in the pool at remove time
2023-12-08T01:18:21.846+0800	DEBUG	bft/controller.go:906	Request {alice tx14} wasn't found in the pool : request {alice tx14} is not in the pool at remove time
2023-12-08T01:18:21.846+0800	DEBUG	bft/controller.go:563	view(0) + (decisionsInView(7) / decisionsPerLeader(3)), N(5), blacklist([])
2023-12-08T01:18:22.569+0800	DEBUG	bft/heartbeatmonitor.go:393	Last heartbeat from 3 was 998.5812ms ago
2023-12-08T01:18:23.238+0800	DEBUG	bft/controller.go:322	4 got message from 3: <PrePrepare with view: 0, seq: 8, payload of 21 bytes, header: MEcCAQgTABNAN2I3NjkwZWVhYmY0ZjQzZGQ2MjQxMGM0ODNkYmJiOGJlYWZmMDQ3M2ZiNTE1Zjg3NmU3NTcyOTg5MmQzNTJlOA==>
2023-12-08T01:18:23.238+0800	DEBUG	bft/view.go:221	4 got message <PrePrepare with view: 0, seq: 8, payload of 21 bytes, header: MEcCAQgTABNAN2I3NjkwZWVhYmY0ZjQzZGQ2MjQxMGM0ODNkYmJiOGJlYWZmMDQ3M2ZiNTE1Zjg3NmU3NTcyOTg5MmQzNTJlOA==> from 3 with seq 8
2023-12-08T01:18:23.238+0800	DEBUG	bft/heartbeatmonitor.go:255	Received heartbeat from 3, last heartbeat was 998.5812ms ago
2023-12-08T01:18:23.238+0800	DEBUG	bft/controller.go:322	4 got message from 3: prepare:{seq:8 digest:"2120903c9ad770b0d2332634adeab87a4927c1d53cc031c4efe5a5310282291c"}
2023-12-08T01:18:23.238+0800	DEBUG	bft/view.go:612	Previous proposal verification sequence: 0, current verification sequence: 0
2023-12-08T01:18:23.238+0800	DEBUG	bft/heartbeatmonitor.go:255	Received heartbeat from 3, last heartbeat was 0s ago
2023-12-08T01:18:23.238+0800	DEBUG	bft/view.go:664	Previous proposal verification sequence: 0, current verification sequence: 0
2023-12-08T01:18:23.238+0800	DEBUG	bft/view.go:1076	Found 0 out of 2 required witnesses for auxiliary data
2023-12-08T01:18:23.238+0800	DEBUG	bft/util.go:438	view before: 0, current view: 0
2023-12-08T01:18:23.238+0800	DEBUG	bft/util.go:509	Blacklist empty, nothing to prune
2023-12-08T01:18:23.262+0800	DEBUG	bft/controller.go:322	4 got message from 2: prepare:{seq:8 digest:"2120903c9ad770b0d2332634adeab87a4927c1d53cc031c4efe5a5310282291c"}
2023-12-08T01:18:23.263+0800	DEBUG	bft/controller.go:322	4 got message from 1: prepare:{seq:8 digest:"2120903c9ad770b0d2332634adeab87a4927c1d53cc031c4efe5a5310282291c"}
2023-12-08T01:18:23.263+0800	DEBUG	wal/writeaheadlog.go:479	LogRecord appended successfully: total size=248, recordLength=240, dataCRC=2516F2F7; file=tmp\native_chain20231208011813\node4\0000000000000001.wal, new-offset=2664
2023-12-08T01:18:23.263+0800	INFO	bft/view.go:424	Processed proposal with seq 8
2023-12-08T01:18:23.263+0800	DEBUG	bft/view.go:221	4 got message prepare:{seq:8 digest:"2120903c9ad770b0d2332634adeab87a4927c1d53cc031c4efe5a5310282291c"} from 3 with seq 8
2023-12-08T01:18:23.263+0800	DEBUG	bft/view.go:221	4 got message prepare:{seq:8 digest:"2120903c9ad770b0d2332634adeab87a4927c1d53cc031c4efe5a5310282291c"} from 2 with seq 8
2023-12-08T01:18:23.263+0800	DEBUG	bft/view.go:221	4 got message prepare:{seq:8 digest:"2120903c9ad770b0d2332634adeab87a4927c1d53cc031c4efe5a5310282291c"} from 1 with seq 8
2023-12-08T01:18:23.263+0800	INFO	bft/view.go:462	4 collected 3 prepares from [3 2 1]
2023-12-08T01:18:23.263+0800	DEBUG	bft/controller.go:322	4 got message from 5: prepare:{seq:8 digest:"2120903c9ad770b0d2332634adeab87a4927c1d53cc031c4efe5a5310282291c"}
2023-12-08T01:18:23.264+0800	DEBUG	wal/writeaheadlog.go:479	LogRecord appended successfully: total size=88, recordLength=78, dataCRC=3001A25C; file=tmp\native_chain20231208011813\node4\0000000000000001.wal, new-offset=2752
2023-12-08T01:18:23.264+0800	INFO	bft/view.go:514	Processed prepares for proposal with seq 8
2023-12-08T01:18:23.264+0800	DEBUG	bft/view.go:221	4 got message prepare:{seq:8 digest:"2120903c9ad770b0d2332634adeab87a4927c1d53cc031c4efe5a5310282291c"} from 5 with seq 8
2023-12-08T01:18:23.264+0800	DEBUG	bft/controller.go:322	4 got message from 1: commit:{seq:8 digest:"2120903c9ad770b0d2332634adeab87a4927c1d53cc031c4efe5a5310282291c" signature:{signer:1}}
2023-12-08T01:18:23.264+0800	DEBUG	bft/view.go:221	4 got message commit:{seq:8 digest:"2120903c9ad770b0d2332634adeab87a4927c1d53cc031c4efe5a5310282291c" signature:{signer:1}} from 1 with seq 8
2023-12-08T01:18:23.265+0800	DEBUG	bft/controller.go:322	4 got message from 2: commit:{seq:8 digest:"2120903c9ad770b0d2332634adeab87a4927c1d53cc031c4efe5a5310282291c" signature:{signer:2}}
2023-12-08T01:18:23.265+0800	DEBUG	bft/view.go:221	4 got message commit:{seq:8 digest:"2120903c9ad770b0d2332634adeab87a4927c1d53cc031c4efe5a5310282291c" signature:{signer:2}} from 2 with seq 8
2023-12-08T01:18:23.265+0800	DEBUG	bft/controller.go:322	4 got message from 5: commit:{seq:8 digest:"2120903c9ad770b0d2332634adeab87a4927c1d53cc031c4efe5a5310282291c" signature:{signer:5}}
2023-12-08T01:18:23.265+0800	DEBUG	bft/controller.go:322	4 got message from 3: commit:{seq:8 digest:"2120903c9ad770b0d2332634adeab87a4927c1d53cc031c4efe5a5310282291c" signature:{signer:3}}
2023-12-08T01:18:23.265+0800	DEBUG	bft/view.go:221	4 got message commit:{seq:8 digest:"2120903c9ad770b0d2332634adeab87a4927c1d53cc031c4efe5a5310282291c" signature:{signer:5}} from 5 with seq 8
2023-12-08T01:18:23.265+0800	DEBUG	bft/heartbeatmonitor.go:255	Received heartbeat from 3, last heartbeat was 0s ago
2023-12-08T01:18:23.265+0800	DEBUG	bft/view.go:221	4 got message commit:{seq:8 digest:"2120903c9ad770b0d2332634adeab87a4927c1d53cc031c4efe5a5310282291c" signature:{signer:3}} from 3 with seq 8
2023-12-08T01:18:23.265+0800	INFO	bft/view.go:547	4 collected 3 commits from [1 2 5]
2023-12-08T01:18:23.265+0800	INFO	bft/view.go:334	4 processed commits for proposal with seq 8
2023-12-08T01:18:23.265+0800	INFO	bft/view.go:851	Deciding on seq 8
2023-12-08T01:18:23.265+0800	INFO	bft/view.go:870	Sequence: 8-->9
2023-12-08T01:18:23.265+0800	DEBUG	bft/controller.go:529	Delivering to app from Controller decide the last decision proposal
2023-12-08T01:18:23.265+0800	DEBUG	bft/controller.go:534	Node 4 delivered proposal
2023-12-08T01:18:23.265+0800	DEBUG	bft/requestpool.go:374	request {alice tx18} is not in the pool at remove time
2023-12-08T01:18:23.265+0800	DEBUG	bft/controller.go:906	Request {alice tx18} wasn't found in the pool : request {alice tx18} is not in the pool at remove time
2023-12-08T01:18:23.265+0800	DEBUG	bft/controller.go:563	view(0) + (decisionsInView(8) / decisionsPerLeader(3)), N(5), blacklist([])
2023-12-08T01:18:23.572+0800	DEBUG	bft/heartbeatmonitor.go:393	Last heartbeat from 3 was 1.0022209s ago
2023-12-08T01:18:23.761+0800	DEBUG	bft/requestpool.go:507	Request {alice tx15}; started a leader-forwarding timeout: 20s
2023-12-08T01:18:23.761+0800	DEBUG	bft/requestpool.go:512	Request {alice tx15} timeout expired, going to send to leader
2023-12-08T01:18:23.761+0800	DEBUG	bft/requestpool.go:507	Request {alice tx12}; started a leader-forwarding timeout: 20s
2023-12-08T01:18:23.761+0800	INFO	bft/controller.go:275	Request {alice tx15} timeout expired, forwarding request to leader: 3
2023-12-08T01:18:23.761+0800	DEBUG	bft/requestpool.go:512	Request {alice tx12} timeout expired, going to send to leader
2023-12-08T01:18:23.761+0800	DEBUG	bft/requestpool.go:507	Request {alice tx13}; started a leader-forwarding timeout: 20s
2023-12-08T01:18:23.761+0800	INFO	bft/controller.go:275	Request {alice tx12} timeout expired, forwarding request to leader: 3
2023-12-08T01:18:23.761+0800	DEBUG	bft/requestpool.go:512	Request {alice tx13} timeout expired, going to send to leader
2023-12-08T01:18:23.761+0800	INFO	bft/controller.go:275	Request {alice tx13} timeout expired, forwarding request to leader: 3
2023-12-08T01:18:23.836+0800	DEBUG	bft/controller.go:322	4 got message from 3: <PrePrepare with view: 0, seq: 9, payload of 55 bytes, header: MEcCAQkTABNAY2JiOTVkZjFjM2FjMGNlNmQzYzc1Y2I4ZmIxYmE4ODA5ZjkwNzFjMzU5ZjMyYjc4YjBkMWNmZDVlZjZlNGIwOQ==>
2023-12-08T01:18:23.836+0800	DEBUG	bft/view.go:221	4 got message <PrePrepare with view: 0, seq: 9, payload of 55 bytes, header: MEcCAQkTABNAY2JiOTVkZjFjM2FjMGNlNmQzYzc1Y2I4ZmIxYmE4ODA5ZjkwNzFjMzU5ZjMyYjc4YjBkMWNmZDVlZjZlNGIwOQ==> from 3 with seq 9
2023-12-08T01:18:23.836+0800	DEBUG	bft/controller.go:322	4 got message from 3: prepare:{seq:9 digest:"50d8f198b60c71e21fc6dcd09ca9de84872a0ba32953bcf5f522bdb0d14d5157"}
2023-12-08T01:18:23.836+0800	DEBUG	bft/heartbeatmonitor.go:255	Received heartbeat from 3, last heartbeat was 1.0022209s ago
2023-12-08T01:18:23.836+0800	DEBUG	bft/view.go:612	Previous proposal verification sequence: 0, current verification sequence: 0
2023-12-08T01:18:23.836+0800	DEBUG	bft/heartbeatmonitor.go:255	Received heartbeat from 3, last heartbeat was 0s ago
2023-12-08T01:18:23.836+0800	DEBUG	bft/view.go:664	Previous proposal verification sequence: 0, current verification sequence: 0
2023-12-08T01:18:23.836+0800	DEBUG	bft/view.go:1076	Found 0 out of 2 required witnesses for auxiliary data
2023-12-08T01:18:23.837+0800	DEBUG	bft/util.go:438	view before: 0, current view: 0
2023-12-08T01:18:23.837+0800	DEBUG	bft/util.go:509	Blacklist empty, nothing to prune
2023-12-08T01:18:23.837+0800	DEBUG	bft/controller.go:322	4 got message from 1: prepare:{seq:9 digest:"50d8f198b60c71e21fc6dcd09ca9de84872a0ba32953bcf5f522bdb0d14d5157"}
2023-12-08T01:18:23.838+0800	DEBUG	wal/writeaheadlog.go:479	LogRecord appended successfully: total size=288, recordLength=274, dataCRC=46A6066C; file=tmp\native_chain20231208011813\node4\0000000000000001.wal, new-offset=3040
2023-12-08T01:18:23.838+0800	INFO	bft/view.go:424	Processed proposal with seq 9
2023-12-08T01:18:23.838+0800	DEBUG	bft/controller.go:322	4 got message from 5: prepare:{seq:9 digest:"50d8f198b60c71e21fc6dcd09ca9de84872a0ba32953bcf5f522bdb0d14d5157"}
2023-12-08T01:18:23.838+0800	DEBUG	bft/view.go:221	4 got message prepare:{seq:9 digest:"50d8f198b60c71e21fc6dcd09ca9de84872a0ba32953bcf5f522bdb0d14d5157"} from 3 with seq 9
2023-12-08T01:18:23.838+0800	DEBUG	bft/view.go:221	4 got message prepare:{seq:9 digest:"50d8f198b60c71e21fc6dcd09ca9de84872a0ba32953bcf5f522bdb0d14d5157"} from 1 with seq 9
2023-12-08T01:18:23.838+0800	DEBUG	bft/view.go:221	4 got message prepare:{seq:9 digest:"50d8f198b60c71e21fc6dcd09ca9de84872a0ba32953bcf5f522bdb0d14d5157"} from 5 with seq 9
2023-12-08T01:18:23.838+0800	INFO	bft/view.go:462	4 collected 3 prepares from [3 1 5]
2023-12-08T01:18:23.838+0800	DEBUG	bft/controller.go:322	4 got message from 2: prepare:{seq:9 digest:"50d8f198b60c71e21fc6dcd09ca9de84872a0ba32953bcf5f522bdb0d14d5157"}
2023-12-08T01:18:23.839+0800	DEBUG	bft/controller.go:322	4 got message from 2: commit:{seq:9 digest:"50d8f198b60c71e21fc6dcd09ca9de84872a0ba32953bcf5f522bdb0d14d5157" signature:{signer:2}}
2023-12-08T01:18:23.839+0800	DEBUG	wal/writeaheadlog.go:479	LogRecord appended successfully: total size=88, recordLength=78, dataCRC=AC1AD809; file=tmp\native_chain20231208011813\node4\0000000000000001.wal, new-offset=3128
2023-12-08T01:18:23.839+0800	INFO	bft/view.go:514	Processed prepares for proposal with seq 9
2023-12-08T01:18:23.839+0800	DEBUG	bft/view.go:221	4 got message prepare:{seq:9 digest:"50d8f198b60c71e21fc6dcd09ca9de84872a0ba32953bcf5f522bdb0d14d5157"} from 2 with seq 9
2023-12-08T01:18:23.839+0800	DEBUG	bft/view.go:221	4 got message commit:{seq:9 digest:"50d8f198b60c71e21fc6dcd09ca9de84872a0ba32953bcf5f522bdb0d14d5157" signature:{signer:2}} from 2 with seq 9
2023-12-08T01:18:23.840+0800	DEBUG	bft/controller.go:322	4 got message from 1: commit:{seq:9 digest:"50d8f198b60c71e21fc6dcd09ca9de84872a0ba32953bcf5f522bdb0d14d5157" signature:{signer:1}}
2023-12-08T01:18:23.840+0800	DEBUG	bft/view.go:221	4 got message commit:{seq:9 digest:"50d8f198b60c71e21fc6dcd09ca9de84872a0ba32953bcf5f522bdb0d14d5157" signature:{signer:1}} from 1 with seq 9
2023-12-08T01:18:23.840+0800	DEBUG	bft/controller.go:322	4 got message from 5: commit:{seq:9 digest:"50d8f198b60c71e21fc6dcd09ca9de84872a0ba32953bcf5f522bdb0d14d5157" signature:{signer:5}}
2023-12-08T01:18:23.840+0800	DEBUG	bft/view.go:221	4 got message commit:{seq:9 digest:"50d8f198b60c71e21fc6dcd09ca9de84872a0ba32953bcf5f522bdb0d14d5157" signature:{signer:5}} from 5 with seq 9
2023-12-08T01:18:23.840+0800	INFO	bft/view.go:547	4 collected 3 commits from [2 1 5]
2023-12-08T01:18:23.840+0800	INFO	bft/view.go:334	4 processed commits for proposal with seq 9
2023-12-08T01:18:23.840+0800	INFO	bft/view.go:851	Deciding on seq 9
2023-12-08T01:18:23.840+0800	INFO	bft/view.go:870	Sequence: 9-->10
2023-12-08T01:18:23.840+0800	DEBUG	bft/controller.go:529	Delivering to app from Controller decide the last decision proposal
2023-12-08T01:18:23.840+0800	DEBUG	bft/controller.go:534	Node 4 delivered proposal
2023-12-08T01:18:23.840+0800	INFO	bft/requestpool.go:392	Removed request {alice tx15} from request pool
2023-12-08T01:18:23.840+0800	INFO	bft/requestpool.go:392	Removed request {alice tx12} from request pool
2023-12-08T01:18:23.840+0800	INFO	bft/requestpool.go:392	Removed request {alice tx13} from request pool
2023-12-08T01:18:23.840+0800	DEBUG	bft/controller.go:563	view(0) + (decisionsInView(9) / decisionsPerLeader(3)), N(5), blacklist([])
2023-12-08T01:18:23.840+0800	INFO	bft/controller.go:570	Rotating leader from 3 to 4
2023-12-08T01:18:23.840+0800	DEBUG	bft/controller.go:549	Restarting view to rotate the leader
2023-12-08T01:18:23.840+0800	DEBUG	bft/controller.go:430	view for abort 0, current view 0
2023-12-08T01:18:23.840+0800	DEBUG	bft/controller.go:442	Aborting current view with number 0
2023-12-08T01:18:23.840+0800	DEBUG	bft/controller.go:420	Starting view after setting decisions in view to 9
2023-12-08T01:18:23.841+0800	DEBUG	bft/controller.go:387	Acquiring leader token when starting view with phase COMMITTED
2023-12-08T01:18:23.841+0800	INFO	bft/heartbeatmonitor.go:185	Changing to leader role, current view: 0, current leader: 4
2023-12-08T01:18:23.841+0800	INFO	bft/controller.go:395	Starting view with number 0, sequence 10, and decisions 9
2023-12-08T01:18:23.841+0800	DEBUG	bft/controller.go:551	Restarting timers in request pool due to leader rotation
2023-12-08T01:18:23.841+0800	DEBUG	bft/requestpool.go:481	Restarted all timers: size=0
2023-12-08T01:18:23.841+0800	DEBUG	bft/controller.go:322	4 got message from 3: commit:{seq:9 digest:"50d8f198b60c71e21fc6dcd09ca9de84872a0ba32953bcf5f522bdb0d14d5157" signature:{signer:3}}
2023-12-08T01:18:23.841+0800	DEBUG	bft/view.go:754	Got commit for previous sequence (9) from 3, but didn't have a previous commit to send back.
2023-12-08T01:18:25.852+0800	DEBUG	consensus/consensus.go:315	Submit Request: {alice tx17}
2023-12-08T01:18:25.852+0800	DEBUG	consensus/consensus.go:315	Submit Request: {alice tx19}
2023-12-08T01:18:25.852+0800	DEBUG	bft/requestpool.go:265	Request {alice tx17} submitted; started a timeout: 2s
2023-12-08T01:18:25.852+0800	DEBUG	bft/controller.go:261	Request {alice tx17} was submitted
2023-12-08T01:18:25.852+0800	DEBUG	bft/requestpool.go:265	Request {alice tx19} submitted; started a timeout: 2s
2023-12-08T01:18:25.852+0800	DEBUG	bft/controller.go:261	Request {alice tx19} was submitted
2023-12-08T01:18:25.852+0800	DEBUG	consensus/consensus.go:315	Submit Request: {alice tx16}
2023-12-08T01:18:25.852+0800	DEBUG	bft/requestpool.go:265	Request {alice tx16} submitted; started a timeout: 2s
2023-12-08T01:18:25.852+0800	DEBUG	bft/controller.go:261	Request {alice tx16} was submitted
2023-12-08T01:18:25.883+0800	DEBUG	bft/requestpool.go:320	Returning batch of 3 requests totalling 45B
2023-12-08T01:18:25.883+0800	DEBUG	bft/view.go:903	GetMetadata with view 0, seq 10, dec 9
2023-12-08T01:18:25.883+0800	DEBUG	bft/view.go:933	Proposing proposal 10 with verification sequence of 0 and 4 commit signatures
2023-12-08T01:18:25.883+0800	DEBUG	bft/util.go:438	view before: 0, current view: 0
2023-12-08T01:18:25.883+0800	DEBUG	bft/util.go:509	Blacklist empty, nothing to prune
2023-12-08T01:18:25.883+0800	DEBUG	bft/view.go:985	Bound 4 commit signatures to proposal
2023-12-08T01:18:25.883+0800	DEBUG	bft/view.go:972	Proposing proposal sequence 10 in view 0
2023-12-08T01:18:25.883+0800	DEBUG	bft/view.go:221	4 got message <PrePrepare with view: 0, seq: 10, payload of 55 bytes, header: MEcCAQoTABNAODE2ODA1YjFkYmEyY2M1ZmJmYWY3NGM3YjA2ZTRmOGRhYTM0YzEyYjg0NWI4NDRlZjZjYWRhNDViNmVkNDFhYg==> from 4 with seq 10
2023-12-08T01:18:25.883+0800	DEBUG	bft/view.go:612	Previous proposal verification sequence: 0, current verification sequence: 0
2023-12-08T01:18:25.883+0800	DEBUG	bft/view.go:664	Previous proposal verification sequence: 0, current verification sequence: 0
2023-12-08T01:18:25.883+0800	DEBUG	bft/view.go:1076	Found 0 out of 2 required witnesses for auxiliary data
2023-12-08T01:18:25.883+0800	DEBUG	bft/util.go:438	view before: 0, current view: 0
2023-12-08T01:18:25.883+0800	DEBUG	bft/util.go:509	Blacklist empty, nothing to prune
2023-12-08T01:18:25.884+0800	DEBUG	wal/writeaheadlog.go:479	LogRecord appended successfully: total size=288, recordLength=274, dataCRC=5C5F7466; file=tmp\native_chain20231208011813\node4\0000000000000001.wal, new-offset=3416
2023-12-08T01:18:25.884+0800	INFO	bft/view.go:424	Processed proposal with seq 10
2023-12-08T01:18:25.899+0800	DEBUG	bft/controller.go:322	4 got message from 2: prepare:{seq:10 digest:"abc253988fd6a11b987ba900c30a9f5948688da6adf01834a60d18537f383a81"}
2023-12-08T01:18:25.899+0800	DEBUG	bft/view.go:221	4 got message prepare:{seq:10 digest:"abc253988fd6a11b987ba900c30a9f5948688da6adf01834a60d18537f383a81"} from 2 with seq 10
2023-12-08T01:18:25.905+0800	DEBUG	bft/controller.go:322	4 got message from 3: prepare:{seq:10 digest:"abc253988fd6a11b987ba900c30a9f5948688da6adf01834a60d18537f383a81"}
2023-12-08T01:18:25.905+0800	DEBUG	bft/view.go:221	4 got message prepare:{seq:10 digest:"abc253988fd6a11b987ba900c30a9f5948688da6adf01834a60d18537f383a81"} from 3 with seq 10
2023-12-08T01:18:25.905+0800	DEBUG	bft/controller.go:322	4 got message from 1: prepare:{seq:10 digest:"abc253988fd6a11b987ba900c30a9f5948688da6adf01834a60d18537f383a81"}
2023-12-08T01:18:25.905+0800	DEBUG	bft/view.go:221	4 got message prepare:{seq:10 digest:"abc253988fd6a11b987ba900c30a9f5948688da6adf01834a60d18537f383a81"} from 1 with seq 10
2023-12-08T01:18:25.905+0800	DEBUG	bft/controller.go:322	4 got message from 5: prepare:{seq:10 digest:"abc253988fd6a11b987ba900c30a9f5948688da6adf01834a60d18537f383a81"}
2023-12-08T01:18:25.905+0800	INFO	bft/view.go:462	4 collected 3 prepares from [2 3 1]
2023-12-08T01:18:25.906+0800	DEBUG	bft/controller.go:322	4 got message from 3: commit:{seq:10 digest:"abc253988fd6a11b987ba900c30a9f5948688da6adf01834a60d18537f383a81" signature:{signer:3}}
2023-12-08T01:18:25.924+0800	DEBUG	bft/controller.go:322	4 got message from 5: commit:{seq:10 digest:"abc253988fd6a11b987ba900c30a9f5948688da6adf01834a60d18537f383a81" signature:{signer:5}}
2023-12-08T01:18:25.934+0800	DEBUG	wal/writeaheadlog.go:479	LogRecord appended successfully: total size=88, recordLength=78, dataCRC=91A4D223; file=tmp\native_chain20231208011813\node4\0000000000000001.wal, new-offset=3504
2023-12-08T01:18:25.934+0800	INFO	bft/view.go:514	Processed prepares for proposal with seq 10
2023-12-08T01:18:25.934+0800	DEBUG	bft/view.go:221	4 got message prepare:{seq:10 digest:"abc253988fd6a11b987ba900c30a9f5948688da6adf01834a60d18537f383a81"} from 5 with seq 10
2023-12-08T01:18:25.934+0800	DEBUG	bft/view.go:221	4 got message commit:{seq:10 digest:"abc253988fd6a11b987ba900c30a9f5948688da6adf01834a60d18537f383a81" signature:{signer:3}} from 3 with seq 10
2023-12-08T01:18:25.934+0800	DEBUG	bft/view.go:221	4 got message commit:{seq:10 digest:"abc253988fd6a11b987ba900c30a9f5948688da6adf01834a60d18537f383a81" signature:{signer:5}} from 5 with seq 10
2023-12-08T01:18:25.934+0800	DEBUG	bft/controller.go:322	4 got message from 2: commit:{seq:10 digest:"abc253988fd6a11b987ba900c30a9f5948688da6adf01834a60d18537f383a81" signature:{signer:2}}
2023-12-08T01:18:25.934+0800	DEBUG	bft/controller.go:322	4 got message from 1: commit:{seq:10 digest:"abc253988fd6a11b987ba900c30a9f5948688da6adf01834a60d18537f383a81" signature:{signer:1}}
2023-12-08T01:18:25.934+0800	DEBUG	bft/view.go:221	4 got message commit:{seq:10 digest:"abc253988fd6a11b987ba900c30a9f5948688da6adf01834a60d18537f383a81" signature:{signer:2}} from 2 with seq 10
2023-12-08T01:18:25.934+0800	DEBUG	bft/view.go:221	4 got message commit:{seq:10 digest:"abc253988fd6a11b987ba900c30a9f5948688da6adf01834a60d18537f383a81" signature:{signer:1}} from 1 with seq 10
2023-12-08T01:18:25.934+0800	INFO	bft/view.go:547	4 collected 3 commits from [5 3 2]
2023-12-08T01:18:25.934+0800	INFO	bft/view.go:334	4 processed commits for proposal with seq 10
2023-12-08T01:18:25.934+0800	INFO	bft/view.go:851	Deciding on seq 10
2023-12-08T01:18:25.934+0800	INFO	bft/view.go:870	Sequence: 10-->11
2023-12-08T01:18:25.934+0800	DEBUG	bft/controller.go:529	Delivering to app from Controller decide the last decision proposal
2023-12-08T01:18:25.934+0800	DEBUG	bft/controller.go:534	Node 4 delivered proposal
2023-12-08T01:18:25.934+0800	INFO	bft/requestpool.go:392	Removed request {alice tx17} from request pool
2023-12-08T01:18:25.934+0800	INFO	bft/requestpool.go:392	Removed request {alice tx19} from request pool
2023-12-08T01:18:25.934+0800	INFO	bft/requestpool.go:392	Removed request {alice tx16} from request pool
2023-12-08T01:18:25.934+0800	DEBUG	bft/controller.go:563	view(0) + (decisionsInView(10) / decisionsPerLeader(3)), N(5), blacklist([])
2023-12-08T01:18:26.212+0800	DEBUG	consensus/consensus.go:315	Submit Request: {alice tx20}
2023-12-08T01:18:26.212+0800	DEBUG	bft/requestpool.go:265	Request {alice tx20} submitted; started a timeout: 2s
2023-12-08T01:18:26.212+0800	DEBUG	bft/controller.go:261	Request {alice tx20} was submitted
2023-12-08T01:18:26.244+0800	DEBUG	bft/requestpool.go:320	Returning batch of 1 requests totalling 15B
2023-12-08T01:18:26.244+0800	DEBUG	bft/view.go:903	GetMetadata with view 0, seq 11, dec 10
2023-12-08T01:18:26.244+0800	DEBUG	bft/view.go:933	Proposing proposal 11 with verification sequence of 0 and 4 commit signatures
2023-12-08T01:18:26.244+0800	DEBUG	bft/util.go:438	view before: 0, current view: 0
2023-12-08T01:18:26.244+0800	DEBUG	bft/util.go:509	Blacklist empty, nothing to prune
2023-12-08T01:18:26.244+0800	DEBUG	bft/view.go:985	Bound 4 commit signatures to proposal
2023-12-08T01:18:26.244+0800	DEBUG	bft/view.go:972	Proposing proposal sequence 11 in view 0
2023-12-08T01:18:26.244+0800	DEBUG	bft/view.go:221	4 got message <PrePrepare with view: 0, seq: 11, payload of 21 bytes, header: MEcCAQsTABNAMjZhNGY5MmVkNWJhOGQ5ZmJhNmNiNzA0ODA3YTE5OTI0MGE2MDEyOTFiN2YxNDg1NThjMzY5NzM0NWQ3NGJiMg==> from 4 with seq 11
2023-12-08T01:18:26.244+0800	DEBUG	bft/view.go:612	Previous proposal verification sequence: 0, current verification sequence: 0
2023-12-08T01:18:26.244+0800	DEBUG	bft/view.go:664	Previous proposal verification sequence: 0, current verification sequence: 0
2023-12-08T01:18:26.244+0800	DEBUG	bft/view.go:1076	Found 0 out of 2 required witnesses for auxiliary data
2023-12-08T01:18:26.244+0800	DEBUG	bft/util.go:438	view before: 0, current view: 0
2023-12-08T01:18:26.244+0800	DEBUG	bft/util.go:509	Blacklist empty, nothing to prune
2023-12-08T01:18:26.256+0800	DEBUG	wal/writeaheadlog.go:479	LogRecord appended successfully: total size=248, recordLength=240, dataCRC=2C5328C1; file=tmp\native_chain20231208011813\node4\0000000000000001.wal, new-offset=3752
2023-12-08T01:18:26.256+0800	INFO	bft/view.go:424	Processed proposal with seq 11
2023-12-08T01:18:26.257+0800	DEBUG	bft/controller.go:322	4 got message from 2: prepare:{seq:11 digest:"a24436e873cd275384932d9a9b08a7062c5be351cd91003fa399ca387fe1a83b"}
2023-12-08T01:18:26.257+0800	DEBUG	bft/view.go:221	4 got message prepare:{seq:11 digest:"a24436e873cd275384932d9a9b08a7062c5be351cd91003fa399ca387fe1a83b"} from 2 with seq 11
2023-12-08T01:18:26.257+0800	DEBUG	bft/controller.go:322	4 got message from 3: prepare:{seq:11 digest:"a24436e873cd275384932d9a9b08a7062c5be351cd91003fa399ca387fe1a83b"}
2023-12-08T01:18:26.257+0800	DEBUG	bft/view.go:221	4 got message prepare:{seq:11 digest:"a24436e873cd275384932d9a9b08a7062c5be351cd91003fa399ca387fe1a83b"} from 3 with seq 11
2023-12-08T01:18:26.258+0800	DEBUG	bft/controller.go:322	4 got message from 1: prepare:{seq:11 digest:"a24436e873cd275384932d9a9b08a7062c5be351cd91003fa399ca387fe1a83b"}
2023-12-08T01:18:26.258+0800	DEBUG	bft/view.go:221	4 got message prepare:{seq:11 digest:"a24436e873cd275384932d9a9b08a7062c5be351cd91003fa399ca387fe1a83b"} from 1 with seq 11
2023-12-08T01:18:26.258+0800	DEBUG	bft/controller.go:322	4 got message from 5: prepare:{seq:11 digest:"a24436e873cd275384932d9a9b08a7062c5be351cd91003fa399ca387fe1a83b"}
2023-12-08T01:18:26.258+0800	INFO	bft/view.go:462	4 collected 3 prepares from [2 3 1]
2023-12-08T01:18:26.258+0800	DEBUG	bft/controller.go:322	4 got message from 1: commit:{seq:11 digest:"a24436e873cd275384932d9a9b08a7062c5be351cd91003fa399ca387fe1a83b" signature:{signer:1}}
2023-12-08T01:18:26.259+0800	DEBUG	bft/controller.go:322	4 got message from 5: commit:{seq:11 digest:"a24436e873cd275384932d9a9b08a7062c5be351cd91003fa399ca387fe1a83b" signature:{signer:5}}
2023-12-08T01:18:26.260+0800	DEBUG	wal/writeaheadlog.go:479	LogRecord appended successfully: total size=88, recordLength=78, dataCRC=27FC7FF1; file=tmp\native_chain20231208011813\node4\0000000000000001.wal, new-offset=3840
2023-12-08T01:18:26.260+0800	INFO	bft/view.go:514	Processed prepares for proposal with seq 11
2023-12-08T01:18:26.260+0800	DEBUG	bft/view.go:221	4 got message prepare:{seq:11 digest:"a24436e873cd275384932d9a9b08a7062c5be351cd91003fa399ca387fe1a83b"} from 5 with seq 11
2023-12-08T01:18:26.260+0800	DEBUG	bft/view.go:221	4 got message commit:{seq:11 digest:"a24436e873cd275384932d9a9b08a7062c5be351cd91003fa399ca387fe1a83b" signature:{signer:1}} from 1 with seq 11
2023-12-08T01:18:26.260+0800	DEBUG	bft/view.go:221	4 got message commit:{seq:11 digest:"a24436e873cd275384932d9a9b08a7062c5be351cd91003fa399ca387fe1a83b" signature:{signer:5}} from 5 with seq 11
2023-12-08T01:18:26.260+0800	DEBUG	bft/controller.go:322	4 got message from 3: commit:{seq:11 digest:"a24436e873cd275384932d9a9b08a7062c5be351cd91003fa399ca387fe1a83b" signature:{signer:3}}
2023-12-08T01:18:26.260+0800	DEBUG	bft/view.go:221	4 got message commit:{seq:11 digest:"a24436e873cd275384932d9a9b08a7062c5be351cd91003fa399ca387fe1a83b" signature:{signer:3}} from 3 with seq 11
2023-12-08T01:18:26.260+0800	INFO	bft/view.go:547	4 collected 3 commits from [5 1 3]
2023-12-08T01:18:26.260+0800	INFO	bft/view.go:334	4 processed commits for proposal with seq 11
2023-12-08T01:18:26.260+0800	INFO	bft/view.go:851	Deciding on seq 11
2023-12-08T01:18:26.260+0800	INFO	bft/view.go:870	Sequence: 11-->12
2023-12-08T01:18:26.260+0800	DEBUG	bft/controller.go:322	4 got message from 2: commit:{seq:11 digest:"a24436e873cd275384932d9a9b08a7062c5be351cd91003fa399ca387fe1a83b" signature:{signer:2}}
2023-12-08T01:18:26.260+0800	DEBUG	bft/controller.go:529	Delivering to app from Controller decide the last decision proposal
2023-12-08T01:18:26.260+0800	DEBUG	bft/controller.go:534	Node 4 delivered proposal
2023-12-08T01:18:26.260+0800	INFO	bft/requestpool.go:392	Removed request {alice tx20} from request pool
2023-12-08T01:18:26.260+0800	DEBUG	bft/controller.go:563	view(0) + (decisionsInView(11) / decisionsPerLeader(3)), N(5), blacklist([])
2023-12-08T01:18:26.260+0800	DEBUG	bft/view.go:754	Got commit for previous sequence (11) from 2, sent back previous commit.
2023-12-08T01:18:29.723+0800	INFO	bft/controller.go:493	Exiting
2023-12-08T01:18:29.723+0800	INFO	consensus/consensus.go:169	Exiting
