2023-12-06T23:23:41.314+0800	INFO	benchmark/Client.go:195	c config: q=3, f=1, N=4, quorum=[1 2 3 4], nodes=[1 2 3 4]
2023-12-06T23:23:41.314+0800	INFO	benchmark/Client.go:106	Client start listening on node 1
2023-12-06T23:23:41.314+0800	INFO	benchmark/Client.go:106	Client start listening on node 2
2023-12-06T23:23:41.314+0800	INFO	benchmark/Client.go:106	Client start listening on node 3
2023-12-06T23:23:41.314+0800	INFO	benchmark/Client.go:106	Client start listening on node 4
2023-12-06T23:23:41.314+0800	INFO	benchmark/Client.go:195	tx1 send to node2
2023-12-06T23:23:42.320+0800	INFO	benchmark/Client.go:195	tx2 send to node4
2023-12-06T23:23:43.333+0800	INFO	benchmark/Client.go:195	tx3 send to node3
2023-12-06T23:23:43.340+0800	INFO	benchmark/Client.go:169	block gotten:{"Sequence":1,"PrevHash":"","Transactions":[{"ClientID":"alice","ID":"tx1"}]}
2023-12-06T23:23:43.340+0800	INFO	benchmark/Client.go:169	block gotten:{"Sequence":1,"PrevHash":"","Transactions":[{"ClientID":"alice","ID":"tx1"}]}
2023-12-06T23:23:43.340+0800	INFO	benchmark/Client.go:169	block gotten:{"Sequence":1,"PrevHash":"","Transactions":[{"ClientID":"alice","ID":"tx1"}]}
2023-12-06T23:23:43.340+0800	INFO	benchmark/Client.go:195	tx1 committed successfully
2023-12-06T23:23:43.341+0800	INFO	benchmark/Client.go:169	block gotten:{"Sequence":1,"PrevHash":"","Transactions":[{"ClientID":"alice","ID":"tx1"}]}
2023-12-06T23:23:44.337+0800	INFO	benchmark/Client.go:195	tx4 send to node3
2023-12-06T23:23:44.343+0800	INFO	benchmark/Client.go:169	block gotten:{"Sequence":2,"PrevHash":"","Transactions":[{"ClientID":"alice","ID":"tx2"}]}
2023-12-06T23:23:44.343+0800	INFO	benchmark/Client.go:169	block gotten:{"Sequence":2,"PrevHash":"","Transactions":[{"ClientID":"alice","ID":"tx2"}]}
2023-12-06T23:23:44.343+0800	INFO	benchmark/Client.go:169	block gotten:{"Sequence":2,"PrevHash":"","Transactions":[{"ClientID":"alice","ID":"tx2"}]}
2023-12-06T23:23:44.343+0800	INFO	benchmark/Client.go:195	tx2 committed successfully
2023-12-06T23:23:44.343+0800	INFO	benchmark/Client.go:169	block gotten:{"Sequence":2,"PrevHash":"","Transactions":[{"ClientID":"alice","ID":"tx2"}]}
2023-12-06T23:23:45.338+0800	INFO	benchmark/Client.go:195	tx5 send to node4
2023-12-06T23:23:45.354+0800	INFO	benchmark/Client.go:169	block gotten:{"Sequence":3,"PrevHash":"","Transactions":[{"ClientID":"alice","ID":"tx3"}]}
2023-12-06T23:23:45.354+0800	INFO	benchmark/Client.go:169	block gotten:{"Sequence":3,"PrevHash":"","Transactions":[{"ClientID":"alice","ID":"tx3"}]}
2023-12-06T23:23:45.354+0800	INFO	benchmark/Client.go:169	block gotten:{"Sequence":3,"PrevHash":"","Transactions":[{"ClientID":"alice","ID":"tx3"}]}
2023-12-06T23:23:45.354+0800	INFO	benchmark/Client.go:195	tx3 committed successfully
2023-12-06T23:23:45.354+0800	INFO	benchmark/Client.go:169	block gotten:{"Sequence":3,"PrevHash":"","Transactions":[{"ClientID":"alice","ID":"tx3"}]}
2023-12-06T23:23:46.349+0800	INFO	benchmark/Client.go:195	tx6 send to node4
2023-12-06T23:23:47.358+0800	INFO	benchmark/Client.go:195	tx7 send to node2
2023-12-06T23:23:47.380+0800	INFO	benchmark/Client.go:169	block gotten:{"Sequence":4,"PrevHash":"","Transactions":[{"ClientID":"alice","ID":"tx7"}]}
2023-12-06T23:23:47.380+0800	INFO	benchmark/Client.go:169	block gotten:{"Sequence":4,"PrevHash":"","Transactions":[{"ClientID":"alice","ID":"tx7"}]}
2023-12-06T23:23:47.380+0800	INFO	benchmark/Client.go:169	block gotten:{"Sequence":4,"PrevHash":"","Transactions":[{"ClientID":"alice","ID":"tx7"}]}
2023-12-06T23:23:47.380+0800	INFO	benchmark/Client.go:195	tx7 committed successfully
2023-12-06T23:23:47.381+0800	INFO	benchmark/Client.go:169	block gotten:{"Sequence":4,"PrevHash":"","Transactions":[{"ClientID":"alice","ID":"tx7"}]}
2023-12-06T23:23:47.385+0800	INFO	benchmark/Client.go:169	block gotten:{"Sequence":5,"PrevHash":"","Transactions":[{"ClientID":"alice","ID":"tx4"}]}
2023-12-06T23:23:47.385+0800	INFO	benchmark/Client.go:169	block gotten:{"Sequence":5,"PrevHash":"","Transactions":[{"ClientID":"alice","ID":"tx4"}]}
2023-12-06T23:23:47.385+0800	INFO	benchmark/Client.go:169	block gotten:{"Sequence":5,"PrevHash":"","Transactions":[{"ClientID":"alice","ID":"tx4"}]}
2023-12-06T23:23:47.385+0800	INFO	benchmark/Client.go:195	tx4 committed successfully
2023-12-06T23:23:47.385+0800	INFO	benchmark/Client.go:169	block gotten:{"Sequence":5,"PrevHash":"","Transactions":[{"ClientID":"alice","ID":"tx4"}]}
2023-12-06T23:23:47.389+0800	INFO	benchmark/Client.go:169	block gotten:{"Sequence":6,"PrevHash":"","Transactions":[{"ClientID":"alice","ID":"tx5"}]}
2023-12-06T23:23:47.389+0800	INFO	benchmark/Client.go:169	block gotten:{"Sequence":6,"PrevHash":"","Transactions":[{"ClientID":"alice","ID":"tx5"}]}
2023-12-06T23:23:47.389+0800	INFO	benchmark/Client.go:169	block gotten:{"Sequence":6,"PrevHash":"","Transactions":[{"ClientID":"alice","ID":"tx5"}]}
2023-12-06T23:23:47.389+0800	INFO	benchmark/Client.go:195	tx5 committed successfully
2023-12-06T23:23:47.389+0800	INFO	benchmark/Client.go:169	block gotten:{"Sequence":6,"PrevHash":"","Transactions":[{"ClientID":"alice","ID":"tx5"}]}
2023-12-06T23:23:48.365+0800	INFO	benchmark/Client.go:195	tx8 send to node2
2023-12-06T23:23:49.370+0800	INFO	benchmark/Client.go:195	tx9 send to node1
2023-12-06T23:23:49.437+0800	INFO	benchmark/Client.go:169	block gotten:{"Sequence":7,"PrevHash":"","Transactions":[{"ClientID":"alice","ID":"tx6"}]}
2023-12-06T23:23:49.437+0800	INFO	benchmark/Client.go:169	block gotten:{"Sequence":7,"PrevHash":"","Transactions":[{"ClientID":"alice","ID":"tx6"}]}
2023-12-06T23:23:49.437+0800	INFO	benchmark/Client.go:169	block gotten:{"Sequence":7,"PrevHash":"","Transactions":[{"ClientID":"alice","ID":"tx6"}]}
2023-12-06T23:23:49.437+0800	INFO	benchmark/Client.go:195	tx6 committed successfully
2023-12-06T23:23:49.437+0800	INFO	benchmark/Client.go:169	block gotten:{"Sequence":7,"PrevHash":"","Transactions":[{"ClientID":"alice","ID":"tx6"}]}
2023-12-06T23:23:50.373+0800	INFO	benchmark/Client.go:195	tx10 send to node4
2023-12-06T23:23:50.389+0800	INFO	benchmark/Client.go:169	block gotten:{"Sequence":8,"PrevHash":"","Transactions":[{"ClientID":"alice","ID":"tx8"}]}
2023-12-06T23:23:50.389+0800	INFO	benchmark/Client.go:169	block gotten:{"Sequence":8,"PrevHash":"","Transactions":[{"ClientID":"alice","ID":"tx8"}]}
2023-12-06T23:23:50.389+0800	INFO	benchmark/Client.go:169	block gotten:{"Sequence":8,"PrevHash":"","Transactions":[{"ClientID":"alice","ID":"tx8"}]}
2023-12-06T23:23:50.389+0800	INFO	benchmark/Client.go:195	tx8 committed successfully
2023-12-06T23:23:50.389+0800	INFO	benchmark/Client.go:169	block gotten:{"Sequence":8,"PrevHash":"","Transactions":[{"ClientID":"alice","ID":"tx8"}]}
2023-12-06T23:23:51.385+0800	INFO	benchmark/Client.go:139	all txs order successfully
2023-12-06T23:23:51.401+0800	INFO	benchmark/Client.go:169	block gotten:{"Sequence":9,"PrevHash":"","Transactions":[{"ClientID":"alice","ID":"tx9"}]}
2023-12-06T23:23:51.401+0800	INFO	benchmark/Client.go:169	block gotten:{"Sequence":9,"PrevHash":"","Transactions":[{"ClientID":"alice","ID":"tx9"}]}
2023-12-06T23:23:51.401+0800	INFO	benchmark/Client.go:169	block gotten:{"Sequence":9,"PrevHash":"","Transactions":[{"ClientID":"alice","ID":"tx9"}]}
2023-12-06T23:23:51.401+0800	INFO	benchmark/Client.go:195	tx9 committed successfully
2023-12-06T23:23:51.401+0800	INFO	benchmark/Client.go:169	block gotten:{"Sequence":9,"PrevHash":"","Transactions":[{"ClientID":"alice","ID":"tx9"}]}
2023-12-06T23:23:51.406+0800	INFO	benchmark/Client.go:169	block gotten:{"Sequence":10,"PrevHash":"","Transactions":[{"ClientID":"alice","ID":"tx10"}]}
2023-12-06T23:23:51.406+0800	INFO	benchmark/Client.go:169	block gotten:{"Sequence":10,"PrevHash":"","Transactions":[{"ClientID":"alice","ID":"tx10"}]}
2023-12-06T23:23:51.406+0800	INFO	benchmark/Client.go:169	block gotten:{"Sequence":10,"PrevHash":"","Transactions":[{"ClientID":"alice","ID":"tx10"}]}
2023-12-06T23:23:51.406+0800	INFO	benchmark/Client.go:195	tx10 committed successfully
2023-12-06T23:23:51.406+0800	INFO	benchmark/Client.go:195	all txs committed successfully
2023-12-06T23:23:51.406+0800	INFO	benchmark/Client.go:195	Client is closing
2023-12-06T23:23:51.406+0800	INFO	benchmark/Client.go:195	Client closed channel
2023-12-06T23:23:51.406+0800	INFO	benchmark/Client.go:195	Client stop listening on node 4
2023-12-06T23:23:51.406+0800	INFO	benchmark/Client.go:195	Client stop listening on node 2
2023-12-06T23:23:51.406+0800	INFO	benchmark/Client.go:195	Client stop listening on node 3
2023-12-06T23:23:51.406+0800	INFO	benchmark/Client.go:169	block gotten:{"Sequence":10,"PrevHash":"","Transactions":[{"ClientID":"alice","ID":"tx10"}]}
2023-12-06T23:23:51.406+0800	INFO	benchmark/Client.go:195	all txs committed successfully
2023-12-06T23:23:51.406+0800	INFO	benchmark/Client.go:195	Client stop listening on node 4
