2023-12-06T23:23:41.304+0800	DEBUG	wal/writeaheadlog.go:749	CRC-Anchor DEED0001 written to file: tmp\native_chain20231206232341\node2\0000000000000001.wal, at offset 0, size=16
2023-12-06T23:23:41.305+0800	INFO	wal/writeaheadlog.go:192	Write-Ahead-Log created successfully, mode: WRITE, dir: tmp\native_chain20231206232341\node2
2023-12-06T23:23:41.305+0800	DEBUG	consensus/consensus.go:152	Application started with view 0, seq 0, and decisions 0
2023-12-06T23:23:41.305+0800	INFO	bft/state.go:99	Nothing to restore
2023-12-06T23:23:41.305+0800	DEBUG	consensus/consensus.go:479	No view change to restore
2023-12-06T23:23:41.305+0800	INFO	bft/state.go:80	Nothing to restore
2023-12-06T23:23:41.305+0800	DEBUG	consensus/consensus.go:494	No new view to restore
2023-12-06T23:23:41.305+0800	DEBUG	bft/controller.go:793	Starting controller with view 0, sequence 1, and decisions 0
2023-12-06T23:23:41.305+0800	DEBUG	bft/controller.go:805	The number of nodes (N) is 4, F is 1, and the quorum size is 3
2023-12-06T23:23:41.305+0800	INFO	bft/state.go:121	Nothing to restore
2023-12-06T23:23:41.305+0800	INFO	bft/heartbeatmonitor.go:185	Changing to follower role, current view: 0, current leader: 1
2023-12-06T23:23:41.305+0800	INFO	bft/controller.go:395	Starting view with number 0, sequence 1, and decisions 0
2023-12-06T23:23:41.314+0800	DEBUG	consensus/consensus.go:314	Submit Request: {alice tx1}
2023-12-06T23:23:41.314+0800	DEBUG	bft/requestpool.go:265	Request {alice tx1} submitted; started a timeout: 2s
2023-12-06T23:23:41.314+0800	DEBUG	bft/controller.go:261	Request {alice tx1} was submitted
2023-12-06T23:23:42.305+0800	DEBUG	bft/heartbeatmonitor.go:393	Last heartbeat from 1 was 0s ago
2023-12-06T23:23:43.318+0800	DEBUG	bft/requestpool.go:507	Request {alice tx1}; started a leader-forwarding timeout: 20s
2023-12-06T23:23:43.318+0800	DEBUG	bft/requestpool.go:512	Request {alice tx1} timeout expired, going to send to leader
2023-12-06T23:23:43.318+0800	DEBUG	bft/heartbeatmonitor.go:393	Last heartbeat from 1 was 1.0129681s ago
2023-12-06T23:23:43.318+0800	INFO	bft/controller.go:275	Request {alice tx1} timeout expired, forwarding request to leader: 1
2023-12-06T23:23:43.334+0800	DEBUG	bft/controller.go:322	2 got message from 1: <PrePrepare with view: 0, seq: 1, payload of 20 bytes, header: MEcCAQETABNAYmExMzdjZDRkMzcxZGMzZDA4NTVkMzRiYjcxZGI2OGZjMGVhMTMwYTBlZDQ2OThiNWY5NjU2MWU3MzAwZDRkMA==>
2023-12-06T23:23:43.334+0800	DEBUG	bft/view.go:221	2 got message <PrePrepare with view: 0, seq: 1, payload of 20 bytes, header: MEcCAQETABNAYmExMzdjZDRkMzcxZGMzZDA4NTVkMzRiYjcxZGI2OGZjMGVhMTMwYTBlZDQ2OThiNWY5NjU2MWU3MzAwZDRkMA==> from 1 with seq 1
2023-12-06T23:23:43.334+0800	DEBUG	bft/heartbeatmonitor.go:255	Received heartbeat from 1, last heartbeat was 1.0129681s ago
2023-12-06T23:23:43.334+0800	DEBUG	bft/view.go:612	Previous proposal verification sequence: 0, current verification sequence: 0
2023-12-06T23:23:43.334+0800	DEBUG	bft/view.go:664	Previous proposal verification sequence: 0, current verification sequence: 0
2023-12-06T23:23:43.334+0800	DEBUG	bft/view.go:1076	Found 0 out of 2 required witnesses for auxiliary data
2023-12-06T23:23:43.334+0800	DEBUG	bft/util.go:438	view before: 0, current view: 0
2023-12-06T23:23:43.334+0800	DEBUG	bft/controller.go:322	2 got message from 1: prepare:{seq:1  digest:"2af8f9bcffef38ae70007950ee109a4520703196ffadc88824e41380b57d9599"}
2023-12-06T23:23:43.334+0800	DEBUG	bft/util.go:509	Blacklist empty, nothing to prune
2023-12-06T23:23:43.334+0800	DEBUG	bft/heartbeatmonitor.go:255	Received heartbeat from 1, last heartbeat was 0s ago
2023-12-06T23:23:43.336+0800	DEBUG	wal/writeaheadlog.go:479	LogRecord appended successfully: total size=200, recordLength=185, dataCRC=098E4891; file=tmp\native_chain20231206232341\node2\0000000000000001.wal, new-offset=216
2023-12-06T23:23:43.336+0800	INFO	bft/view.go:424	Processed proposal with seq 1
2023-12-06T23:23:43.336+0800	DEBUG	bft/view.go:221	2 got message prepare:{seq:1  digest:"2af8f9bcffef38ae70007950ee109a4520703196ffadc88824e41380b57d9599"} from 1 with seq 1
2023-12-06T23:23:43.337+0800	DEBUG	bft/controller.go:322	2 got message from 4: prepare:{seq:1  digest:"2af8f9bcffef38ae70007950ee109a4520703196ffadc88824e41380b57d9599"}
2023-12-06T23:23:43.337+0800	DEBUG	bft/view.go:221	2 got message prepare:{seq:1  digest:"2af8f9bcffef38ae70007950ee109a4520703196ffadc88824e41380b57d9599"} from 4 with seq 1
2023-12-06T23:23:43.337+0800	INFO	bft/view.go:462	2 collected 2 prepares from [1 4]
2023-12-06T23:23:43.339+0800	DEBUG	bft/controller.go:322	2 got message from 3: prepare:{seq:1  digest:"2af8f9bcffef38ae70007950ee109a4520703196ffadc88824e41380b57d9599"}
2023-12-06T23:23:43.339+0800	DEBUG	bft/controller.go:322	2 got message from 4: commit:{seq:1  digest:"2af8f9bcffef38ae70007950ee109a4520703196ffadc88824e41380b57d9599"  signature:{signer:4}}
2023-12-06T23:23:43.339+0800	DEBUG	bft/controller.go:322	2 got message from 1: commit:{seq:1  digest:"2af8f9bcffef38ae70007950ee109a4520703196ffadc88824e41380b57d9599"  signature:{signer:1}}
2023-12-06T23:23:43.339+0800	DEBUG	bft/heartbeatmonitor.go:255	Received heartbeat from 1, last heartbeat was 0s ago
2023-12-06T23:23:43.339+0800	DEBUG	wal/writeaheadlog.go:479	LogRecord appended successfully: total size=88, recordLength=78, dataCRC=8FAE3BFA; file=tmp\native_chain20231206232341\node2\0000000000000001.wal, new-offset=304
2023-12-06T23:23:43.339+0800	INFO	bft/view.go:514	Processed prepares for proposal with seq 1
2023-12-06T23:23:43.339+0800	DEBUG	bft/view.go:221	2 got message prepare:{seq:1  digest:"2af8f9bcffef38ae70007950ee109a4520703196ffadc88824e41380b57d9599"} from 3 with seq 1
2023-12-06T23:23:43.339+0800	DEBUG	bft/view.go:221	2 got message commit:{seq:1  digest:"2af8f9bcffef38ae70007950ee109a4520703196ffadc88824e41380b57d9599"  signature:{signer:4}} from 4 with seq 1
2023-12-06T23:23:43.339+0800	DEBUG	bft/view.go:221	2 got message commit:{seq:1  digest:"2af8f9bcffef38ae70007950ee109a4520703196ffadc88824e41380b57d9599"  signature:{signer:1}} from 1 with seq 1
2023-12-06T23:23:43.339+0800	INFO	bft/view.go:547	2 collected 2 commits from [1 4]
2023-12-06T23:23:43.340+0800	INFO	bft/view.go:334	2 processed commits for proposal with seq 1
2023-12-06T23:23:43.340+0800	INFO	bft/view.go:851	Deciding on seq 1
2023-12-06T23:23:43.340+0800	INFO	bft/view.go:870	Sequence: 1-->2
2023-12-06T23:23:43.340+0800	DEBUG	bft/controller.go:529	Delivering to app from Controller decide the last decision proposal
2023-12-06T23:23:43.340+0800	DEBUG	bft/controller.go:534	Node 2 delivered proposal
2023-12-06T23:23:43.340+0800	INFO	bft/requestpool.go:392	Removed request {alice tx1} from request pool
2023-12-06T23:23:43.340+0800	DEBUG	bft/controller.go:563	view(0) + (decisionsInView(1) / decisionsPerLeader(3)), N(4), blacklist([])
2023-12-06T23:23:43.340+0800	DEBUG	bft/controller.go:322	2 got message from 3: commit:{seq:1  digest:"2af8f9bcffef38ae70007950ee109a4520703196ffadc88824e41380b57d9599"  signature:{signer:3}}
2023-12-06T23:23:43.340+0800	DEBUG	bft/view.go:754	Got commit for previous sequence (1) from 3, sent back previous commit.
2023-12-06T23:23:44.309+0800	DEBUG	bft/heartbeatmonitor.go:393	Last heartbeat from 1 was 991.0639ms ago
2023-12-06T23:23:44.337+0800	DEBUG	bft/controller.go:322	2 got message from 1: <PrePrepare with view: 0, seq: 2, payload of 20 bytes, header: MEcCAQITABNANmRkMzcyNDA3NmZkNDA0ZDI1YTMyYjA0Y2E1NzkxNGVmY2Q0NmUxNGQxZjgwMWZlN2Y4ZjdkM2I3ZWQ5ZDU3MA==>
2023-12-06T23:23:44.337+0800	DEBUG	bft/heartbeatmonitor.go:255	Received heartbeat from 1, last heartbeat was 991.0639ms ago
2023-12-06T23:23:44.337+0800	DEBUG	bft/controller.go:322	2 got message from 1: prepare:{seq:2  digest:"04a62d90f7e30b59d82e4ef8e4d35cb7c716a64e86ea6f670ec31702825b8b13"}
2023-12-06T23:23:44.337+0800	DEBUG	bft/view.go:221	2 got message <PrePrepare with view: 0, seq: 2, payload of 20 bytes, header: MEcCAQITABNANmRkMzcyNDA3NmZkNDA0ZDI1YTMyYjA0Y2E1NzkxNGVmY2Q0NmUxNGQxZjgwMWZlN2Y4ZjdkM2I3ZWQ5ZDU3MA==> from 1 with seq 2
2023-12-06T23:23:44.337+0800	DEBUG	bft/heartbeatmonitor.go:255	Received heartbeat from 1, last heartbeat was 0s ago
2023-12-06T23:23:44.337+0800	DEBUG	bft/view.go:221	2 got message prepare:{seq:2  digest:"04a62d90f7e30b59d82e4ef8e4d35cb7c716a64e86ea6f670ec31702825b8b13"} from 1 with seq 2
2023-12-06T23:23:44.337+0800	DEBUG	bft/view.go:612	Previous proposal verification sequence: 0, current verification sequence: 0
2023-12-06T23:23:44.337+0800	DEBUG	bft/view.go:664	Previous proposal verification sequence: 0, current verification sequence: 0
2023-12-06T23:23:44.337+0800	DEBUG	bft/view.go:1076	Found 0 out of 2 required witnesses for auxiliary data
2023-12-06T23:23:44.337+0800	DEBUG	bft/util.go:438	view before: 0, current view: 0
2023-12-06T23:23:44.337+0800	DEBUG	bft/util.go:509	Blacklist empty, nothing to prune
2023-12-06T23:23:44.339+0800	DEBUG	wal/writeaheadlog.go:479	LogRecord appended successfully: total size=248, recordLength=235, dataCRC=C17FECB5; file=tmp\native_chain20231206232341\node2\0000000000000001.wal, new-offset=552
2023-12-06T23:23:44.339+0800	INFO	bft/view.go:424	Processed proposal with seq 2
2023-12-06T23:23:44.340+0800	DEBUG	bft/controller.go:322	2 got message from 3: prepare:{seq:2  digest:"04a62d90f7e30b59d82e4ef8e4d35cb7c716a64e86ea6f670ec31702825b8b13"}
2023-12-06T23:23:44.340+0800	DEBUG	bft/view.go:221	2 got message prepare:{seq:2  digest:"04a62d90f7e30b59d82e4ef8e4d35cb7c716a64e86ea6f670ec31702825b8b13"} from 3 with seq 2
2023-12-06T23:23:44.340+0800	INFO	bft/view.go:462	2 collected 2 prepares from [1 3]
2023-12-06T23:23:44.340+0800	DEBUG	bft/controller.go:322	2 got message from 4: prepare:{seq:2  digest:"04a62d90f7e30b59d82e4ef8e4d35cb7c716a64e86ea6f670ec31702825b8b13"}
2023-12-06T23:23:44.342+0800	DEBUG	bft/controller.go:322	2 got message from 3: commit:{seq:2  digest:"04a62d90f7e30b59d82e4ef8e4d35cb7c716a64e86ea6f670ec31702825b8b13"  signature:{signer:3}}
2023-12-06T23:23:44.342+0800	DEBUG	bft/controller.go:322	2 got message from 4: commit:{seq:2  digest:"04a62d90f7e30b59d82e4ef8e4d35cb7c716a64e86ea6f670ec31702825b8b13"  signature:{signer:4}}
2023-12-06T23:23:44.342+0800	DEBUG	wal/writeaheadlog.go:479	LogRecord appended successfully: total size=88, recordLength=78, dataCRC=D63D8AC7; file=tmp\native_chain20231206232341\node2\0000000000000001.wal, new-offset=640
2023-12-06T23:23:44.342+0800	INFO	bft/view.go:514	Processed prepares for proposal with seq 2
2023-12-06T23:23:44.343+0800	DEBUG	bft/view.go:221	2 got message prepare:{seq:2  digest:"04a62d90f7e30b59d82e4ef8e4d35cb7c716a64e86ea6f670ec31702825b8b13"} from 4 with seq 2
2023-12-06T23:23:44.343+0800	DEBUG	bft/controller.go:322	2 got message from 1: commit:{seq:2  digest:"04a62d90f7e30b59d82e4ef8e4d35cb7c716a64e86ea6f670ec31702825b8b13"  signature:{signer:1}}
2023-12-06T23:23:44.343+0800	DEBUG	bft/view.go:221	2 got message commit:{seq:2  digest:"04a62d90f7e30b59d82e4ef8e4d35cb7c716a64e86ea6f670ec31702825b8b13"  signature:{signer:3}} from 3 with seq 2
2023-12-06T23:23:44.343+0800	DEBUG	bft/heartbeatmonitor.go:255	Received heartbeat from 1, last heartbeat was 0s ago
2023-12-06T23:23:44.343+0800	DEBUG	bft/view.go:221	2 got message commit:{seq:2  digest:"04a62d90f7e30b59d82e4ef8e4d35cb7c716a64e86ea6f670ec31702825b8b13"  signature:{signer:4}} from 4 with seq 2
2023-12-06T23:23:44.343+0800	DEBUG	bft/view.go:221	2 got message commit:{seq:2  digest:"04a62d90f7e30b59d82e4ef8e4d35cb7c716a64e86ea6f670ec31702825b8b13"  signature:{signer:1}} from 1 with seq 2
2023-12-06T23:23:44.343+0800	INFO	bft/view.go:547	2 collected 2 commits from [1 4]
2023-12-06T23:23:44.343+0800	INFO	bft/view.go:334	2 processed commits for proposal with seq 2
2023-12-06T23:23:44.343+0800	INFO	bft/view.go:851	Deciding on seq 2
2023-12-06T23:23:44.343+0800	DEBUG	bft/controller.go:322	2 got message from 1: commit:{seq:1  digest:"2af8f9bcffef38ae70007950ee109a4520703196ffadc88824e41380b57d9599"  signature:{signer:1}  assist:true}
2023-12-06T23:23:44.343+0800	DEBUG	bft/controller.go:322	2 got message from 4: commit:{seq:1  digest:"2af8f9bcffef38ae70007950ee109a4520703196ffadc88824e41380b57d9599"  signature:{signer:4}  assist:true}
2023-12-06T23:23:44.343+0800	INFO	bft/view.go:870	Sequence: 2-->3
2023-12-06T23:23:44.343+0800	DEBUG	bft/heartbeatmonitor.go:255	Received heartbeat from 1, last heartbeat was 0s ago
2023-12-06T23:23:44.343+0800	DEBUG	bft/controller.go:529	Delivering to app from Controller decide the last decision proposal
2023-12-06T23:23:44.343+0800	DEBUG	bft/controller.go:322	2 got message from 3: commit:{seq:1  digest:"2af8f9bcffef38ae70007950ee109a4520703196ffadc88824e41380b57d9599"  signature:{signer:3}  assist:true}
2023-12-06T23:23:44.343+0800	DEBUG	bft/controller.go:534	Node 2 delivered proposal
2023-12-06T23:23:44.343+0800	DEBUG	bft/requestpool.go:374	request {alice tx2} is not in the pool at remove time
2023-12-06T23:23:44.343+0800	DEBUG	bft/controller.go:906	Request {alice tx2} wasn't found in the pool : request {alice tx2} is not in the pool at remove time
2023-12-06T23:23:44.343+0800	DEBUG	bft/controller.go:563	view(0) + (decisionsInView(2) / decisionsPerLeader(3)), N(4), blacklist([])
2023-12-06T23:23:44.344+0800	DEBUG	bft/view.go:221	2 got message commit:{seq:1  digest:"2af8f9bcffef38ae70007950ee109a4520703196ffadc88824e41380b57d9599"  signature:{signer:1}  assist:true} from 1 with seq 1
2023-12-06T23:23:44.344+0800	WARN	bft/view.go:224	2 got message from 1 with sequence 1 but our sequence is 3
2023-12-06T23:23:44.344+0800	DEBUG	bft/view.go:775	Got commit of seq 1 in view 0 from 1 while being in seq 3 in view 0
2023-12-06T23:23:44.344+0800	DEBUG	bft/view.go:221	2 got message commit:{seq:1  digest:"2af8f9bcffef38ae70007950ee109a4520703196ffadc88824e41380b57d9599"  signature:{signer:4}  assist:true} from 4 with seq 1
2023-12-06T23:23:44.344+0800	WARN	bft/view.go:224	2 got message from 4 with sequence 1 but our sequence is 3
2023-12-06T23:23:44.344+0800	DEBUG	bft/view.go:775	Got commit of seq 1 in view 0 from 4 while being in seq 3 in view 0
2023-12-06T23:23:44.344+0800	DEBUG	bft/view.go:221	2 got message commit:{seq:1  digest:"2af8f9bcffef38ae70007950ee109a4520703196ffadc88824e41380b57d9599"  signature:{signer:3}  assist:true} from 3 with seq 1
2023-12-06T23:23:44.344+0800	WARN	bft/view.go:224	2 got message from 3 with sequence 1 but our sequence is 3
2023-12-06T23:23:44.344+0800	DEBUG	bft/view.go:775	Got commit of seq 1 in view 0 from 3 while being in seq 3 in view 0
2023-12-06T23:23:45.307+0800	DEBUG	bft/heartbeatmonitor.go:393	Last heartbeat from 1 was 997.9014ms ago
2023-12-06T23:23:45.350+0800	DEBUG	bft/controller.go:322	2 got message from 1: <PrePrepare with view: 0, seq: 3, payload of 20 bytes, header: MEcCAQMTABNANWUzYzQwNmZmOGQwNjY1YzZkNmU5MGEyMTA0NGViNWZmNzk3NjMyNGQzNDNhZmQzMGNjZTdhNzE4NDYzMmFjYQ==>
2023-12-06T23:23:45.350+0800	DEBUG	bft/view.go:221	2 got message <PrePrepare with view: 0, seq: 3, payload of 20 bytes, header: MEcCAQMTABNANWUzYzQwNmZmOGQwNjY1YzZkNmU5MGEyMTA0NGViNWZmNzk3NjMyNGQzNDNhZmQzMGNjZTdhNzE4NDYzMmFjYQ==> from 1 with seq 3
2023-12-06T23:23:45.350+0800	DEBUG	bft/controller.go:322	2 got message from 1: prepare:{seq:3  digest:"33bd9729f7ec6dce61c40ecbe3134418b704cb12e0d6f3ed1ef7ec29960c885b"}
2023-12-06T23:23:45.350+0800	DEBUG	bft/heartbeatmonitor.go:255	Received heartbeat from 1, last heartbeat was 997.9014ms ago
2023-12-06T23:23:45.350+0800	DEBUG	bft/view.go:612	Previous proposal verification sequence: 0, current verification sequence: 0
2023-12-06T23:23:45.351+0800	DEBUG	bft/heartbeatmonitor.go:255	Received heartbeat from 1, last heartbeat was 0s ago
2023-12-06T23:23:45.351+0800	DEBUG	bft/view.go:664	Previous proposal verification sequence: 0, current verification sequence: 0
2023-12-06T23:23:45.351+0800	DEBUG	bft/view.go:1076	Found 0 out of 2 required witnesses for auxiliary data
2023-12-06T23:23:45.351+0800	DEBUG	bft/util.go:438	view before: 0, current view: 0
2023-12-06T23:23:45.351+0800	DEBUG	bft/util.go:509	Blacklist empty, nothing to prune
2023-12-06T23:23:45.351+0800	DEBUG	wal/writeaheadlog.go:479	LogRecord appended successfully: total size=248, recordLength=235, dataCRC=F2DA2177; file=tmp\native_chain20231206232341\node2\0000000000000001.wal, new-offset=888
2023-12-06T23:23:45.351+0800	INFO	bft/view.go:424	Processed proposal with seq 3
2023-12-06T23:23:45.351+0800	DEBUG	bft/view.go:221	2 got message prepare:{seq:3  digest:"33bd9729f7ec6dce61c40ecbe3134418b704cb12e0d6f3ed1ef7ec29960c885b"} from 1 with seq 3
2023-12-06T23:23:45.352+0800	DEBUG	bft/controller.go:322	2 got message from 3: prepare:{seq:3  digest:"33bd9729f7ec6dce61c40ecbe3134418b704cb12e0d6f3ed1ef7ec29960c885b"}
2023-12-06T23:23:45.352+0800	DEBUG	bft/view.go:221	2 got message prepare:{seq:3  digest:"33bd9729f7ec6dce61c40ecbe3134418b704cb12e0d6f3ed1ef7ec29960c885b"} from 3 with seq 3
2023-12-06T23:23:45.352+0800	INFO	bft/view.go:462	2 collected 2 prepares from [1 3]
2023-12-06T23:23:45.352+0800	DEBUG	bft/controller.go:322	2 got message from 4: prepare:{seq:3  digest:"33bd9729f7ec6dce61c40ecbe3134418b704cb12e0d6f3ed1ef7ec29960c885b"}
2023-12-06T23:23:45.353+0800	DEBUG	bft/controller.go:322	2 got message from 3: commit:{seq:3  digest:"33bd9729f7ec6dce61c40ecbe3134418b704cb12e0d6f3ed1ef7ec29960c885b"  signature:{signer:3}}
2023-12-06T23:23:45.354+0800	DEBUG	bft/controller.go:322	2 got message from 1: commit:{seq:3  digest:"33bd9729f7ec6dce61c40ecbe3134418b704cb12e0d6f3ed1ef7ec29960c885b"  signature:{signer:1}}
2023-12-06T23:23:45.354+0800	DEBUG	bft/heartbeatmonitor.go:255	Received heartbeat from 1, last heartbeat was 0s ago
2023-12-06T23:23:45.354+0800	DEBUG	wal/writeaheadlog.go:479	LogRecord appended successfully: total size=88, recordLength=78, dataCRC=28B39929; file=tmp\native_chain20231206232341\node2\0000000000000001.wal, new-offset=976
2023-12-06T23:23:45.354+0800	INFO	bft/view.go:514	Processed prepares for proposal with seq 3
2023-12-06T23:23:45.354+0800	DEBUG	bft/view.go:221	2 got message prepare:{seq:3  digest:"33bd9729f7ec6dce61c40ecbe3134418b704cb12e0d6f3ed1ef7ec29960c885b"} from 4 with seq 3
2023-12-06T23:23:45.354+0800	DEBUG	bft/view.go:221	2 got message commit:{seq:3  digest:"33bd9729f7ec6dce61c40ecbe3134418b704cb12e0d6f3ed1ef7ec29960c885b"  signature:{signer:3}} from 3 with seq 3
2023-12-06T23:23:45.354+0800	DEBUG	bft/view.go:221	2 got message commit:{seq:3  digest:"33bd9729f7ec6dce61c40ecbe3134418b704cb12e0d6f3ed1ef7ec29960c885b"  signature:{signer:1}} from 1 with seq 3
2023-12-06T23:23:45.354+0800	INFO	bft/view.go:547	2 collected 2 commits from [1 3]
2023-12-06T23:23:45.354+0800	INFO	bft/view.go:334	2 processed commits for proposal with seq 3
2023-12-06T23:23:45.354+0800	INFO	bft/view.go:851	Deciding on seq 3
2023-12-06T23:23:45.354+0800	INFO	bft/view.go:870	Sequence: 3-->4
2023-12-06T23:23:45.354+0800	DEBUG	bft/controller.go:529	Delivering to app from Controller decide the last decision proposal
2023-12-06T23:23:45.354+0800	DEBUG	bft/controller.go:322	2 got message from 4: commit:{seq:3  digest:"33bd9729f7ec6dce61c40ecbe3134418b704cb12e0d6f3ed1ef7ec29960c885b"  signature:{signer:4}}
2023-12-06T23:23:45.354+0800	DEBUG	bft/controller.go:534	Node 2 delivered proposal
2023-12-06T23:23:45.354+0800	DEBUG	bft/requestpool.go:374	request {alice tx3} is not in the pool at remove time
2023-12-06T23:23:45.354+0800	DEBUG	bft/controller.go:906	Request {alice tx3} wasn't found in the pool : request {alice tx3} is not in the pool at remove time
2023-12-06T23:23:45.354+0800	DEBUG	bft/controller.go:563	view(0) + (decisionsInView(3) / decisionsPerLeader(3)), N(4), blacklist([])
2023-12-06T23:23:45.354+0800	INFO	bft/controller.go:570	Rotating leader from 1 to 2
2023-12-06T23:23:45.354+0800	DEBUG	bft/controller.go:549	Restarting view to rotate the leader
2023-12-06T23:23:45.354+0800	DEBUG	bft/view.go:754	Got commit for previous sequence (3) from 4, sent back previous commit.
2023-12-06T23:23:45.354+0800	DEBUG	bft/controller.go:430	view for abort 0, current view 0
2023-12-06T23:23:45.354+0800	DEBUG	bft/controller.go:442	Aborting current view with number 0
2023-12-06T23:23:45.354+0800	DEBUG	bft/controller.go:420	Starting view after setting decisions in view to 3
2023-12-06T23:23:45.354+0800	DEBUG	bft/controller.go:387	Acquiring leader token when starting view with phase COMMITTED
2023-12-06T23:23:45.354+0800	INFO	bft/heartbeatmonitor.go:185	Changing to leader role, current view: 0, current leader: 2
2023-12-06T23:23:45.354+0800	INFO	bft/controller.go:395	Starting view with number 0, sequence 4, and decisions 3
2023-12-06T23:23:45.354+0800	DEBUG	bft/controller.go:551	Restarting timers in request pool due to leader rotation
2023-12-06T23:23:45.354+0800	DEBUG	bft/requestpool.go:481	Restarted all timers: size=0
2023-12-06T23:23:47.358+0800	DEBUG	consensus/consensus.go:314	Submit Request: {alice tx7}
2023-12-06T23:23:47.358+0800	DEBUG	bft/requestpool.go:265	Request {alice tx7} submitted; started a timeout: 2s
2023-12-06T23:23:47.358+0800	DEBUG	bft/controller.go:261	Request {alice tx7} was submitted
2023-12-06T23:23:47.358+0800	DEBUG	bft/requestpool.go:320	Returning batch of 1 requests totalling 14B
2023-12-06T23:23:47.358+0800	DEBUG	consensus/consensus.go:314	Submit Request: {alice tx4}
2023-12-06T23:23:47.358+0800	DEBUG	consensus/consensus.go:314	Submit Request: {alice tx5}
2023-12-06T23:23:47.358+0800	DEBUG	bft/view.go:903	GetMetadata with view 0, seq 4, dec 3
2023-12-06T23:23:47.358+0800	DEBUG	bft/requestpool.go:265	Request {alice tx4} submitted; started a timeout: 2s
2023-12-06T23:23:47.358+0800	DEBUG	bft/view.go:933	Proposing proposal 4 with verification sequence of 0 and 3 commit signatures
2023-12-06T23:23:47.358+0800	DEBUG	bft/controller.go:261	Request {alice tx4} was submitted
2023-12-06T23:23:47.358+0800	DEBUG	bft/util.go:438	view before: 0, current view: 0
2023-12-06T23:23:47.358+0800	DEBUG	bft/util.go:509	Blacklist empty, nothing to prune
2023-12-06T23:23:47.358+0800	DEBUG	bft/requestpool.go:265	Request {alice tx5} submitted; started a timeout: 2s
2023-12-06T23:23:47.358+0800	DEBUG	bft/view.go:985	Bound 3 commit signatures to proposal
2023-12-06T23:23:47.358+0800	DEBUG	bft/controller.go:261	Request {alice tx5} was submitted
2023-12-06T23:23:47.358+0800	DEBUG	bft/view.go:972	Proposing proposal sequence 4 in view 0
2023-12-06T23:23:47.358+0800	DEBUG	bft/view.go:221	2 got message <PrePrepare with view: 0, seq: 4, payload of 20 bytes, header: MEcCAQQTABNAMDZiMDU5NTE4M2U0Y2E3N2YyZjkzOWZlYjgwNDZkOGJiYjIwMWEzZWU0NGU3YzA2NzhhMGZlYjc4MjI1NWFkOQ==> from 2 with seq 4
2023-12-06T23:23:47.358+0800	DEBUG	bft/view.go:612	Previous proposal verification sequence: 0, current verification sequence: 0
2023-12-06T23:23:47.358+0800	DEBUG	bft/view.go:664	Previous proposal verification sequence: 0, current verification sequence: 0
2023-12-06T23:23:47.358+0800	DEBUG	bft/view.go:1076	Found 0 out of 2 required witnesses for auxiliary data
2023-12-06T23:23:47.358+0800	DEBUG	bft/util.go:438	view before: 0, current view: 0
2023-12-06T23:23:47.358+0800	DEBUG	bft/util.go:509	Blacklist empty, nothing to prune
2023-12-06T23:23:47.369+0800	DEBUG	wal/writeaheadlog.go:479	LogRecord appended successfully: total size=248, recordLength=235, dataCRC=9D3AB1C0; file=tmp\native_chain20231206232341\node2\0000000000000001.wal, new-offset=1224
2023-12-06T23:23:47.369+0800	INFO	bft/view.go:424	Processed proposal with seq 4
2023-12-06T23:23:47.378+0800	DEBUG	bft/controller.go:322	2 got message from 1: prepare:{seq:4  digest:"1702d41aa2a5d07962d0a108e78c8e4e0b33b2428c9a3870e1e45b9230f404b3"}
2023-12-06T23:23:47.378+0800	DEBUG	bft/view.go:221	2 got message prepare:{seq:4  digest:"1702d41aa2a5d07962d0a108e78c8e4e0b33b2428c9a3870e1e45b9230f404b3"} from 1 with seq 4
2023-12-06T23:23:47.378+0800	DEBUG	bft/controller.go:322	2 got message from 3: prepare:{seq:4  digest:"1702d41aa2a5d07962d0a108e78c8e4e0b33b2428c9a3870e1e45b9230f404b3"}
2023-12-06T23:23:47.378+0800	DEBUG	bft/view.go:221	2 got message prepare:{seq:4  digest:"1702d41aa2a5d07962d0a108e78c8e4e0b33b2428c9a3870e1e45b9230f404b3"} from 3 with seq 4
2023-12-06T23:23:47.379+0800	DEBUG	bft/controller.go:322	2 got message from 4: prepare:{seq:4  digest:"1702d41aa2a5d07962d0a108e78c8e4e0b33b2428c9a3870e1e45b9230f404b3"}
2023-12-06T23:23:47.379+0800	INFO	bft/view.go:462	2 collected 2 prepares from [1 3]
2023-12-06T23:23:47.379+0800	DEBUG	bft/controller.go:322	2 got message from 3: commit:{seq:4  digest:"1702d41aa2a5d07962d0a108e78c8e4e0b33b2428c9a3870e1e45b9230f404b3"  signature:{signer:3}}
2023-12-06T23:23:47.380+0800	DEBUG	bft/controller.go:322	2 got message from 1: commit:{seq:4  digest:"1702d41aa2a5d07962d0a108e78c8e4e0b33b2428c9a3870e1e45b9230f404b3"  signature:{signer:1}}
2023-12-06T23:23:47.380+0800	DEBUG	bft/controller.go:322	2 got message from 4: commit:{seq:4  digest:"1702d41aa2a5d07962d0a108e78c8e4e0b33b2428c9a3870e1e45b9230f404b3"  signature:{signer:4}}
2023-12-06T23:23:47.380+0800	DEBUG	wal/writeaheadlog.go:479	LogRecord appended successfully: total size=88, recordLength=78, dataCRC=4562C6F4; file=tmp\native_chain20231206232341\node2\0000000000000001.wal, new-offset=1312
2023-12-06T23:23:47.380+0800	INFO	bft/view.go:514	Processed prepares for proposal with seq 4
2023-12-06T23:23:47.381+0800	DEBUG	bft/view.go:221	2 got message prepare:{seq:4  digest:"1702d41aa2a5d07962d0a108e78c8e4e0b33b2428c9a3870e1e45b9230f404b3"} from 4 with seq 4
2023-12-06T23:23:47.381+0800	DEBUG	bft/view.go:221	2 got message commit:{seq:4  digest:"1702d41aa2a5d07962d0a108e78c8e4e0b33b2428c9a3870e1e45b9230f404b3"  signature:{signer:3}} from 3 with seq 4
2023-12-06T23:23:47.381+0800	DEBUG	bft/view.go:221	2 got message commit:{seq:4  digest:"1702d41aa2a5d07962d0a108e78c8e4e0b33b2428c9a3870e1e45b9230f404b3"  signature:{signer:1}} from 1 with seq 4
2023-12-06T23:23:47.381+0800	DEBUG	bft/view.go:221	2 got message commit:{seq:4  digest:"1702d41aa2a5d07962d0a108e78c8e4e0b33b2428c9a3870e1e45b9230f404b3"  signature:{signer:4}} from 4 with seq 4
2023-12-06T23:23:47.381+0800	INFO	bft/view.go:547	2 collected 2 commits from [4 3]
2023-12-06T23:23:47.381+0800	INFO	bft/view.go:334	2 processed commits for proposal with seq 4
2023-12-06T23:23:47.381+0800	INFO	bft/view.go:851	Deciding on seq 4
2023-12-06T23:23:47.381+0800	INFO	bft/view.go:870	Sequence: 4-->5
2023-12-06T23:23:47.381+0800	DEBUG	bft/controller.go:322	2 got message from 3: commit:{seq:4  digest:"1702d41aa2a5d07962d0a108e78c8e4e0b33b2428c9a3870e1e45b9230f404b3"  signature:{signer:3}  assist:true}
2023-12-06T23:23:47.381+0800	DEBUG	bft/controller.go:322	2 got message from 4: commit:{seq:4  digest:"1702d41aa2a5d07962d0a108e78c8e4e0b33b2428c9a3870e1e45b9230f404b3"  signature:{signer:4}  assist:true}
2023-12-06T23:23:47.381+0800	DEBUG	bft/controller.go:322	2 got message from 1: commit:{seq:4  digest:"1702d41aa2a5d07962d0a108e78c8e4e0b33b2428c9a3870e1e45b9230f404b3"  signature:{signer:1}  assist:true}
2023-12-06T23:23:47.381+0800	DEBUG	bft/controller.go:529	Delivering to app from Controller decide the last decision proposal
2023-12-06T23:23:47.381+0800	DEBUG	bft/controller.go:534	Node 2 delivered proposal
2023-12-06T23:23:47.381+0800	INFO	bft/requestpool.go:392	Removed request {alice tx7} from request pool
2023-12-06T23:23:47.381+0800	DEBUG	bft/controller.go:563	view(0) + (decisionsInView(4) / decisionsPerLeader(3)), N(4), blacklist([])
2023-12-06T23:23:47.381+0800	DEBUG	bft/requestpool.go:320	Returning batch of 1 requests totalling 14B
2023-12-06T23:23:47.381+0800	DEBUG	bft/view.go:903	GetMetadata with view 0, seq 5, dec 4
2023-12-06T23:23:47.381+0800	DEBUG	bft/view.go:933	Proposing proposal 5 with verification sequence of 0 and 3 commit signatures
2023-12-06T23:23:47.381+0800	DEBUG	bft/util.go:438	view before: 0, current view: 0
2023-12-06T23:23:47.381+0800	DEBUG	bft/util.go:509	Blacklist empty, nothing to prune
2023-12-06T23:23:47.381+0800	DEBUG	bft/view.go:985	Bound 3 commit signatures to proposal
2023-12-06T23:23:47.381+0800	DEBUG	bft/view.go:972	Proposing proposal sequence 5 in view 0
2023-12-06T23:23:47.381+0800	DEBUG	bft/view.go:221	2 got message <PrePrepare with view: 0, seq: 5, payload of 20 bytes, header: MEcCAQUTABNAYzE5MDcyMjg5ZDZhZGQxOWYzOWYwN2U0MDgwZDA5M2U4ZjJjMzkyNzhkOTVmNDFhNTZiZmNmNTM1YzhhYTVjMw==> from 2 with seq 5
2023-12-06T23:23:47.381+0800	DEBUG	bft/view.go:612	Previous proposal verification sequence: 0, current verification sequence: 0
2023-12-06T23:23:47.381+0800	DEBUG	bft/view.go:664	Previous proposal verification sequence: 0, current verification sequence: 0
2023-12-06T23:23:47.381+0800	DEBUG	bft/view.go:1076	Found 0 out of 2 required witnesses for auxiliary data
2023-12-06T23:23:47.381+0800	DEBUG	bft/util.go:438	view before: 0, current view: 0
2023-12-06T23:23:47.381+0800	DEBUG	bft/util.go:509	Blacklist empty, nothing to prune
2023-12-06T23:23:47.382+0800	DEBUG	wal/writeaheadlog.go:479	LogRecord appended successfully: total size=248, recordLength=235, dataCRC=D114DA30; file=tmp\native_chain20231206232341\node2\0000000000000001.wal, new-offset=1560
2023-12-06T23:23:47.382+0800	INFO	bft/view.go:424	Processed proposal with seq 5
2023-12-06T23:23:47.383+0800	DEBUG	bft/controller.go:322	2 got message from 1: prepare:{seq:5  digest:"69f90c4edcfb5d16df0774c2b551d831df3f6f755501304aa2623e1d0cd47046"}
2023-12-06T23:23:47.383+0800	DEBUG	bft/view.go:221	2 got message prepare:{seq:5  digest:"69f90c4edcfb5d16df0774c2b551d831df3f6f755501304aa2623e1d0cd47046"} from 1 with seq 5
2023-12-06T23:23:47.383+0800	DEBUG	bft/controller.go:322	2 got message from 3: prepare:{seq:5  digest:"69f90c4edcfb5d16df0774c2b551d831df3f6f755501304aa2623e1d0cd47046"}
2023-12-06T23:23:47.383+0800	DEBUG	bft/view.go:221	2 got message prepare:{seq:5  digest:"69f90c4edcfb5d16df0774c2b551d831df3f6f755501304aa2623e1d0cd47046"} from 3 with seq 5
2023-12-06T23:23:47.383+0800	INFO	bft/view.go:462	2 collected 2 prepares from [1 3]
2023-12-06T23:23:47.383+0800	DEBUG	bft/controller.go:322	2 got message from 4: prepare:{seq:5  digest:"69f90c4edcfb5d16df0774c2b551d831df3f6f755501304aa2623e1d0cd47046"}
2023-12-06T23:23:47.384+0800	DEBUG	bft/controller.go:322	2 got message from 3: commit:{seq:5  digest:"69f90c4edcfb5d16df0774c2b551d831df3f6f755501304aa2623e1d0cd47046"  signature:{signer:3}}
2023-12-06T23:23:47.385+0800	DEBUG	bft/controller.go:322	2 got message from 1: commit:{seq:5  digest:"69f90c4edcfb5d16df0774c2b551d831df3f6f755501304aa2623e1d0cd47046"  signature:{signer:1}}
2023-12-06T23:23:47.385+0800	DEBUG	wal/writeaheadlog.go:479	LogRecord appended successfully: total size=88, recordLength=78, dataCRC=941A01E6; file=tmp\native_chain20231206232341\node2\0000000000000001.wal, new-offset=1648
2023-12-06T23:23:47.385+0800	INFO	bft/view.go:514	Processed prepares for proposal with seq 5
2023-12-06T23:23:47.385+0800	DEBUG	bft/view.go:221	2 got message prepare:{seq:5  digest:"69f90c4edcfb5d16df0774c2b551d831df3f6f755501304aa2623e1d0cd47046"} from 4 with seq 5
2023-12-06T23:23:47.385+0800	DEBUG	bft/view.go:221	2 got message commit:{seq:5  digest:"69f90c4edcfb5d16df0774c2b551d831df3f6f755501304aa2623e1d0cd47046"  signature:{signer:3}} from 3 with seq 5
2023-12-06T23:23:47.385+0800	DEBUG	bft/view.go:221	2 got message commit:{seq:5  digest:"69f90c4edcfb5d16df0774c2b551d831df3f6f755501304aa2623e1d0cd47046"  signature:{signer:1}} from 1 with seq 5
2023-12-06T23:23:47.385+0800	INFO	bft/view.go:547	2 collected 2 commits from [1 3]
2023-12-06T23:23:47.385+0800	INFO	bft/view.go:334	2 processed commits for proposal with seq 5
2023-12-06T23:23:47.385+0800	DEBUG	bft/controller.go:322	2 got message from 4: commit:{seq:5  digest:"69f90c4edcfb5d16df0774c2b551d831df3f6f755501304aa2623e1d0cd47046"  signature:{signer:4}}
2023-12-06T23:23:47.385+0800	INFO	bft/view.go:851	Deciding on seq 5
2023-12-06T23:23:47.385+0800	INFO	bft/view.go:870	Sequence: 5-->6
2023-12-06T23:23:47.385+0800	DEBUG	bft/controller.go:529	Delivering to app from Controller decide the last decision proposal
2023-12-06T23:23:47.385+0800	DEBUG	bft/controller.go:534	Node 2 delivered proposal
2023-12-06T23:23:47.385+0800	INFO	bft/requestpool.go:392	Removed request {alice tx4} from request pool
2023-12-06T23:23:47.385+0800	DEBUG	bft/controller.go:563	view(0) + (decisionsInView(5) / decisionsPerLeader(3)), N(4), blacklist([])
2023-12-06T23:23:47.385+0800	DEBUG	bft/view.go:754	Got commit for previous sequence (5) from 4, sent back previous commit.
2023-12-06T23:23:47.385+0800	DEBUG	bft/requestpool.go:320	Returning batch of 1 requests totalling 14B
2023-12-06T23:23:47.385+0800	DEBUG	bft/view.go:903	GetMetadata with view 0, seq 6, dec 5
2023-12-06T23:23:47.386+0800	DEBUG	bft/view.go:933	Proposing proposal 6 with verification sequence of 0 and 3 commit signatures
2023-12-06T23:23:47.386+0800	DEBUG	bft/util.go:438	view before: 0, current view: 0
2023-12-06T23:23:47.386+0800	DEBUG	bft/util.go:509	Blacklist empty, nothing to prune
2023-12-06T23:23:47.386+0800	DEBUG	bft/view.go:985	Bound 3 commit signatures to proposal
2023-12-06T23:23:47.386+0800	DEBUG	bft/view.go:972	Proposing proposal sequence 6 in view 0
2023-12-06T23:23:47.386+0800	DEBUG	bft/view.go:221	2 got message <PrePrepare with view: 0, seq: 6, payload of 20 bytes, header: MEcCAQYTABNAOTBhMmUxNDdlODE1YTQ2ODVjZTBjMDY0MGU5Y2Y4OWZhMDRjMThkNTJlY2JmNzQzNWJlYWMwMmE4MjAwZDBhMw==> from 2 with seq 6
2023-12-06T23:23:47.386+0800	DEBUG	bft/view.go:612	Previous proposal verification sequence: 0, current verification sequence: 0
2023-12-06T23:23:47.386+0800	DEBUG	bft/view.go:664	Previous proposal verification sequence: 0, current verification sequence: 0
2023-12-06T23:23:47.386+0800	DEBUG	bft/view.go:1076	Found 0 out of 2 required witnesses for auxiliary data
2023-12-06T23:23:47.386+0800	DEBUG	bft/util.go:438	view before: 0, current view: 0
2023-12-06T23:23:47.386+0800	DEBUG	bft/util.go:509	Blacklist empty, nothing to prune
2023-12-06T23:23:47.386+0800	DEBUG	wal/writeaheadlog.go:479	LogRecord appended successfully: total size=248, recordLength=235, dataCRC=6405C8AB; file=tmp\native_chain20231206232341\node2\0000000000000001.wal, new-offset=1896
2023-12-06T23:23:47.386+0800	INFO	bft/view.go:424	Processed proposal with seq 6
2023-12-06T23:23:47.387+0800	DEBUG	bft/controller.go:322	2 got message from 3: prepare:{seq:6  digest:"bf1a0eeafab4d7c9dedfb1a646febf19206bad1e167e02c09a034c91660c4175"}
2023-12-06T23:23:47.387+0800	DEBUG	bft/view.go:221	2 got message prepare:{seq:6  digest:"bf1a0eeafab4d7c9dedfb1a646febf19206bad1e167e02c09a034c91660c4175"} from 3 with seq 6
2023-12-06T23:23:47.387+0800	DEBUG	bft/controller.go:322	2 got message from 4: prepare:{seq:6  digest:"bf1a0eeafab4d7c9dedfb1a646febf19206bad1e167e02c09a034c91660c4175"}
2023-12-06T23:23:47.387+0800	DEBUG	bft/view.go:221	2 got message prepare:{seq:6  digest:"bf1a0eeafab4d7c9dedfb1a646febf19206bad1e167e02c09a034c91660c4175"} from 4 with seq 6
2023-12-06T23:23:47.387+0800	INFO	bft/view.go:462	2 collected 2 prepares from [3 4]
2023-12-06T23:23:47.387+0800	DEBUG	bft/controller.go:322	2 got message from 1: prepare:{seq:6  digest:"bf1a0eeafab4d7c9dedfb1a646febf19206bad1e167e02c09a034c91660c4175"}
2023-12-06T23:23:47.389+0800	DEBUG	bft/controller.go:322	2 got message from 4: commit:{seq:6  digest:"bf1a0eeafab4d7c9dedfb1a646febf19206bad1e167e02c09a034c91660c4175"  signature:{signer:4}}
2023-12-06T23:23:47.389+0800	DEBUG	bft/controller.go:322	2 got message from 3: commit:{seq:6  digest:"bf1a0eeafab4d7c9dedfb1a646febf19206bad1e167e02c09a034c91660c4175"  signature:{signer:3}}
2023-12-06T23:23:47.389+0800	DEBUG	wal/writeaheadlog.go:479	LogRecord appended successfully: total size=88, recordLength=78, dataCRC=AFF1DCB1; file=tmp\native_chain20231206232341\node2\0000000000000001.wal, new-offset=1984
2023-12-06T23:23:47.389+0800	INFO	bft/view.go:514	Processed prepares for proposal with seq 6
2023-12-06T23:23:47.389+0800	DEBUG	bft/view.go:221	2 got message prepare:{seq:6  digest:"bf1a0eeafab4d7c9dedfb1a646febf19206bad1e167e02c09a034c91660c4175"} from 1 with seq 6
2023-12-06T23:23:47.389+0800	DEBUG	bft/view.go:221	2 got message commit:{seq:6  digest:"bf1a0eeafab4d7c9dedfb1a646febf19206bad1e167e02c09a034c91660c4175"  signature:{signer:4}} from 4 with seq 6
2023-12-06T23:23:47.389+0800	DEBUG	bft/view.go:221	2 got message commit:{seq:6  digest:"bf1a0eeafab4d7c9dedfb1a646febf19206bad1e167e02c09a034c91660c4175"  signature:{signer:3}} from 3 with seq 6
2023-12-06T23:23:47.389+0800	INFO	bft/view.go:547	2 collected 2 commits from [3 4]
2023-12-06T23:23:47.389+0800	INFO	bft/view.go:334	2 processed commits for proposal with seq 6
2023-12-06T23:23:47.389+0800	INFO	bft/view.go:851	Deciding on seq 6
2023-12-06T23:23:47.389+0800	INFO	bft/view.go:870	Sequence: 6-->7
2023-12-06T23:23:47.389+0800	DEBUG	bft/controller.go:529	Delivering to app from Controller decide the last decision proposal
2023-12-06T23:23:47.389+0800	DEBUG	bft/controller.go:534	Node 2 delivered proposal
2023-12-06T23:23:47.389+0800	INFO	bft/requestpool.go:392	Removed request {alice tx5} from request pool
2023-12-06T23:23:47.389+0800	DEBUG	bft/controller.go:563	view(0) + (decisionsInView(6) / decisionsPerLeader(3)), N(4), blacklist([])
2023-12-06T23:23:47.389+0800	INFO	bft/controller.go:570	Rotating leader from 2 to 3
2023-12-06T23:23:47.389+0800	DEBUG	bft/controller.go:549	Restarting view to rotate the leader
2023-12-06T23:23:47.389+0800	DEBUG	bft/controller.go:430	view for abort 0, current view 0
2023-12-06T23:23:47.389+0800	DEBUG	bft/controller.go:442	Aborting current view with number 0
2023-12-06T23:23:47.389+0800	DEBUG	bft/controller.go:420	Starting view after setting decisions in view to 6
2023-12-06T23:23:47.389+0800	INFO	bft/heartbeatmonitor.go:185	Changing to follower role, current view: 0, current leader: 3
2023-12-06T23:23:47.389+0800	INFO	bft/controller.go:395	Starting view with number 0, sequence 7, and decisions 6
2023-12-06T23:23:47.389+0800	DEBUG	bft/controller.go:551	Restarting timers in request pool due to leader rotation
2023-12-06T23:23:47.389+0800	DEBUG	bft/requestpool.go:481	Restarted all timers: size=0
2023-12-06T23:23:47.389+0800	DEBUG	bft/controller.go:322	2 got message from 1: commit:{seq:6  digest:"bf1a0eeafab4d7c9dedfb1a646febf19206bad1e167e02c09a034c91660c4175"  signature:{signer:1}}
2023-12-06T23:23:47.389+0800	DEBUG	bft/view.go:754	Got commit for previous sequence (6) from 1, but didn't have a previous commit to send back.
2023-12-06T23:23:48.318+0800	DEBUG	bft/heartbeatmonitor.go:393	Last heartbeat from 3 was 1.0077126s ago
2023-12-06T23:23:48.365+0800	DEBUG	consensus/consensus.go:314	Submit Request: {alice tx8}
2023-12-06T23:23:48.365+0800	DEBUG	bft/requestpool.go:265	Request {alice tx8} submitted; started a timeout: 2s
2023-12-06T23:23:48.365+0800	DEBUG	bft/controller.go:261	Request {alice tx8} was submitted
2023-12-06T23:23:49.309+0800	DEBUG	bft/heartbeatmonitor.go:393	Last heartbeat from 3 was 1.9985839s ago
2023-12-06T23:23:49.413+0800	DEBUG	bft/controller.go:322	2 got message from 3: <PrePrepare with view: 0, seq: 7, payload of 20 bytes, header: MEcCAQcTABNAOGI2N2U0NmQxZjY0MGZlYzJjZGU0NWI1NjdhMDgwMDgxNzFlYzk4YzQ4Yzc4ODQzYThlMzAzNGVhY2Q4MTYwNA==>
2023-12-06T23:23:49.413+0800	DEBUG	bft/view.go:221	2 got message <PrePrepare with view: 0, seq: 7, payload of 20 bytes, header: MEcCAQcTABNAOGI2N2U0NmQxZjY0MGZlYzJjZGU0NWI1NjdhMDgwMDgxNzFlYzk4YzQ4Yzc4ODQzYThlMzAzNGVhY2Q4MTYwNA==> from 3 with seq 7
2023-12-06T23:23:49.413+0800	DEBUG	bft/controller.go:322	2 got message from 3: prepare:{seq:7  digest:"5d8c4499d46a3ab8dfbf79c81dc01bedf183732026a886d068be9e4ca1d1ef83"}
2023-12-06T23:23:49.414+0800	DEBUG	bft/view.go:612	Previous proposal verification sequence: 0, current verification sequence: 0
2023-12-06T23:23:49.414+0800	DEBUG	bft/heartbeatmonitor.go:255	Received heartbeat from 3, last heartbeat was 1.9985839s ago
2023-12-06T23:23:49.414+0800	DEBUG	bft/view.go:664	Previous proposal verification sequence: 0, current verification sequence: 0
2023-12-06T23:23:49.414+0800	DEBUG	bft/heartbeatmonitor.go:255	Received heartbeat from 3, last heartbeat was 0s ago
2023-12-06T23:23:49.414+0800	DEBUG	bft/view.go:1076	Found 0 out of 2 required witnesses for auxiliary data
2023-12-06T23:23:49.414+0800	DEBUG	bft/util.go:438	view before: 0, current view: 0
2023-12-06T23:23:49.414+0800	DEBUG	bft/util.go:509	Blacklist empty, nothing to prune
2023-12-06T23:23:49.415+0800	DEBUG	wal/writeaheadlog.go:479	LogRecord appended successfully: total size=248, recordLength=235, dataCRC=56870AD2; file=tmp\native_chain20231206232341\node2\0000000000000001.wal, new-offset=2232
2023-12-06T23:23:49.415+0800	INFO	bft/view.go:424	Processed proposal with seq 7
2023-12-06T23:23:49.415+0800	DEBUG	bft/view.go:221	2 got message prepare:{seq:7  digest:"5d8c4499d46a3ab8dfbf79c81dc01bedf183732026a886d068be9e4ca1d1ef83"} from 3 with seq 7
2023-12-06T23:23:49.425+0800	DEBUG	bft/controller.go:322	2 got message from 4: prepare:{seq:7  digest:"5d8c4499d46a3ab8dfbf79c81dc01bedf183732026a886d068be9e4ca1d1ef83"}
2023-12-06T23:23:49.425+0800	DEBUG	bft/view.go:221	2 got message prepare:{seq:7  digest:"5d8c4499d46a3ab8dfbf79c81dc01bedf183732026a886d068be9e4ca1d1ef83"} from 4 with seq 7
2023-12-06T23:23:49.425+0800	INFO	bft/view.go:462	2 collected 2 prepares from [3 4]
2023-12-06T23:23:49.427+0800	DEBUG	bft/controller.go:322	2 got message from 1: prepare:{seq:7  digest:"5d8c4499d46a3ab8dfbf79c81dc01bedf183732026a886d068be9e4ca1d1ef83"}
2023-12-06T23:23:49.436+0800	DEBUG	bft/controller.go:322	2 got message from 3: commit:{seq:7  digest:"5d8c4499d46a3ab8dfbf79c81dc01bedf183732026a886d068be9e4ca1d1ef83"  signature:{signer:3}}
2023-12-06T23:23:49.436+0800	DEBUG	bft/heartbeatmonitor.go:255	Received heartbeat from 3, last heartbeat was 0s ago
2023-12-06T23:23:49.437+0800	DEBUG	bft/controller.go:322	2 got message from 4: commit:{seq:7  digest:"5d8c4499d46a3ab8dfbf79c81dc01bedf183732026a886d068be9e4ca1d1ef83"  signature:{signer:4}}
2023-12-06T23:23:49.437+0800	DEBUG	wal/writeaheadlog.go:479	LogRecord appended successfully: total size=88, recordLength=78, dataCRC=D7FDB839; file=tmp\native_chain20231206232341\node2\0000000000000001.wal, new-offset=2320
2023-12-06T23:23:49.437+0800	INFO	bft/view.go:514	Processed prepares for proposal with seq 7
2023-12-06T23:23:49.437+0800	DEBUG	bft/view.go:221	2 got message prepare:{seq:7  digest:"5d8c4499d46a3ab8dfbf79c81dc01bedf183732026a886d068be9e4ca1d1ef83"} from 1 with seq 7
2023-12-06T23:23:49.437+0800	DEBUG	bft/view.go:221	2 got message commit:{seq:7  digest:"5d8c4499d46a3ab8dfbf79c81dc01bedf183732026a886d068be9e4ca1d1ef83"  signature:{signer:3}} from 3 with seq 7
2023-12-06T23:23:49.437+0800	DEBUG	bft/view.go:221	2 got message commit:{seq:7  digest:"5d8c4499d46a3ab8dfbf79c81dc01bedf183732026a886d068be9e4ca1d1ef83"  signature:{signer:4}} from 4 with seq 7
2023-12-06T23:23:49.437+0800	INFO	bft/view.go:547	2 collected 2 commits from [4 3]
2023-12-06T23:23:49.437+0800	INFO	bft/view.go:334	2 processed commits for proposal with seq 7
2023-12-06T23:23:49.437+0800	INFO	bft/view.go:851	Deciding on seq 7
2023-12-06T23:23:49.437+0800	INFO	bft/view.go:870	Sequence: 7-->8
2023-12-06T23:23:49.437+0800	DEBUG	bft/controller.go:322	2 got message from 1: commit:{seq:7  digest:"5d8c4499d46a3ab8dfbf79c81dc01bedf183732026a886d068be9e4ca1d1ef83"  signature:{signer:1}}
2023-12-06T23:23:49.437+0800	DEBUG	bft/controller.go:529	Delivering to app from Controller decide the last decision proposal
2023-12-06T23:23:49.437+0800	DEBUG	bft/controller.go:534	Node 2 delivered proposal
2023-12-06T23:23:49.437+0800	DEBUG	bft/requestpool.go:374	request {alice tx6} is not in the pool at remove time
2023-12-06T23:23:49.437+0800	DEBUG	bft/controller.go:906	Request {alice tx6} wasn't found in the pool : request {alice tx6} is not in the pool at remove time
2023-12-06T23:23:49.437+0800	DEBUG	bft/controller.go:563	view(0) + (decisionsInView(7) / decisionsPerLeader(3)), N(4), blacklist([])
2023-12-06T23:23:49.437+0800	DEBUG	bft/view.go:754	Got commit for previous sequence (7) from 1, but didn't have a previous commit to send back.
2023-12-06T23:23:50.312+0800	DEBUG	bft/heartbeatmonitor.go:393	Last heartbeat from 3 was 1.0029043s ago
2023-12-06T23:23:50.373+0800	DEBUG	bft/requestpool.go:507	Request {alice tx8}; started a leader-forwarding timeout: 20s
2023-12-06T23:23:50.373+0800	DEBUG	bft/requestpool.go:512	Request {alice tx8} timeout expired, going to send to leader
2023-12-06T23:23:50.373+0800	INFO	bft/controller.go:275	Request {alice tx8} timeout expired, forwarding request to leader: 3
2023-12-06T23:23:50.385+0800	DEBUG	bft/controller.go:322	2 got message from 3: <PrePrepare with view: 0, seq: 8, payload of 20 bytes, header: MEcCAQgTABNANTU4NmYzMzg0ODlkY2EyYzllOWZjMzBkNjAwYzBiZTVjNmQwNjBmNDdkMjA4MzY3NTI1ZjJhODM3NjhiODcyNw==>
2023-12-06T23:23:50.385+0800	DEBUG	bft/controller.go:322	2 got message from 3: prepare:{seq:8  digest:"a0532d34e879e4380ff4f8f698ad9fc53a073964f8b3d0165740283c8a90065d"}
2023-12-06T23:23:50.385+0800	DEBUG	bft/heartbeatmonitor.go:255	Received heartbeat from 3, last heartbeat was 1.0029043s ago
2023-12-06T23:23:50.385+0800	DEBUG	bft/heartbeatmonitor.go:255	Received heartbeat from 3, last heartbeat was 0s ago
2023-12-06T23:23:50.385+0800	DEBUG	bft/view.go:221	2 got message <PrePrepare with view: 0, seq: 8, payload of 20 bytes, header: MEcCAQgTABNANTU4NmYzMzg0ODlkY2EyYzllOWZjMzBkNjAwYzBiZTVjNmQwNjBmNDdkMjA4MzY3NTI1ZjJhODM3NjhiODcyNw==> from 3 with seq 8
2023-12-06T23:23:50.386+0800	DEBUG	bft/view.go:612	Previous proposal verification sequence: 0, current verification sequence: 0
2023-12-06T23:23:50.386+0800	DEBUG	bft/view.go:664	Previous proposal verification sequence: 0, current verification sequence: 0
2023-12-06T23:23:50.386+0800	DEBUG	bft/view.go:1076	Found 0 out of 2 required witnesses for auxiliary data
2023-12-06T23:23:50.386+0800	DEBUG	bft/util.go:438	view before: 0, current view: 0
2023-12-06T23:23:50.386+0800	DEBUG	bft/util.go:509	Blacklist empty, nothing to prune
2023-12-06T23:23:50.387+0800	DEBUG	wal/writeaheadlog.go:479	LogRecord appended successfully: total size=248, recordLength=235, dataCRC=0DAB2D14; file=tmp\native_chain20231206232341\node2\0000000000000001.wal, new-offset=2568
2023-12-06T23:23:50.387+0800	INFO	bft/view.go:424	Processed proposal with seq 8
2023-12-06T23:23:50.387+0800	DEBUG	bft/view.go:221	2 got message prepare:{seq:8  digest:"a0532d34e879e4380ff4f8f698ad9fc53a073964f8b3d0165740283c8a90065d"} from 3 with seq 8
2023-12-06T23:23:50.387+0800	DEBUG	bft/controller.go:322	2 got message from 1: prepare:{seq:8  digest:"a0532d34e879e4380ff4f8f698ad9fc53a073964f8b3d0165740283c8a90065d"}
2023-12-06T23:23:50.387+0800	DEBUG	bft/view.go:221	2 got message prepare:{seq:8  digest:"a0532d34e879e4380ff4f8f698ad9fc53a073964f8b3d0165740283c8a90065d"} from 1 with seq 8
2023-12-06T23:23:50.387+0800	INFO	bft/view.go:462	2 collected 2 prepares from [3 1]
2023-12-06T23:23:50.388+0800	DEBUG	bft/controller.go:322	2 got message from 4: prepare:{seq:8  digest:"a0532d34e879e4380ff4f8f698ad9fc53a073964f8b3d0165740283c8a90065d"}
2023-12-06T23:23:50.388+0800	DEBUG	bft/controller.go:322	2 got message from 1: commit:{seq:8  digest:"a0532d34e879e4380ff4f8f698ad9fc53a073964f8b3d0165740283c8a90065d"  signature:{signer:1}}
2023-12-06T23:23:50.388+0800	DEBUG	wal/writeaheadlog.go:479	LogRecord appended successfully: total size=88, recordLength=78, dataCRC=0A28AD29; file=tmp\native_chain20231206232341\node2\0000000000000001.wal, new-offset=2656
2023-12-06T23:23:50.388+0800	INFO	bft/view.go:514	Processed prepares for proposal with seq 8
2023-12-06T23:23:50.388+0800	DEBUG	bft/view.go:221	2 got message prepare:{seq:8  digest:"a0532d34e879e4380ff4f8f698ad9fc53a073964f8b3d0165740283c8a90065d"} from 4 with seq 8
2023-12-06T23:23:50.388+0800	DEBUG	bft/view.go:221	2 got message commit:{seq:8  digest:"a0532d34e879e4380ff4f8f698ad9fc53a073964f8b3d0165740283c8a90065d"  signature:{signer:1}} from 1 with seq 8
2023-12-06T23:23:50.389+0800	DEBUG	bft/controller.go:322	2 got message from 3: commit:{seq:8  digest:"a0532d34e879e4380ff4f8f698ad9fc53a073964f8b3d0165740283c8a90065d"  signature:{signer:3}}
2023-12-06T23:23:50.389+0800	DEBUG	bft/heartbeatmonitor.go:255	Received heartbeat from 3, last heartbeat was 0s ago
2023-12-06T23:23:50.389+0800	DEBUG	bft/view.go:221	2 got message commit:{seq:8  digest:"a0532d34e879e4380ff4f8f698ad9fc53a073964f8b3d0165740283c8a90065d"  signature:{signer:3}} from 3 with seq 8
2023-12-06T23:23:50.389+0800	INFO	bft/view.go:547	2 collected 2 commits from [1 3]
2023-12-06T23:23:50.389+0800	INFO	bft/view.go:334	2 processed commits for proposal with seq 8
2023-12-06T23:23:50.389+0800	INFO	bft/view.go:851	Deciding on seq 8
2023-12-06T23:23:50.389+0800	INFO	bft/view.go:870	Sequence: 8-->9
2023-12-06T23:23:50.389+0800	DEBUG	bft/controller.go:529	Delivering to app from Controller decide the last decision proposal
2023-12-06T23:23:50.389+0800	DEBUG	bft/controller.go:534	Node 2 delivered proposal
2023-12-06T23:23:50.389+0800	INFO	bft/requestpool.go:392	Removed request {alice tx8} from request pool
2023-12-06T23:23:50.389+0800	DEBUG	bft/controller.go:563	view(0) + (decisionsInView(8) / decisionsPerLeader(3)), N(4), blacklist([])
2023-12-06T23:23:50.389+0800	DEBUG	bft/controller.go:322	2 got message from 4: commit:{seq:8  digest:"a0532d34e879e4380ff4f8f698ad9fc53a073964f8b3d0165740283c8a90065d"  signature:{signer:4}}
2023-12-06T23:23:50.389+0800	DEBUG	bft/view.go:754	Got commit for previous sequence (8) from 4, sent back previous commit.
2023-12-06T23:23:51.307+0800	DEBUG	bft/heartbeatmonitor.go:393	Last heartbeat from 3 was 994.4943ms ago
2023-12-06T23:23:51.397+0800	DEBUG	bft/controller.go:322	2 got message from 3: <PrePrepare with view: 0, seq: 9, payload of 20 bytes, header: MEcCAQkTABNAYjVmZjM1ZTlmNDgxMzUxNDdhYTRjOTY0MjAxNjU2NmQ4ZTI3NjhiYjM0YzE0NWM4YzA0MTZiMTFlM2Y5M2NmOQ==>
2023-12-06T23:23:51.397+0800	DEBUG	bft/controller.go:322	2 got message from 3: prepare:{seq:9  digest:"0f2b261c287f27b7a0667c2f76b6c862a19d4d1828708adbb18187b572c94cb0"}
2023-12-06T23:23:51.397+0800	DEBUG	bft/heartbeatmonitor.go:255	Received heartbeat from 3, last heartbeat was 994.4943ms ago
2023-12-06T23:23:51.397+0800	DEBUG	bft/view.go:221	2 got message <PrePrepare with view: 0, seq: 9, payload of 20 bytes, header: MEcCAQkTABNAYjVmZjM1ZTlmNDgxMzUxNDdhYTRjOTY0MjAxNjU2NmQ4ZTI3NjhiYjM0YzE0NWM4YzA0MTZiMTFlM2Y5M2NmOQ==> from 3 with seq 9
2023-12-06T23:23:51.398+0800	DEBUG	bft/heartbeatmonitor.go:255	Received heartbeat from 3, last heartbeat was 0s ago
2023-12-06T23:23:51.398+0800	DEBUG	bft/view.go:612	Previous proposal verification sequence: 0, current verification sequence: 0
2023-12-06T23:23:51.398+0800	DEBUG	bft/view.go:664	Previous proposal verification sequence: 0, current verification sequence: 0
2023-12-06T23:23:51.398+0800	DEBUG	bft/view.go:1076	Found 0 out of 2 required witnesses for auxiliary data
2023-12-06T23:23:51.398+0800	DEBUG	bft/util.go:438	view before: 0, current view: 0
2023-12-06T23:23:51.398+0800	DEBUG	bft/util.go:509	Blacklist empty, nothing to prune
2023-12-06T23:23:51.399+0800	DEBUG	bft/controller.go:322	2 got message from 4: prepare:{seq:9  digest:"0f2b261c287f27b7a0667c2f76b6c862a19d4d1828708adbb18187b572c94cb0"}
2023-12-06T23:23:51.399+0800	DEBUG	wal/writeaheadlog.go:479	LogRecord appended successfully: total size=248, recordLength=235, dataCRC=27974353; file=tmp\native_chain20231206232341\node2\0000000000000001.wal, new-offset=2904
2023-12-06T23:23:51.399+0800	INFO	bft/view.go:424	Processed proposal with seq 9
2023-12-06T23:23:51.399+0800	DEBUG	bft/view.go:221	2 got message prepare:{seq:9  digest:"0f2b261c287f27b7a0667c2f76b6c862a19d4d1828708adbb18187b572c94cb0"} from 3 with seq 9
2023-12-06T23:23:51.399+0800	DEBUG	bft/controller.go:322	2 got message from 1: prepare:{seq:9  digest:"0f2b261c287f27b7a0667c2f76b6c862a19d4d1828708adbb18187b572c94cb0"}
2023-12-06T23:23:51.399+0800	DEBUG	bft/view.go:221	2 got message prepare:{seq:9  digest:"0f2b261c287f27b7a0667c2f76b6c862a19d4d1828708adbb18187b572c94cb0"} from 4 with seq 9
2023-12-06T23:23:51.399+0800	DEBUG	bft/view.go:221	2 got message prepare:{seq:9  digest:"0f2b261c287f27b7a0667c2f76b6c862a19d4d1828708adbb18187b572c94cb0"} from 1 with seq 9
2023-12-06T23:23:51.399+0800	INFO	bft/view.go:462	2 collected 2 prepares from [3 4]
2023-12-06T23:23:51.400+0800	DEBUG	bft/controller.go:322	2 got message from 1: commit:{seq:9  digest:"0f2b261c287f27b7a0667c2f76b6c862a19d4d1828708adbb18187b572c94cb0"  signature:{signer:1}}
2023-12-06T23:23:51.400+0800	DEBUG	bft/controller.go:322	2 got message from 4: commit:{seq:9  digest:"0f2b261c287f27b7a0667c2f76b6c862a19d4d1828708adbb18187b572c94cb0"  signature:{signer:4}}
2023-12-06T23:23:51.401+0800	DEBUG	wal/writeaheadlog.go:479	LogRecord appended successfully: total size=88, recordLength=78, dataCRC=D524905F; file=tmp\native_chain20231206232341\node2\0000000000000001.wal, new-offset=2992
2023-12-06T23:23:51.401+0800	INFO	bft/view.go:514	Processed prepares for proposal with seq 9
2023-12-06T23:23:51.401+0800	DEBUG	bft/view.go:221	2 got message commit:{seq:9  digest:"0f2b261c287f27b7a0667c2f76b6c862a19d4d1828708adbb18187b572c94cb0"  signature:{signer:1}} from 1 with seq 9
2023-12-06T23:23:51.401+0800	DEBUG	bft/view.go:221	2 got message commit:{seq:9  digest:"0f2b261c287f27b7a0667c2f76b6c862a19d4d1828708adbb18187b572c94cb0"  signature:{signer:4}} from 4 with seq 9
2023-12-06T23:23:51.401+0800	DEBUG	bft/controller.go:322	2 got message from 3: commit:{seq:9  digest:"0f2b261c287f27b7a0667c2f76b6c862a19d4d1828708adbb18187b572c94cb0"  signature:{signer:3}}
2023-12-06T23:23:51.401+0800	INFO	bft/view.go:547	2 collected 2 commits from [4 1]
2023-12-06T23:23:51.401+0800	DEBUG	bft/heartbeatmonitor.go:255	Received heartbeat from 3, last heartbeat was 0s ago
2023-12-06T23:23:51.401+0800	INFO	bft/view.go:334	2 processed commits for proposal with seq 9
2023-12-06T23:23:51.401+0800	INFO	bft/view.go:851	Deciding on seq 9
2023-12-06T23:23:51.401+0800	INFO	bft/view.go:870	Sequence: 9-->10
2023-12-06T23:23:51.401+0800	DEBUG	bft/controller.go:529	Delivering to app from Controller decide the last decision proposal
2023-12-06T23:23:51.401+0800	DEBUG	bft/controller.go:534	Node 2 delivered proposal
2023-12-06T23:23:51.401+0800	DEBUG	bft/requestpool.go:374	request {alice tx9} is not in the pool at remove time
2023-12-06T23:23:51.401+0800	DEBUG	bft/controller.go:906	Request {alice tx9} wasn't found in the pool : request {alice tx9} is not in the pool at remove time
2023-12-06T23:23:51.401+0800	DEBUG	bft/controller.go:563	view(0) + (decisionsInView(9) / decisionsPerLeader(3)), N(4), blacklist([])
2023-12-06T23:23:51.401+0800	INFO	bft/controller.go:570	Rotating leader from 3 to 4
2023-12-06T23:23:51.401+0800	DEBUG	bft/controller.go:549	Restarting view to rotate the leader
2023-12-06T23:23:51.401+0800	DEBUG	bft/controller.go:322	2 got message from 3: commit:{seq:8  digest:"a0532d34e879e4380ff4f8f698ad9fc53a073964f8b3d0165740283c8a90065d"  signature:{signer:3}  assist:true}
2023-12-06T23:23:51.401+0800	DEBUG	bft/view.go:754	Got commit for previous sequence (9) from 3, sent back previous commit.
2023-12-06T23:23:51.401+0800	DEBUG	bft/controller.go:430	view for abort 0, current view 0
2023-12-06T23:23:51.401+0800	DEBUG	bft/view.go:221	2 got message commit:{seq:8  digest:"a0532d34e879e4380ff4f8f698ad9fc53a073964f8b3d0165740283c8a90065d"  signature:{signer:3}  assist:true} from 3 with seq 8
2023-12-06T23:23:51.401+0800	WARN	bft/view.go:224	2 got message from 3 with sequence 8 but our sequence is 10
2023-12-06T23:23:51.401+0800	DEBUG	bft/controller.go:442	Aborting current view with number 0
2023-12-06T23:23:51.401+0800	DEBUG	bft/view.go:775	Got commit of seq 8 in view 0 from 3 while being in seq 10 in view 0
2023-12-06T23:23:51.401+0800	DEBUG	bft/controller.go:420	Starting view after setting decisions in view to 9
2023-12-06T23:23:51.401+0800	INFO	bft/heartbeatmonitor.go:185	Changing to follower role, current view: 0, current leader: 4
2023-12-06T23:23:51.401+0800	INFO	bft/controller.go:395	Starting view with number 0, sequence 10, and decisions 9
2023-12-06T23:23:51.401+0800	DEBUG	bft/controller.go:551	Restarting timers in request pool due to leader rotation
2023-12-06T23:23:51.401+0800	DEBUG	bft/requestpool.go:481	Restarted all timers: size=0
2023-12-06T23:23:51.402+0800	DEBUG	bft/controller.go:322	2 got message from 4: <PrePrepare with view: 0, seq: 10, payload of 21 bytes, header: MEcCAQoTABNAYjRlZDBhZDA0NDlmMTc3ODcwNDI0Mzk5YmJjMDU0MzVlOTA0ZjNhM2Y4ZTliOWEwZTQ3YWNlMDQwNjgyMWRiOQ==>
2023-12-06T23:23:51.402+0800	DEBUG	bft/controller.go:322	2 got message from 4: prepare:{seq:10  digest:"42da20f13c046c257f5ef88308e4f06ecee66c26791b6dc46ba8f4191b7425dc"}
2023-12-06T23:23:51.402+0800	DEBUG	bft/view.go:221	2 got message <PrePrepare with view: 0, seq: 10, payload of 21 bytes, header: MEcCAQoTABNAYjRlZDBhZDA0NDlmMTc3ODcwNDI0Mzk5YmJjMDU0MzVlOTA0ZjNhM2Y4ZTliOWEwZTQ3YWNlMDQwNjgyMWRiOQ==> from 4 with seq 10
2023-12-06T23:23:51.402+0800	DEBUG	bft/heartbeatmonitor.go:255	Received heartbeat from 4, last heartbeat was 0s ago
2023-12-06T23:23:51.402+0800	DEBUG	bft/view.go:612	Previous proposal verification sequence: 0, current verification sequence: 0
2023-12-06T23:23:51.403+0800	DEBUG	bft/view.go:664	Previous proposal verification sequence: 0, current verification sequence: 0
2023-12-06T23:23:51.402+0800	DEBUG	bft/heartbeatmonitor.go:255	Received heartbeat from 4, last heartbeat was 0s ago
2023-12-06T23:23:51.403+0800	DEBUG	bft/view.go:1076	Found 0 out of 2 required witnesses for auxiliary data
2023-12-06T23:23:51.403+0800	DEBUG	bft/util.go:438	view before: 0, current view: 0
2023-12-06T23:23:51.403+0800	DEBUG	bft/util.go:509	Blacklist empty, nothing to prune
2023-12-06T23:23:51.403+0800	DEBUG	bft/controller.go:322	2 got message from 3: prepare:{seq:10  digest:"42da20f13c046c257f5ef88308e4f06ecee66c26791b6dc46ba8f4191b7425dc"}
2023-12-06T23:23:51.404+0800	DEBUG	wal/writeaheadlog.go:479	LogRecord appended successfully: total size=248, recordLength=236, dataCRC=208B16EC; file=tmp\native_chain20231206232341\node2\0000000000000001.wal, new-offset=3240
2023-12-06T23:23:51.404+0800	INFO	bft/view.go:424	Processed proposal with seq 10
2023-12-06T23:23:51.404+0800	DEBUG	bft/view.go:221	2 got message prepare:{seq:10  digest:"42da20f13c046c257f5ef88308e4f06ecee66c26791b6dc46ba8f4191b7425dc"} from 4 with seq 10
2023-12-06T23:23:51.404+0800	DEBUG	bft/view.go:221	2 got message prepare:{seq:10  digest:"42da20f13c046c257f5ef88308e4f06ecee66c26791b6dc46ba8f4191b7425dc"} from 3 with seq 10
2023-12-06T23:23:51.404+0800	INFO	bft/view.go:462	2 collected 2 prepares from [4 3]
2023-12-06T23:23:51.404+0800	DEBUG	bft/controller.go:322	2 got message from 1: prepare:{seq:10  digest:"42da20f13c046c257f5ef88308e4f06ecee66c26791b6dc46ba8f4191b7425dc"}
2023-12-06T23:23:51.405+0800	DEBUG	wal/writeaheadlog.go:479	LogRecord appended successfully: total size=88, recordLength=78, dataCRC=19A9D1AF; file=tmp\native_chain20231206232341\node2\0000000000000001.wal, new-offset=3328
2023-12-06T23:23:51.405+0800	INFO	bft/view.go:514	Processed prepares for proposal with seq 10
2023-12-06T23:23:51.405+0800	DEBUG	bft/view.go:221	2 got message prepare:{seq:10  digest:"42da20f13c046c257f5ef88308e4f06ecee66c26791b6dc46ba8f4191b7425dc"} from 1 with seq 10
2023-12-06T23:23:51.405+0800	DEBUG	bft/controller.go:322	2 got message from 1: commit:{seq:10  digest:"42da20f13c046c257f5ef88308e4f06ecee66c26791b6dc46ba8f4191b7425dc"  signature:{signer:1}}
2023-12-06T23:23:51.405+0800	DEBUG	bft/view.go:221	2 got message commit:{seq:10  digest:"42da20f13c046c257f5ef88308e4f06ecee66c26791b6dc46ba8f4191b7425dc"  signature:{signer:1}} from 1 with seq 10
2023-12-06T23:23:51.406+0800	DEBUG	bft/controller.go:322	2 got message from 4: commit:{seq:10  digest:"42da20f13c046c257f5ef88308e4f06ecee66c26791b6dc46ba8f4191b7425dc"  signature:{signer:4}}
2023-12-06T23:23:51.406+0800	DEBUG	bft/heartbeatmonitor.go:255	Received heartbeat from 4, last heartbeat was 0s ago
2023-12-06T23:23:51.406+0800	DEBUG	bft/view.go:221	2 got message commit:{seq:10  digest:"42da20f13c046c257f5ef88308e4f06ecee66c26791b6dc46ba8f4191b7425dc"  signature:{signer:4}} from 4 with seq 10
2023-12-06T23:23:51.406+0800	DEBUG	bft/controller.go:322	2 got message from 3: commit:{seq:10  digest:"42da20f13c046c257f5ef88308e4f06ecee66c26791b6dc46ba8f4191b7425dc"  signature:{signer:3}}
2023-12-06T23:23:51.406+0800	INFO	bft/view.go:547	2 collected 2 commits from [1 4]
2023-12-06T23:23:51.406+0800	INFO	bft/view.go:334	2 processed commits for proposal with seq 10
2023-12-06T23:23:51.406+0800	INFO	bft/view.go:851	Deciding on seq 10
2023-12-06T23:23:51.406+0800	INFO	bft/view.go:870	Sequence: 10-->11
2023-12-06T23:23:51.406+0800	DEBUG	bft/controller.go:529	Delivering to app from Controller decide the last decision proposal
2023-12-06T23:23:51.406+0800	DEBUG	bft/controller.go:534	Node 2 delivered proposal
2023-12-06T23:23:51.406+0800	DEBUG	bft/requestpool.go:374	request {alice tx10} is not in the pool at remove time
2023-12-06T23:23:51.406+0800	DEBUG	bft/controller.go:906	Request {alice tx10} wasn't found in the pool : request {alice tx10} is not in the pool at remove time
2023-12-06T23:23:51.406+0800	DEBUG	bft/controller.go:563	view(0) + (decisionsInView(10) / decisionsPerLeader(3)), N(4), blacklist([])
2023-12-06T23:23:51.406+0800	DEBUG	bft/view.go:754	Got commit for previous sequence (10) from 3, but didn't have a previous commit to send back.
2023-12-06T23:23:51.406+0800	INFO	bft/controller.go:493	Exiting
2023-12-06T23:23:51.406+0800	INFO	consensus/consensus.go:168	Exiting
