2023-12-06T23:23:41.309+0800	DEBUG	wal/writeaheadlog.go:749	CRC-Anchor DEED0001 written to file: tmp\native_chain20231206232341\node3\0000000000000001.wal, at offset 0, size=16
2023-12-06T23:23:41.309+0800	INFO	wal/writeaheadlog.go:192	Write-Ahead-Log created successfully, mode: WRITE, dir: tmp\native_chain20231206232341\node3
2023-12-06T23:23:41.309+0800	DEBUG	consensus/consensus.go:152	Application started with view 0, seq 0, and decisions 0
2023-12-06T23:23:41.309+0800	INFO	bft/state.go:99	Nothing to restore
2023-12-06T23:23:41.309+0800	DEBUG	consensus/consensus.go:479	No view change to restore
2023-12-06T23:23:41.309+0800	INFO	bft/state.go:80	Nothing to restore
2023-12-06T23:23:41.309+0800	DEBUG	consensus/consensus.go:494	No new view to restore
2023-12-06T23:23:41.309+0800	DEBUG	bft/controller.go:793	Starting controller with view 0, sequence 1, and decisions 0
2023-12-06T23:23:41.309+0800	DEBUG	bft/controller.go:805	The number of nodes (N) is 4, F is 1, and the quorum size is 3
2023-12-06T23:23:41.309+0800	INFO	bft/state.go:121	Nothing to restore
2023-12-06T23:23:41.309+0800	INFO	bft/heartbeatmonitor.go:185	Changing to follower role, current view: 0, current leader: 1
2023-12-06T23:23:41.309+0800	INFO	bft/controller.go:395	Starting view with number 0, sequence 1, and decisions 0
2023-12-06T23:23:42.320+0800	DEBUG	bft/heartbeatmonitor.go:393	Last heartbeat from 1 was 0s ago
2023-12-06T23:23:43.318+0800	DEBUG	bft/heartbeatmonitor.go:393	Last heartbeat from 1 was 997.69ms ago
2023-12-06T23:23:43.333+0800	DEBUG	consensus/consensus.go:314	Submit Request: {alice tx3}
2023-12-06T23:23:43.333+0800	DEBUG	bft/requestpool.go:265	Request {alice tx3} submitted; started a timeout: 2s
2023-12-06T23:23:43.333+0800	DEBUG	bft/controller.go:261	Request {alice tx3} was submitted
2023-12-06T23:23:43.334+0800	DEBUG	bft/controller.go:322	3 got message from 1: <PrePrepare with view: 0, seq: 1, payload of 20 bytes, header: MEcCAQETABNAYmExMzdjZDRkMzcxZGMzZDA4NTVkMzRiYjcxZGI2OGZjMGVhMTMwYTBlZDQ2OThiNWY5NjU2MWU3MzAwZDRkMA==>
2023-12-06T23:23:43.334+0800	DEBUG	bft/heartbeatmonitor.go:255	Received heartbeat from 1, last heartbeat was 997.69ms ago
2023-12-06T23:23:43.334+0800	DEBUG	bft/view.go:221	3 got message <PrePrepare with view: 0, seq: 1, payload of 20 bytes, header: MEcCAQETABNAYmExMzdjZDRkMzcxZGMzZDA4NTVkMzRiYjcxZGI2OGZjMGVhMTMwYTBlZDQ2OThiNWY5NjU2MWU3MzAwZDRkMA==> from 1 with seq 1
2023-12-06T23:23:43.334+0800	DEBUG	bft/controller.go:322	3 got message from 1: prepare:{seq:1  digest:"2af8f9bcffef38ae70007950ee109a4520703196ffadc88824e41380b57d9599"}
2023-12-06T23:23:43.334+0800	DEBUG	bft/view.go:612	Previous proposal verification sequence: 0, current verification sequence: 0
2023-12-06T23:23:43.334+0800	DEBUG	bft/view.go:664	Previous proposal verification sequence: 0, current verification sequence: 0
2023-12-06T23:23:43.334+0800	DEBUG	bft/heartbeatmonitor.go:255	Received heartbeat from 1, last heartbeat was 0s ago
2023-12-06T23:23:43.334+0800	DEBUG	bft/view.go:1076	Found 0 out of 2 required witnesses for auxiliary data
2023-12-06T23:23:43.335+0800	DEBUG	bft/util.go:438	view before: 0, current view: 0
2023-12-06T23:23:43.335+0800	DEBUG	bft/util.go:509	Blacklist empty, nothing to prune
2023-12-06T23:23:43.336+0800	DEBUG	bft/controller.go:322	3 got message from 2: prepare:{seq:1  digest:"2af8f9bcffef38ae70007950ee109a4520703196ffadc88824e41380b57d9599"}
2023-12-06T23:23:43.337+0800	DEBUG	bft/controller.go:322	3 got message from 4: prepare:{seq:1  digest:"2af8f9bcffef38ae70007950ee109a4520703196ffadc88824e41380b57d9599"}
2023-12-06T23:23:43.338+0800	DEBUG	wal/writeaheadlog.go:479	LogRecord appended successfully: total size=200, recordLength=185, dataCRC=098E4891; file=tmp\native_chain20231206232341\node3\0000000000000001.wal, new-offset=216
2023-12-06T23:23:43.338+0800	INFO	bft/view.go:424	Processed proposal with seq 1
2023-12-06T23:23:43.338+0800	DEBUG	bft/view.go:221	3 got message prepare:{seq:1  digest:"2af8f9bcffef38ae70007950ee109a4520703196ffadc88824e41380b57d9599"} from 1 with seq 1
2023-12-06T23:23:43.338+0800	DEBUG	bft/view.go:221	3 got message prepare:{seq:1  digest:"2af8f9bcffef38ae70007950ee109a4520703196ffadc88824e41380b57d9599"} from 2 with seq 1
2023-12-06T23:23:43.339+0800	DEBUG	bft/view.go:221	3 got message prepare:{seq:1  digest:"2af8f9bcffef38ae70007950ee109a4520703196ffadc88824e41380b57d9599"} from 4 with seq 1
2023-12-06T23:23:43.339+0800	INFO	bft/view.go:462	3 collected 2 prepares from [1 2]
2023-12-06T23:23:43.339+0800	DEBUG	bft/controller.go:322	3 got message from 4: commit:{seq:1  digest:"2af8f9bcffef38ae70007950ee109a4520703196ffadc88824e41380b57d9599"  signature:{signer:4}}
2023-12-06T23:23:43.339+0800	DEBUG	bft/controller.go:322	3 got message from 1: commit:{seq:1  digest:"2af8f9bcffef38ae70007950ee109a4520703196ffadc88824e41380b57d9599"  signature:{signer:1}}
2023-12-06T23:23:43.339+0800	DEBUG	bft/heartbeatmonitor.go:255	Received heartbeat from 1, last heartbeat was 0s ago
2023-12-06T23:23:43.339+0800	DEBUG	bft/controller.go:322	3 got message from 2: commit:{seq:1  digest:"2af8f9bcffef38ae70007950ee109a4520703196ffadc88824e41380b57d9599"  signature:{signer:2}}
2023-12-06T23:23:43.340+0800	DEBUG	wal/writeaheadlog.go:479	LogRecord appended successfully: total size=88, recordLength=78, dataCRC=2AEFA984; file=tmp\native_chain20231206232341\node3\0000000000000001.wal, new-offset=304
2023-12-06T23:23:43.340+0800	INFO	bft/view.go:514	Processed prepares for proposal with seq 1
2023-12-06T23:23:43.340+0800	DEBUG	bft/view.go:221	3 got message commit:{seq:1  digest:"2af8f9bcffef38ae70007950ee109a4520703196ffadc88824e41380b57d9599"  signature:{signer:4}} from 4 with seq 1
2023-12-06T23:23:43.340+0800	DEBUG	bft/view.go:221	3 got message commit:{seq:1  digest:"2af8f9bcffef38ae70007950ee109a4520703196ffadc88824e41380b57d9599"  signature:{signer:1}} from 1 with seq 1
2023-12-06T23:23:43.340+0800	DEBUG	bft/view.go:221	3 got message commit:{seq:1  digest:"2af8f9bcffef38ae70007950ee109a4520703196ffadc88824e41380b57d9599"  signature:{signer:2}} from 2 with seq 1
2023-12-06T23:23:43.340+0800	INFO	bft/view.go:547	3 collected 2 commits from [2 1]
2023-12-06T23:23:43.340+0800	INFO	bft/view.go:334	3 processed commits for proposal with seq 1
2023-12-06T23:23:43.340+0800	INFO	bft/view.go:851	Deciding on seq 1
2023-12-06T23:23:43.340+0800	INFO	bft/view.go:870	Sequence: 1-->2
2023-12-06T23:23:43.340+0800	DEBUG	bft/controller.go:322	3 got message from 2: commit:{seq:1  digest:"2af8f9bcffef38ae70007950ee109a4520703196ffadc88824e41380b57d9599"  signature:{signer:2}  assist:true}
2023-12-06T23:23:43.340+0800	DEBUG	bft/controller.go:322	3 got message from 1: commit:{seq:1  digest:"2af8f9bcffef38ae70007950ee109a4520703196ffadc88824e41380b57d9599"  signature:{signer:1}  assist:true}
2023-12-06T23:23:43.340+0800	DEBUG	bft/controller.go:322	3 got message from 4: commit:{seq:1  digest:"2af8f9bcffef38ae70007950ee109a4520703196ffadc88824e41380b57d9599"  signature:{signer:4}  assist:true}
2023-12-06T23:23:43.340+0800	DEBUG	bft/controller.go:529	Delivering to app from Controller decide the last decision proposal
2023-12-06T23:23:43.341+0800	DEBUG	bft/heartbeatmonitor.go:255	Received heartbeat from 1, last heartbeat was 0s ago
2023-12-06T23:23:43.341+0800	DEBUG	bft/controller.go:534	Node 3 delivered proposal
2023-12-06T23:23:43.341+0800	DEBUG	bft/requestpool.go:374	request {alice tx1} is not in the pool at remove time
2023-12-06T23:23:43.341+0800	DEBUG	bft/controller.go:906	Request {alice tx1} wasn't found in the pool : request {alice tx1} is not in the pool at remove time
2023-12-06T23:23:43.341+0800	DEBUG	bft/controller.go:563	view(0) + (decisionsInView(1) / decisionsPerLeader(3)), N(4), blacklist([])
2023-12-06T23:23:44.324+0800	DEBUG	bft/heartbeatmonitor.go:393	Last heartbeat from 1 was 1.0065053s ago
2023-12-06T23:23:44.337+0800	DEBUG	bft/controller.go:322	3 got message from 1: <PrePrepare with view: 0, seq: 2, payload of 20 bytes, header: MEcCAQITABNANmRkMzcyNDA3NmZkNDA0ZDI1YTMyYjA0Y2E1NzkxNGVmY2Q0NmUxNGQxZjgwMWZlN2Y4ZjdkM2I3ZWQ5ZDU3MA==>
2023-12-06T23:23:44.337+0800	DEBUG	consensus/consensus.go:314	Submit Request: {alice tx4}
2023-12-06T23:23:44.337+0800	DEBUG	bft/heartbeatmonitor.go:255	Received heartbeat from 1, last heartbeat was 1.0065053s ago
2023-12-06T23:23:44.337+0800	DEBUG	bft/view.go:221	3 got message <PrePrepare with view: 0, seq: 2, payload of 20 bytes, header: MEcCAQITABNANmRkMzcyNDA3NmZkNDA0ZDI1YTMyYjA0Y2E1NzkxNGVmY2Q0NmUxNGQxZjgwMWZlN2Y4ZjdkM2I3ZWQ5ZDU3MA==> from 1 with seq 2
2023-12-06T23:23:44.337+0800	DEBUG	bft/controller.go:322	3 got message from 1: prepare:{seq:2  digest:"04a62d90f7e30b59d82e4ef8e4d35cb7c716a64e86ea6f670ec31702825b8b13"}
2023-12-06T23:23:44.337+0800	DEBUG	bft/requestpool.go:265	Request {alice tx4} submitted; started a timeout: 2s
2023-12-06T23:23:44.337+0800	DEBUG	bft/controller.go:261	Request {alice tx4} was submitted
2023-12-06T23:23:44.337+0800	DEBUG	bft/view.go:612	Previous proposal verification sequence: 0, current verification sequence: 0
2023-12-06T23:23:44.337+0800	DEBUG	bft/view.go:664	Previous proposal verification sequence: 0, current verification sequence: 0
2023-12-06T23:23:44.337+0800	DEBUG	bft/view.go:1076	Found 0 out of 2 required witnesses for auxiliary data
2023-12-06T23:23:44.337+0800	DEBUG	bft/util.go:438	view before: 0, current view: 0
2023-12-06T23:23:44.337+0800	DEBUG	bft/util.go:509	Blacklist empty, nothing to prune
2023-12-06T23:23:44.337+0800	DEBUG	bft/heartbeatmonitor.go:255	Received heartbeat from 1, last heartbeat was 0s ago
2023-12-06T23:23:44.339+0800	DEBUG	bft/controller.go:322	3 got message from 2: prepare:{seq:2  digest:"04a62d90f7e30b59d82e4ef8e4d35cb7c716a64e86ea6f670ec31702825b8b13"}
2023-12-06T23:23:44.340+0800	DEBUG	wal/writeaheadlog.go:479	LogRecord appended successfully: total size=248, recordLength=235, dataCRC=E21153C8; file=tmp\native_chain20231206232341\node3\0000000000000001.wal, new-offset=552
2023-12-06T23:23:44.340+0800	INFO	bft/view.go:424	Processed proposal with seq 2
2023-12-06T23:23:44.340+0800	DEBUG	bft/view.go:221	3 got message prepare:{seq:2  digest:"04a62d90f7e30b59d82e4ef8e4d35cb7c716a64e86ea6f670ec31702825b8b13"} from 1 with seq 2
2023-12-06T23:23:44.340+0800	DEBUG	bft/view.go:221	3 got message prepare:{seq:2  digest:"04a62d90f7e30b59d82e4ef8e4d35cb7c716a64e86ea6f670ec31702825b8b13"} from 2 with seq 2
2023-12-06T23:23:44.340+0800	INFO	bft/view.go:462	3 collected 2 prepares from [1 2]
2023-12-06T23:23:44.340+0800	DEBUG	bft/controller.go:322	3 got message from 4: prepare:{seq:2  digest:"04a62d90f7e30b59d82e4ef8e4d35cb7c716a64e86ea6f670ec31702825b8b13"}
2023-12-06T23:23:44.342+0800	DEBUG	wal/writeaheadlog.go:479	LogRecord appended successfully: total size=88, recordLength=78, dataCRC=7BEF82BC; file=tmp\native_chain20231206232341\node3\0000000000000001.wal, new-offset=640
2023-12-06T23:23:44.342+0800	INFO	bft/view.go:514	Processed prepares for proposal with seq 2
2023-12-06T23:23:44.342+0800	DEBUG	bft/view.go:221	3 got message prepare:{seq:2  digest:"04a62d90f7e30b59d82e4ef8e4d35cb7c716a64e86ea6f670ec31702825b8b13"} from 4 with seq 2
2023-12-06T23:23:44.342+0800	DEBUG	bft/controller.go:322	3 got message from 4: commit:{seq:2  digest:"04a62d90f7e30b59d82e4ef8e4d35cb7c716a64e86ea6f670ec31702825b8b13"  signature:{signer:4}}
2023-12-06T23:23:44.342+0800	DEBUG	bft/view.go:221	3 got message commit:{seq:2  digest:"04a62d90f7e30b59d82e4ef8e4d35cb7c716a64e86ea6f670ec31702825b8b13"  signature:{signer:4}} from 4 with seq 2
2023-12-06T23:23:44.343+0800	DEBUG	bft/controller.go:322	3 got message from 1: commit:{seq:2  digest:"04a62d90f7e30b59d82e4ef8e4d35cb7c716a64e86ea6f670ec31702825b8b13"  signature:{signer:1}}
2023-12-06T23:23:44.343+0800	DEBUG	bft/heartbeatmonitor.go:255	Received heartbeat from 1, last heartbeat was 0s ago
2023-12-06T23:23:44.343+0800	DEBUG	bft/view.go:221	3 got message commit:{seq:2  digest:"04a62d90f7e30b59d82e4ef8e4d35cb7c716a64e86ea6f670ec31702825b8b13"  signature:{signer:1}} from 1 with seq 2
2023-12-06T23:23:44.343+0800	INFO	bft/view.go:547	3 collected 2 commits from [4 1]
2023-12-06T23:23:44.343+0800	INFO	bft/view.go:334	3 processed commits for proposal with seq 2
2023-12-06T23:23:44.343+0800	INFO	bft/view.go:851	Deciding on seq 2
2023-12-06T23:23:44.343+0800	INFO	bft/view.go:870	Sequence: 2-->3
2023-12-06T23:23:44.343+0800	DEBUG	bft/controller.go:322	3 got message from 2: commit:{seq:2  digest:"04a62d90f7e30b59d82e4ef8e4d35cb7c716a64e86ea6f670ec31702825b8b13"  signature:{signer:2}}
2023-12-06T23:23:44.343+0800	DEBUG	bft/controller.go:529	Delivering to app from Controller decide the last decision proposal
2023-12-06T23:23:44.343+0800	DEBUG	bft/controller.go:534	Node 3 delivered proposal
2023-12-06T23:23:44.343+0800	DEBUG	bft/requestpool.go:374	request {alice tx2} is not in the pool at remove time
2023-12-06T23:23:44.343+0800	DEBUG	bft/controller.go:906	Request {alice tx2} wasn't found in the pool : request {alice tx2} is not in the pool at remove time
2023-12-06T23:23:44.343+0800	DEBUG	bft/controller.go:563	view(0) + (decisionsInView(2) / decisionsPerLeader(3)), N(4), blacklist([])
2023-12-06T23:23:44.343+0800	DEBUG	bft/view.go:754	Got commit for previous sequence (2) from 2, sent back previous commit.
2023-12-06T23:23:45.323+0800	DEBUG	bft/heartbeatmonitor.go:393	Last heartbeat from 1 was 998.4638ms ago
2023-12-06T23:23:45.338+0800	DEBUG	bft/requestpool.go:507	Request {alice tx3}; started a leader-forwarding timeout: 20s
2023-12-06T23:23:45.338+0800	DEBUG	bft/requestpool.go:512	Request {alice tx3} timeout expired, going to send to leader
2023-12-06T23:23:45.338+0800	INFO	bft/controller.go:275	Request {alice tx3} timeout expired, forwarding request to leader: 1
2023-12-06T23:23:45.350+0800	DEBUG	bft/controller.go:322	3 got message from 1: <PrePrepare with view: 0, seq: 3, payload of 20 bytes, header: MEcCAQMTABNANWUzYzQwNmZmOGQwNjY1YzZkNmU5MGEyMTA0NGViNWZmNzk3NjMyNGQzNDNhZmQzMGNjZTdhNzE4NDYzMmFjYQ==>
2023-12-06T23:23:45.350+0800	DEBUG	bft/heartbeatmonitor.go:255	Received heartbeat from 1, last heartbeat was 998.4638ms ago
2023-12-06T23:23:45.350+0800	DEBUG	bft/controller.go:322	3 got message from 1: prepare:{seq:3  digest:"33bd9729f7ec6dce61c40ecbe3134418b704cb12e0d6f3ed1ef7ec29960c885b"}
2023-12-06T23:23:45.350+0800	DEBUG	bft/view.go:221	3 got message <PrePrepare with view: 0, seq: 3, payload of 20 bytes, header: MEcCAQMTABNANWUzYzQwNmZmOGQwNjY1YzZkNmU5MGEyMTA0NGViNWZmNzk3NjMyNGQzNDNhZmQzMGNjZTdhNzE4NDYzMmFjYQ==> from 1 with seq 3
2023-12-06T23:23:45.351+0800	DEBUG	bft/heartbeatmonitor.go:255	Received heartbeat from 1, last heartbeat was 0s ago
2023-12-06T23:23:45.351+0800	DEBUG	bft/view.go:221	3 got message prepare:{seq:3  digest:"33bd9729f7ec6dce61c40ecbe3134418b704cb12e0d6f3ed1ef7ec29960c885b"} from 1 with seq 3
2023-12-06T23:23:45.351+0800	DEBUG	bft/view.go:612	Previous proposal verification sequence: 0, current verification sequence: 0
2023-12-06T23:23:45.351+0800	DEBUG	bft/view.go:664	Previous proposal verification sequence: 0, current verification sequence: 0
2023-12-06T23:23:45.351+0800	DEBUG	bft/view.go:1076	Found 0 out of 2 required witnesses for auxiliary data
2023-12-06T23:23:45.351+0800	DEBUG	bft/util.go:438	view before: 0, current view: 0
2023-12-06T23:23:45.351+0800	DEBUG	bft/util.go:509	Blacklist empty, nothing to prune
2023-12-06T23:23:45.352+0800	DEBUG	bft/controller.go:322	3 got message from 2: prepare:{seq:3  digest:"33bd9729f7ec6dce61c40ecbe3134418b704cb12e0d6f3ed1ef7ec29960c885b"}
2023-12-06T23:23:45.352+0800	DEBUG	wal/writeaheadlog.go:479	LogRecord appended successfully: total size=248, recordLength=235, dataCRC=A958876E; file=tmp\native_chain20231206232341\node3\0000000000000001.wal, new-offset=888
2023-12-06T23:23:45.352+0800	INFO	bft/view.go:424	Processed proposal with seq 3
2023-12-06T23:23:45.352+0800	DEBUG	bft/view.go:221	3 got message prepare:{seq:3  digest:"33bd9729f7ec6dce61c40ecbe3134418b704cb12e0d6f3ed1ef7ec29960c885b"} from 2 with seq 3
2023-12-06T23:23:45.352+0800	INFO	bft/view.go:462	3 collected 2 prepares from [1 2]
2023-12-06T23:23:45.352+0800	DEBUG	bft/controller.go:322	3 got message from 4: prepare:{seq:3  digest:"33bd9729f7ec6dce61c40ecbe3134418b704cb12e0d6f3ed1ef7ec29960c885b"}
2023-12-06T23:23:45.353+0800	DEBUG	wal/writeaheadlog.go:479	LogRecord appended successfully: total size=88, recordLength=78, dataCRC=7BE77258; file=tmp\native_chain20231206232341\node3\0000000000000001.wal, new-offset=976
2023-12-06T23:23:45.353+0800	INFO	bft/view.go:514	Processed prepares for proposal with seq 3
2023-12-06T23:23:45.353+0800	DEBUG	bft/view.go:221	3 got message prepare:{seq:3  digest:"33bd9729f7ec6dce61c40ecbe3134418b704cb12e0d6f3ed1ef7ec29960c885b"} from 4 with seq 3
2023-12-06T23:23:45.354+0800	DEBUG	bft/controller.go:322	3 got message from 1: commit:{seq:3  digest:"33bd9729f7ec6dce61c40ecbe3134418b704cb12e0d6f3ed1ef7ec29960c885b"  signature:{signer:1}}
2023-12-06T23:23:45.354+0800	DEBUG	bft/heartbeatmonitor.go:255	Received heartbeat from 1, last heartbeat was 0s ago
2023-12-06T23:23:45.354+0800	DEBUG	bft/view.go:221	3 got message commit:{seq:3  digest:"33bd9729f7ec6dce61c40ecbe3134418b704cb12e0d6f3ed1ef7ec29960c885b"  signature:{signer:1}} from 1 with seq 3
2023-12-06T23:23:45.354+0800	DEBUG	bft/controller.go:322	3 got message from 2: commit:{seq:3  digest:"33bd9729f7ec6dce61c40ecbe3134418b704cb12e0d6f3ed1ef7ec29960c885b"  signature:{signer:2}}
2023-12-06T23:23:45.354+0800	DEBUG	bft/view.go:221	3 got message commit:{seq:3  digest:"33bd9729f7ec6dce61c40ecbe3134418b704cb12e0d6f3ed1ef7ec29960c885b"  signature:{signer:2}} from 2 with seq 3
2023-12-06T23:23:45.354+0800	INFO	bft/view.go:547	3 collected 2 commits from [1 2]
2023-12-06T23:23:45.354+0800	INFO	bft/view.go:334	3 processed commits for proposal with seq 3
2023-12-06T23:23:45.354+0800	INFO	bft/view.go:851	Deciding on seq 3
2023-12-06T23:23:45.354+0800	INFO	bft/view.go:870	Sequence: 3-->4
2023-12-06T23:23:45.354+0800	DEBUG	bft/controller.go:322	3 got message from 4: commit:{seq:3  digest:"33bd9729f7ec6dce61c40ecbe3134418b704cb12e0d6f3ed1ef7ec29960c885b"  signature:{signer:4}}
2023-12-06T23:23:45.354+0800	DEBUG	bft/controller.go:529	Delivering to app from Controller decide the last decision proposal
2023-12-06T23:23:45.354+0800	DEBUG	bft/controller.go:534	Node 3 delivered proposal
2023-12-06T23:23:45.354+0800	INFO	bft/requestpool.go:392	Removed request {alice tx3} from request pool
2023-12-06T23:23:45.354+0800	DEBUG	bft/controller.go:563	view(0) + (decisionsInView(3) / decisionsPerLeader(3)), N(4), blacklist([])
2023-12-06T23:23:45.354+0800	DEBUG	bft/view.go:754	Got commit for previous sequence (3) from 4, sent back previous commit.
2023-12-06T23:23:45.354+0800	INFO	bft/controller.go:570	Rotating leader from 1 to 2
2023-12-06T23:23:45.354+0800	DEBUG	bft/controller.go:549	Restarting view to rotate the leader
2023-12-06T23:23:45.354+0800	DEBUG	bft/controller.go:430	view for abort 0, current view 0
2023-12-06T23:23:45.354+0800	DEBUG	bft/controller.go:442	Aborting current view with number 0
2023-12-06T23:23:45.354+0800	DEBUG	bft/controller.go:420	Starting view after setting decisions in view to 3
2023-12-06T23:23:45.354+0800	INFO	bft/heartbeatmonitor.go:185	Changing to follower role, current view: 0, current leader: 2
2023-12-06T23:23:45.354+0800	INFO	bft/controller.go:395	Starting view with number 0, sequence 4, and decisions 3
2023-12-06T23:23:45.354+0800	DEBUG	bft/controller.go:551	Restarting timers in request pool due to leader rotation
2023-12-06T23:23:45.354+0800	DEBUG	bft/requestpool.go:481	Restarted all timers: size=1
2023-12-06T23:23:46.318+0800	DEBUG	bft/heartbeatmonitor.go:393	Last heartbeat from 2 was 995.4754ms ago
2023-12-06T23:23:47.311+0800	DEBUG	bft/heartbeatmonitor.go:393	Last heartbeat from 2 was 1.9879002s ago
2023-12-06T23:23:47.358+0800	DEBUG	bft/requestpool.go:507	Request {alice tx4}; started a leader-forwarding timeout: 20s
2023-12-06T23:23:47.358+0800	DEBUG	bft/requestpool.go:512	Request {alice tx4} timeout expired, going to send to leader
2023-12-06T23:23:47.358+0800	INFO	bft/controller.go:275	Request {alice tx4} timeout expired, forwarding request to leader: 2
2023-12-06T23:23:47.369+0800	DEBUG	bft/controller.go:322	3 got message from 2: <PrePrepare with view: 0, seq: 4, payload of 20 bytes, header: MEcCAQQTABNAMDZiMDU5NTE4M2U0Y2E3N2YyZjkzOWZlYjgwNDZkOGJiYjIwMWEzZWU0NGU3YzA2NzhhMGZlYjc4MjI1NWFkOQ==>
2023-12-06T23:23:47.369+0800	DEBUG	bft/view.go:221	3 got message <PrePrepare with view: 0, seq: 4, payload of 20 bytes, header: MEcCAQQTABNAMDZiMDU5NTE4M2U0Y2E3N2YyZjkzOWZlYjgwNDZkOGJiYjIwMWEzZWU0NGU3YzA2NzhhMGZlYjc4MjI1NWFkOQ==> from 2 with seq 4
2023-12-06T23:23:47.369+0800	DEBUG	bft/controller.go:322	3 got message from 2: prepare:{seq:4  digest:"1702d41aa2a5d07962d0a108e78c8e4e0b33b2428c9a3870e1e45b9230f404b3"}
2023-12-06T23:23:47.370+0800	DEBUG	bft/view.go:612	Previous proposal verification sequence: 0, current verification sequence: 0
2023-12-06T23:23:47.370+0800	DEBUG	bft/heartbeatmonitor.go:255	Received heartbeat from 2, last heartbeat was 1.9879002s ago
2023-12-06T23:23:47.370+0800	DEBUG	bft/heartbeatmonitor.go:255	Received heartbeat from 2, last heartbeat was 0s ago
2023-12-06T23:23:47.370+0800	DEBUG	bft/view.go:664	Previous proposal verification sequence: 0, current verification sequence: 0
2023-12-06T23:23:47.370+0800	DEBUG	bft/view.go:1076	Found 0 out of 2 required witnesses for auxiliary data
2023-12-06T23:23:47.370+0800	DEBUG	bft/util.go:438	view before: 0, current view: 0
2023-12-06T23:23:47.370+0800	DEBUG	bft/util.go:509	Blacklist empty, nothing to prune
2023-12-06T23:23:47.378+0800	DEBUG	bft/controller.go:322	3 got message from 1: prepare:{seq:4  digest:"1702d41aa2a5d07962d0a108e78c8e4e0b33b2428c9a3870e1e45b9230f404b3"}
2023-12-06T23:23:47.378+0800	DEBUG	wal/writeaheadlog.go:479	LogRecord appended successfully: total size=248, recordLength=235, dataCRC=DBF1398F; file=tmp\native_chain20231206232341\node3\0000000000000001.wal, new-offset=1224
2023-12-06T23:23:47.378+0800	INFO	bft/view.go:424	Processed proposal with seq 4
2023-12-06T23:23:47.378+0800	DEBUG	bft/view.go:221	3 got message prepare:{seq:4  digest:"1702d41aa2a5d07962d0a108e78c8e4e0b33b2428c9a3870e1e45b9230f404b3"} from 2 with seq 4
2023-12-06T23:23:47.378+0800	DEBUG	bft/view.go:221	3 got message prepare:{seq:4  digest:"1702d41aa2a5d07962d0a108e78c8e4e0b33b2428c9a3870e1e45b9230f404b3"} from 1 with seq 4
2023-12-06T23:23:47.378+0800	INFO	bft/view.go:462	3 collected 2 prepares from [2 1]
2023-12-06T23:23:47.378+0800	DEBUG	bft/controller.go:322	3 got message from 4: prepare:{seq:4  digest:"1702d41aa2a5d07962d0a108e78c8e4e0b33b2428c9a3870e1e45b9230f404b3"}
2023-12-06T23:23:47.379+0800	DEBUG	wal/writeaheadlog.go:479	LogRecord appended successfully: total size=88, recordLength=78, dataCRC=AAE0B4EE; file=tmp\native_chain20231206232341\node3\0000000000000001.wal, new-offset=1312
2023-12-06T23:23:47.379+0800	INFO	bft/view.go:514	Processed prepares for proposal with seq 4
2023-12-06T23:23:47.379+0800	DEBUG	bft/view.go:221	3 got message prepare:{seq:4  digest:"1702d41aa2a5d07962d0a108e78c8e4e0b33b2428c9a3870e1e45b9230f404b3"} from 4 with seq 4
2023-12-06T23:23:47.380+0800	DEBUG	bft/controller.go:322	3 got message from 1: commit:{seq:4  digest:"1702d41aa2a5d07962d0a108e78c8e4e0b33b2428c9a3870e1e45b9230f404b3"  signature:{signer:1}}
2023-12-06T23:23:47.380+0800	DEBUG	bft/view.go:221	3 got message commit:{seq:4  digest:"1702d41aa2a5d07962d0a108e78c8e4e0b33b2428c9a3870e1e45b9230f404b3"  signature:{signer:1}} from 1 with seq 4
2023-12-06T23:23:47.380+0800	DEBUG	bft/controller.go:322	3 got message from 4: commit:{seq:4  digest:"1702d41aa2a5d07962d0a108e78c8e4e0b33b2428c9a3870e1e45b9230f404b3"  signature:{signer:4}}
2023-12-06T23:23:47.380+0800	DEBUG	bft/view.go:221	3 got message commit:{seq:4  digest:"1702d41aa2a5d07962d0a108e78c8e4e0b33b2428c9a3870e1e45b9230f404b3"  signature:{signer:4}} from 4 with seq 4
2023-12-06T23:23:47.380+0800	INFO	bft/view.go:547	3 collected 2 commits from [1 4]
2023-12-06T23:23:47.380+0800	INFO	bft/view.go:334	3 processed commits for proposal with seq 4
2023-12-06T23:23:47.380+0800	INFO	bft/view.go:851	Deciding on seq 4
2023-12-06T23:23:47.380+0800	INFO	bft/view.go:870	Sequence: 4-->5
2023-12-06T23:23:47.380+0800	DEBUG	bft/controller.go:529	Delivering to app from Controller decide the last decision proposal
2023-12-06T23:23:47.380+0800	DEBUG	bft/controller.go:534	Node 3 delivered proposal
2023-12-06T23:23:47.380+0800	DEBUG	bft/requestpool.go:374	request {alice tx7} is not in the pool at remove time
2023-12-06T23:23:47.380+0800	DEBUG	bft/controller.go:906	Request {alice tx7} wasn't found in the pool : request {alice tx7} is not in the pool at remove time
2023-12-06T23:23:47.380+0800	DEBUG	bft/controller.go:563	view(0) + (decisionsInView(4) / decisionsPerLeader(3)), N(4), blacklist([])
2023-12-06T23:23:47.381+0800	DEBUG	bft/controller.go:322	3 got message from 2: commit:{seq:4  digest:"1702d41aa2a5d07962d0a108e78c8e4e0b33b2428c9a3870e1e45b9230f404b3"  signature:{signer:2}}
2023-12-06T23:23:47.381+0800	DEBUG	bft/heartbeatmonitor.go:255	Received heartbeat from 2, last heartbeat was 0s ago
2023-12-06T23:23:47.381+0800	DEBUG	bft/view.go:754	Got commit for previous sequence (4) from 2, sent back previous commit.
2023-12-06T23:23:47.382+0800	DEBUG	bft/controller.go:322	3 got message from 2: <PrePrepare with view: 0, seq: 5, payload of 20 bytes, header: MEcCAQUTABNAYzE5MDcyMjg5ZDZhZGQxOWYzOWYwN2U0MDgwZDA5M2U4ZjJjMzkyNzhkOTVmNDFhNTZiZmNmNTM1YzhhYTVjMw==>
2023-12-06T23:23:47.382+0800	DEBUG	bft/controller.go:322	3 got message from 2: prepare:{seq:5  digest:"69f90c4edcfb5d16df0774c2b551d831df3f6f755501304aa2623e1d0cd47046"}
2023-12-06T23:23:47.382+0800	DEBUG	bft/view.go:221	3 got message <PrePrepare with view: 0, seq: 5, payload of 20 bytes, header: MEcCAQUTABNAYzE5MDcyMjg5ZDZhZGQxOWYzOWYwN2U0MDgwZDA5M2U4ZjJjMzkyNzhkOTVmNDFhNTZiZmNmNTM1YzhhYTVjMw==> from 2 with seq 5
2023-12-06T23:23:47.382+0800	DEBUG	bft/view.go:221	3 got message prepare:{seq:5  digest:"69f90c4edcfb5d16df0774c2b551d831df3f6f755501304aa2623e1d0cd47046"} from 2 with seq 5
2023-12-06T23:23:47.382+0800	DEBUG	bft/view.go:612	Previous proposal verification sequence: 0, current verification sequence: 0
2023-12-06T23:23:47.382+0800	DEBUG	bft/view.go:664	Previous proposal verification sequence: 0, current verification sequence: 0
2023-12-06T23:23:47.382+0800	DEBUG	bft/view.go:1076	Found 0 out of 2 required witnesses for auxiliary data
2023-12-06T23:23:47.382+0800	DEBUG	bft/util.go:438	view before: 0, current view: 0
2023-12-06T23:23:47.382+0800	DEBUG	bft/util.go:509	Blacklist empty, nothing to prune
2023-12-06T23:23:47.382+0800	DEBUG	bft/heartbeatmonitor.go:255	Received heartbeat from 2, last heartbeat was 0s ago
2023-12-06T23:23:47.382+0800	DEBUG	bft/heartbeatmonitor.go:255	Received heartbeat from 2, last heartbeat was 0s ago
2023-12-06T23:23:47.383+0800	DEBUG	bft/controller.go:322	3 got message from 1: prepare:{seq:5  digest:"69f90c4edcfb5d16df0774c2b551d831df3f6f755501304aa2623e1d0cd47046"}
2023-12-06T23:23:47.383+0800	DEBUG	wal/writeaheadlog.go:479	LogRecord appended successfully: total size=248, recordLength=235, dataCRC=9101D5B2; file=tmp\native_chain20231206232341\node3\0000000000000001.wal, new-offset=1560
2023-12-06T23:23:47.383+0800	INFO	bft/view.go:424	Processed proposal with seq 5
2023-12-06T23:23:47.383+0800	DEBUG	bft/view.go:221	3 got message prepare:{seq:5  digest:"69f90c4edcfb5d16df0774c2b551d831df3f6f755501304aa2623e1d0cd47046"} from 1 with seq 5
2023-12-06T23:23:47.383+0800	INFO	bft/view.go:462	3 collected 2 prepares from [2 1]
2023-12-06T23:23:47.383+0800	DEBUG	bft/controller.go:322	3 got message from 4: prepare:{seq:5  digest:"69f90c4edcfb5d16df0774c2b551d831df3f6f755501304aa2623e1d0cd47046"}
2023-12-06T23:23:47.384+0800	DEBUG	wal/writeaheadlog.go:479	LogRecord appended successfully: total size=88, recordLength=78, dataCRC=BB0EDF26; file=tmp\native_chain20231206232341\node3\0000000000000001.wal, new-offset=1648
2023-12-06T23:23:47.384+0800	INFO	bft/view.go:514	Processed prepares for proposal with seq 5
2023-12-06T23:23:47.384+0800	DEBUG	bft/view.go:221	3 got message prepare:{seq:5  digest:"69f90c4edcfb5d16df0774c2b551d831df3f6f755501304aa2623e1d0cd47046"} from 4 with seq 5
2023-12-06T23:23:47.385+0800	DEBUG	bft/controller.go:322	3 got message from 1: commit:{seq:5  digest:"69f90c4edcfb5d16df0774c2b551d831df3f6f755501304aa2623e1d0cd47046"  signature:{signer:1}}
2023-12-06T23:23:47.385+0800	DEBUG	bft/view.go:221	3 got message commit:{seq:5  digest:"69f90c4edcfb5d16df0774c2b551d831df3f6f755501304aa2623e1d0cd47046"  signature:{signer:1}} from 1 with seq 5
2023-12-06T23:23:47.385+0800	DEBUG	bft/controller.go:322	3 got message from 2: commit:{seq:5  digest:"69f90c4edcfb5d16df0774c2b551d831df3f6f755501304aa2623e1d0cd47046"  signature:{signer:2}}
2023-12-06T23:23:47.385+0800	DEBUG	bft/heartbeatmonitor.go:255	Received heartbeat from 2, last heartbeat was 0s ago
2023-12-06T23:23:47.385+0800	DEBUG	bft/controller.go:322	3 got message from 4: commit:{seq:5  digest:"69f90c4edcfb5d16df0774c2b551d831df3f6f755501304aa2623e1d0cd47046"  signature:{signer:4}}
2023-12-06T23:23:47.385+0800	DEBUG	bft/view.go:221	3 got message commit:{seq:5  digest:"69f90c4edcfb5d16df0774c2b551d831df3f6f755501304aa2623e1d0cd47046"  signature:{signer:2}} from 2 with seq 5
2023-12-06T23:23:47.385+0800	DEBUG	bft/view.go:221	3 got message commit:{seq:5  digest:"69f90c4edcfb5d16df0774c2b551d831df3f6f755501304aa2623e1d0cd47046"  signature:{signer:4}} from 4 with seq 5
2023-12-06T23:23:47.385+0800	INFO	bft/view.go:547	3 collected 2 commits from [1 4]
2023-12-06T23:23:47.385+0800	INFO	bft/view.go:334	3 processed commits for proposal with seq 5
2023-12-06T23:23:47.385+0800	INFO	bft/view.go:851	Deciding on seq 5
2023-12-06T23:23:47.385+0800	INFO	bft/view.go:870	Sequence: 5-->6
2023-12-06T23:23:47.385+0800	DEBUG	bft/controller.go:529	Delivering to app from Controller decide the last decision proposal
2023-12-06T23:23:47.385+0800	DEBUG	bft/controller.go:534	Node 3 delivered proposal
2023-12-06T23:23:47.385+0800	INFO	bft/requestpool.go:392	Removed request {alice tx4} from request pool
2023-12-06T23:23:47.385+0800	DEBUG	bft/controller.go:563	view(0) + (decisionsInView(5) / decisionsPerLeader(3)), N(4), blacklist([])
2023-12-06T23:23:47.386+0800	DEBUG	bft/controller.go:322	3 got message from 2: <PrePrepare with view: 0, seq: 6, payload of 20 bytes, header: MEcCAQYTABNAOTBhMmUxNDdlODE1YTQ2ODVjZTBjMDY0MGU5Y2Y4OWZhMDRjMThkNTJlY2JmNzQzNWJlYWMwMmE4MjAwZDBhMw==>
2023-12-06T23:23:47.386+0800	DEBUG	bft/view.go:221	3 got message <PrePrepare with view: 0, seq: 6, payload of 20 bytes, header: MEcCAQYTABNAOTBhMmUxNDdlODE1YTQ2ODVjZTBjMDY0MGU5Y2Y4OWZhMDRjMThkNTJlY2JmNzQzNWJlYWMwMmE4MjAwZDBhMw==> from 2 with seq 6
2023-12-06T23:23:47.386+0800	DEBUG	bft/controller.go:322	3 got message from 2: prepare:{seq:6  digest:"bf1a0eeafab4d7c9dedfb1a646febf19206bad1e167e02c09a034c91660c4175"}
2023-12-06T23:23:47.386+0800	DEBUG	bft/heartbeatmonitor.go:255	Received heartbeat from 2, last heartbeat was 0s ago
2023-12-06T23:23:47.386+0800	DEBUG	bft/heartbeatmonitor.go:255	Received heartbeat from 2, last heartbeat was 0s ago
2023-12-06T23:23:47.386+0800	DEBUG	bft/view.go:612	Previous proposal verification sequence: 0, current verification sequence: 0
2023-12-06T23:23:47.386+0800	DEBUG	bft/view.go:664	Previous proposal verification sequence: 0, current verification sequence: 0
2023-12-06T23:23:47.386+0800	DEBUG	bft/view.go:1076	Found 0 out of 2 required witnesses for auxiliary data
2023-12-06T23:23:47.386+0800	DEBUG	bft/util.go:438	view before: 0, current view: 0
2023-12-06T23:23:47.386+0800	DEBUG	bft/util.go:509	Blacklist empty, nothing to prune
2023-12-06T23:23:47.387+0800	DEBUG	wal/writeaheadlog.go:479	LogRecord appended successfully: total size=248, recordLength=235, dataCRC=48B40783; file=tmp\native_chain20231206232341\node3\0000000000000001.wal, new-offset=1896
2023-12-06T23:23:47.387+0800	INFO	bft/view.go:424	Processed proposal with seq 6
2023-12-06T23:23:47.387+0800	DEBUG	bft/view.go:221	3 got message prepare:{seq:6  digest:"bf1a0eeafab4d7c9dedfb1a646febf19206bad1e167e02c09a034c91660c4175"} from 2 with seq 6
2023-12-06T23:23:47.387+0800	DEBUG	bft/controller.go:322	3 got message from 4: prepare:{seq:6  digest:"bf1a0eeafab4d7c9dedfb1a646febf19206bad1e167e02c09a034c91660c4175"}
2023-12-06T23:23:47.387+0800	DEBUG	bft/view.go:221	3 got message prepare:{seq:6  digest:"bf1a0eeafab4d7c9dedfb1a646febf19206bad1e167e02c09a034c91660c4175"} from 4 with seq 6
2023-12-06T23:23:47.387+0800	INFO	bft/view.go:462	3 collected 2 prepares from [2 4]
2023-12-06T23:23:47.387+0800	DEBUG	bft/controller.go:322	3 got message from 1: prepare:{seq:6  digest:"bf1a0eeafab4d7c9dedfb1a646febf19206bad1e167e02c09a034c91660c4175"}
2023-12-06T23:23:47.389+0800	DEBUG	bft/controller.go:322	3 got message from 4: commit:{seq:6  digest:"bf1a0eeafab4d7c9dedfb1a646febf19206bad1e167e02c09a034c91660c4175"  signature:{signer:4}}
2023-12-06T23:23:47.389+0800	DEBUG	wal/writeaheadlog.go:479	LogRecord appended successfully: total size=88, recordLength=78, dataCRC=5644F950; file=tmp\native_chain20231206232341\node3\0000000000000001.wal, new-offset=1984
2023-12-06T23:23:47.389+0800	INFO	bft/view.go:514	Processed prepares for proposal with seq 6
2023-12-06T23:23:47.389+0800	DEBUG	bft/view.go:221	3 got message prepare:{seq:6  digest:"bf1a0eeafab4d7c9dedfb1a646febf19206bad1e167e02c09a034c91660c4175"} from 1 with seq 6
2023-12-06T23:23:47.389+0800	DEBUG	bft/view.go:221	3 got message commit:{seq:6  digest:"bf1a0eeafab4d7c9dedfb1a646febf19206bad1e167e02c09a034c91660c4175"  signature:{signer:4}} from 4 with seq 6
2023-12-06T23:23:47.389+0800	DEBUG	bft/controller.go:322	3 got message from 2: commit:{seq:6  digest:"bf1a0eeafab4d7c9dedfb1a646febf19206bad1e167e02c09a034c91660c4175"  signature:{signer:2}}
2023-12-06T23:23:47.389+0800	DEBUG	bft/heartbeatmonitor.go:255	Received heartbeat from 2, last heartbeat was 0s ago
2023-12-06T23:23:47.389+0800	DEBUG	bft/view.go:221	3 got message commit:{seq:6  digest:"bf1a0eeafab4d7c9dedfb1a646febf19206bad1e167e02c09a034c91660c4175"  signature:{signer:2}} from 2 with seq 6
2023-12-06T23:23:47.389+0800	INFO	bft/view.go:547	3 collected 2 commits from [4 2]
2023-12-06T23:23:47.389+0800	INFO	bft/view.go:334	3 processed commits for proposal with seq 6
2023-12-06T23:23:47.389+0800	INFO	bft/view.go:851	Deciding on seq 6
2023-12-06T23:23:47.389+0800	INFO	bft/view.go:870	Sequence: 6-->7
2023-12-06T23:23:47.389+0800	DEBUG	bft/controller.go:529	Delivering to app from Controller decide the last decision proposal
2023-12-06T23:23:47.389+0800	DEBUG	bft/controller.go:534	Node 3 delivered proposal
2023-12-06T23:23:47.389+0800	DEBUG	bft/requestpool.go:374	request {alice tx5} is not in the pool at remove time
2023-12-06T23:23:47.389+0800	DEBUG	bft/controller.go:906	Request {alice tx5} wasn't found in the pool : request {alice tx5} is not in the pool at remove time
2023-12-06T23:23:47.389+0800	DEBUG	bft/controller.go:563	view(0) + (decisionsInView(6) / decisionsPerLeader(3)), N(4), blacklist([])
2023-12-06T23:23:47.389+0800	INFO	bft/controller.go:570	Rotating leader from 2 to 3
2023-12-06T23:23:47.389+0800	DEBUG	bft/controller.go:549	Restarting view to rotate the leader
2023-12-06T23:23:47.389+0800	DEBUG	bft/controller.go:430	view for abort 0, current view 0
2023-12-06T23:23:47.389+0800	DEBUG	bft/controller.go:442	Aborting current view with number 0
2023-12-06T23:23:47.389+0800	DEBUG	bft/controller.go:420	Starting view after setting decisions in view to 6
2023-12-06T23:23:47.389+0800	DEBUG	bft/controller.go:387	Acquiring leader token when starting view with phase COMMITTED
2023-12-06T23:23:47.389+0800	INFO	bft/heartbeatmonitor.go:185	Changing to leader role, current view: 0, current leader: 3
2023-12-06T23:23:47.389+0800	INFO	bft/controller.go:395	Starting view with number 0, sequence 7, and decisions 6
2023-12-06T23:23:47.389+0800	DEBUG	bft/controller.go:551	Restarting timers in request pool due to leader rotation
2023-12-06T23:23:47.389+0800	DEBUG	bft/requestpool.go:481	Restarted all timers: size=0
2023-12-06T23:23:47.389+0800	DEBUG	bft/controller.go:322	3 got message from 1: commit:{seq:6  digest:"bf1a0eeafab4d7c9dedfb1a646febf19206bad1e167e02c09a034c91660c4175"  signature:{signer:1}}
2023-12-06T23:23:47.389+0800	DEBUG	bft/view.go:754	Got commit for previous sequence (6) from 1, but didn't have a previous commit to send back.
2023-12-06T23:23:49.402+0800	DEBUG	consensus/consensus.go:314	Submit Request: {alice tx6}
2023-12-06T23:23:49.402+0800	DEBUG	bft/requestpool.go:265	Request {alice tx6} submitted; started a timeout: 2s
2023-12-06T23:23:49.402+0800	DEBUG	bft/controller.go:261	Request {alice tx6} was submitted
2023-12-06T23:23:49.402+0800	DEBUG	bft/requestpool.go:320	Returning batch of 1 requests totalling 14B
2023-12-06T23:23:49.402+0800	DEBUG	bft/view.go:903	GetMetadata with view 0, seq 7, dec 6
2023-12-06T23:23:49.402+0800	DEBUG	bft/view.go:933	Proposing proposal 7 with verification sequence of 0 and 3 commit signatures
2023-12-06T23:23:49.402+0800	DEBUG	bft/util.go:438	view before: 0, current view: 0
2023-12-06T23:23:49.402+0800	DEBUG	bft/util.go:509	Blacklist empty, nothing to prune
2023-12-06T23:23:49.402+0800	DEBUG	bft/view.go:985	Bound 3 commit signatures to proposal
2023-12-06T23:23:49.402+0800	DEBUG	bft/view.go:972	Proposing proposal sequence 7 in view 0
2023-12-06T23:23:49.402+0800	DEBUG	bft/view.go:221	3 got message <PrePrepare with view: 0, seq: 7, payload of 20 bytes, header: MEcCAQcTABNAOGI2N2U0NmQxZjY0MGZlYzJjZGU0NWI1NjdhMDgwMDgxNzFlYzk4YzQ4Yzc4ODQzYThlMzAzNGVhY2Q4MTYwNA==> from 3 with seq 7
2023-12-06T23:23:49.402+0800	DEBUG	bft/view.go:612	Previous proposal verification sequence: 0, current verification sequence: 0
2023-12-06T23:23:49.402+0800	DEBUG	bft/view.go:664	Previous proposal verification sequence: 0, current verification sequence: 0
2023-12-06T23:23:49.402+0800	DEBUG	bft/view.go:1076	Found 0 out of 2 required witnesses for auxiliary data
2023-12-06T23:23:49.402+0800	DEBUG	bft/util.go:438	view before: 0, current view: 0
2023-12-06T23:23:49.402+0800	DEBUG	bft/util.go:509	Blacklist empty, nothing to prune
2023-12-06T23:23:49.413+0800	DEBUG	wal/writeaheadlog.go:479	LogRecord appended successfully: total size=248, recordLength=235, dataCRC=82A6F0BE; file=tmp\native_chain20231206232341\node3\0000000000000001.wal, new-offset=2232
2023-12-06T23:23:49.413+0800	INFO	bft/view.go:424	Processed proposal with seq 7
2023-12-06T23:23:49.415+0800	DEBUG	bft/controller.go:322	3 got message from 2: prepare:{seq:7  digest:"5d8c4499d46a3ab8dfbf79c81dc01bedf183732026a886d068be9e4ca1d1ef83"}
2023-12-06T23:23:49.415+0800	DEBUG	bft/view.go:221	3 got message prepare:{seq:7  digest:"5d8c4499d46a3ab8dfbf79c81dc01bedf183732026a886d068be9e4ca1d1ef83"} from 2 with seq 7
2023-12-06T23:23:49.425+0800	DEBUG	bft/controller.go:322	3 got message from 4: prepare:{seq:7  digest:"5d8c4499d46a3ab8dfbf79c81dc01bedf183732026a886d068be9e4ca1d1ef83"}
2023-12-06T23:23:49.425+0800	DEBUG	bft/view.go:221	3 got message prepare:{seq:7  digest:"5d8c4499d46a3ab8dfbf79c81dc01bedf183732026a886d068be9e4ca1d1ef83"} from 4 with seq 7
2023-12-06T23:23:49.425+0800	INFO	bft/view.go:462	3 collected 2 prepares from [2 4]
2023-12-06T23:23:49.427+0800	DEBUG	bft/controller.go:322	3 got message from 1: prepare:{seq:7  digest:"5d8c4499d46a3ab8dfbf79c81dc01bedf183732026a886d068be9e4ca1d1ef83"}
2023-12-06T23:23:49.436+0800	DEBUG	wal/writeaheadlog.go:479	LogRecord appended successfully: total size=88, recordLength=78, dataCRC=87C66A7E; file=tmp\native_chain20231206232341\node3\0000000000000001.wal, new-offset=2320
2023-12-06T23:23:49.436+0800	INFO	bft/view.go:514	Processed prepares for proposal with seq 7
2023-12-06T23:23:49.436+0800	DEBUG	bft/view.go:221	3 got message prepare:{seq:7  digest:"5d8c4499d46a3ab8dfbf79c81dc01bedf183732026a886d068be9e4ca1d1ef83"} from 1 with seq 7
2023-12-06T23:23:49.437+0800	DEBUG	bft/controller.go:322	3 got message from 4: commit:{seq:7  digest:"5d8c4499d46a3ab8dfbf79c81dc01bedf183732026a886d068be9e4ca1d1ef83"  signature:{signer:4}}
2023-12-06T23:23:49.437+0800	DEBUG	bft/view.go:221	3 got message commit:{seq:7  digest:"5d8c4499d46a3ab8dfbf79c81dc01bedf183732026a886d068be9e4ca1d1ef83"  signature:{signer:4}} from 4 with seq 7
2023-12-06T23:23:49.437+0800	DEBUG	bft/controller.go:322	3 got message from 2: commit:{seq:7  digest:"5d8c4499d46a3ab8dfbf79c81dc01bedf183732026a886d068be9e4ca1d1ef83"  signature:{signer:2}}
2023-12-06T23:23:49.437+0800	DEBUG	bft/view.go:221	3 got message commit:{seq:7  digest:"5d8c4499d46a3ab8dfbf79c81dc01bedf183732026a886d068be9e4ca1d1ef83"  signature:{signer:2}} from 2 with seq 7
2023-12-06T23:23:49.437+0800	DEBUG	bft/controller.go:322	3 got message from 1: commit:{seq:7  digest:"5d8c4499d46a3ab8dfbf79c81dc01bedf183732026a886d068be9e4ca1d1ef83"  signature:{signer:1}}
2023-12-06T23:23:49.437+0800	INFO	bft/view.go:547	3 collected 2 commits from [4 2]
2023-12-06T23:23:49.437+0800	INFO	bft/view.go:334	3 processed commits for proposal with seq 7
2023-12-06T23:23:49.437+0800	INFO	bft/view.go:851	Deciding on seq 7
2023-12-06T23:23:49.437+0800	INFO	bft/view.go:870	Sequence: 7-->8
2023-12-06T23:23:49.437+0800	DEBUG	bft/controller.go:529	Delivering to app from Controller decide the last decision proposal
2023-12-06T23:23:49.437+0800	DEBUG	bft/controller.go:534	Node 3 delivered proposal
2023-12-06T23:23:49.437+0800	INFO	bft/requestpool.go:392	Removed request {alice tx6} from request pool
2023-12-06T23:23:49.437+0800	DEBUG	bft/controller.go:563	view(0) + (decisionsInView(7) / decisionsPerLeader(3)), N(4), blacklist([])
2023-12-06T23:23:49.437+0800	DEBUG	bft/view.go:754	Got commit for previous sequence (7) from 1, but didn't have a previous commit to send back.
2023-12-06T23:23:50.373+0800	DEBUG	consensus/consensus.go:314	Submit Request: {alice tx8}
2023-12-06T23:23:50.373+0800	DEBUG	bft/requestpool.go:265	Request {alice tx8} submitted; started a timeout: 2s
2023-12-06T23:23:50.373+0800	DEBUG	bft/controller.go:261	Request {alice tx8} was submitted
2023-12-06T23:23:50.373+0800	DEBUG	bft/requestpool.go:320	Returning batch of 1 requests totalling 14B
2023-12-06T23:23:50.373+0800	DEBUG	bft/view.go:903	GetMetadata with view 0, seq 8, dec 7
2023-12-06T23:23:50.373+0800	DEBUG	bft/view.go:933	Proposing proposal 8 with verification sequence of 0 and 3 commit signatures
2023-12-06T23:23:50.373+0800	DEBUG	bft/util.go:438	view before: 0, current view: 0
2023-12-06T23:23:50.373+0800	DEBUG	bft/util.go:509	Blacklist empty, nothing to prune
2023-12-06T23:23:50.373+0800	DEBUG	bft/view.go:985	Bound 3 commit signatures to proposal
2023-12-06T23:23:50.373+0800	DEBUG	bft/view.go:972	Proposing proposal sequence 8 in view 0
2023-12-06T23:23:50.373+0800	DEBUG	bft/view.go:221	3 got message <PrePrepare with view: 0, seq: 8, payload of 20 bytes, header: MEcCAQgTABNANTU4NmYzMzg0ODlkY2EyYzllOWZjMzBkNjAwYzBiZTVjNmQwNjBmNDdkMjA4MzY3NTI1ZjJhODM3NjhiODcyNw==> from 3 with seq 8
2023-12-06T23:23:50.373+0800	DEBUG	bft/view.go:612	Previous proposal verification sequence: 0, current verification sequence: 0
2023-12-06T23:23:50.373+0800	DEBUG	bft/view.go:664	Previous proposal verification sequence: 0, current verification sequence: 0
2023-12-06T23:23:50.373+0800	DEBUG	bft/view.go:1076	Found 0 out of 2 required witnesses for auxiliary data
2023-12-06T23:23:50.373+0800	DEBUG	bft/util.go:438	view before: 0, current view: 0
2023-12-06T23:23:50.373+0800	DEBUG	bft/util.go:509	Blacklist empty, nothing to prune
2023-12-06T23:23:50.385+0800	DEBUG	wal/writeaheadlog.go:479	LogRecord appended successfully: total size=248, recordLength=235, dataCRC=9F881197; file=tmp\native_chain20231206232341\node3\0000000000000001.wal, new-offset=2568
2023-12-06T23:23:50.385+0800	INFO	bft/view.go:424	Processed proposal with seq 8
2023-12-06T23:23:50.387+0800	DEBUG	bft/controller.go:322	3 got message from 2: prepare:{seq:8  digest:"a0532d34e879e4380ff4f8f698ad9fc53a073964f8b3d0165740283c8a90065d"}
2023-12-06T23:23:50.387+0800	DEBUG	bft/view.go:221	3 got message prepare:{seq:8  digest:"a0532d34e879e4380ff4f8f698ad9fc53a073964f8b3d0165740283c8a90065d"} from 2 with seq 8
2023-12-06T23:23:50.387+0800	DEBUG	bft/controller.go:322	3 got message from 1: prepare:{seq:8  digest:"a0532d34e879e4380ff4f8f698ad9fc53a073964f8b3d0165740283c8a90065d"}
2023-12-06T23:23:50.387+0800	DEBUG	bft/view.go:221	3 got message prepare:{seq:8  digest:"a0532d34e879e4380ff4f8f698ad9fc53a073964f8b3d0165740283c8a90065d"} from 1 with seq 8
2023-12-06T23:23:50.387+0800	INFO	bft/view.go:462	3 collected 2 prepares from [2 1]
2023-12-06T23:23:50.388+0800	DEBUG	bft/controller.go:322	3 got message from 4: prepare:{seq:8  digest:"a0532d34e879e4380ff4f8f698ad9fc53a073964f8b3d0165740283c8a90065d"}
2023-12-06T23:23:50.388+0800	DEBUG	bft/controller.go:322	3 got message from 1: commit:{seq:8  digest:"a0532d34e879e4380ff4f8f698ad9fc53a073964f8b3d0165740283c8a90065d"  signature:{signer:1}}
2023-12-06T23:23:50.389+0800	DEBUG	bft/controller.go:322	3 got message from 2: commit:{seq:8  digest:"a0532d34e879e4380ff4f8f698ad9fc53a073964f8b3d0165740283c8a90065d"  signature:{signer:2}}
2023-12-06T23:23:50.389+0800	DEBUG	wal/writeaheadlog.go:479	LogRecord appended successfully: total size=88, recordLength=78, dataCRC=A8140FE5; file=tmp\native_chain20231206232341\node3\0000000000000001.wal, new-offset=2656
2023-12-06T23:23:50.389+0800	INFO	bft/view.go:514	Processed prepares for proposal with seq 8
2023-12-06T23:23:50.389+0800	DEBUG	bft/view.go:221	3 got message prepare:{seq:8  digest:"a0532d34e879e4380ff4f8f698ad9fc53a073964f8b3d0165740283c8a90065d"} from 4 with seq 8
2023-12-06T23:23:50.389+0800	DEBUG	bft/view.go:221	3 got message commit:{seq:8  digest:"a0532d34e879e4380ff4f8f698ad9fc53a073964f8b3d0165740283c8a90065d"  signature:{signer:1}} from 1 with seq 8
2023-12-06T23:23:50.389+0800	DEBUG	bft/view.go:221	3 got message commit:{seq:8  digest:"a0532d34e879e4380ff4f8f698ad9fc53a073964f8b3d0165740283c8a90065d"  signature:{signer:2}} from 2 with seq 8
2023-12-06T23:23:50.389+0800	INFO	bft/view.go:547	3 collected 2 commits from [2 1]
2023-12-06T23:23:50.389+0800	INFO	bft/view.go:334	3 processed commits for proposal with seq 8
2023-12-06T23:23:50.389+0800	INFO	bft/view.go:851	Deciding on seq 8
2023-12-06T23:23:50.389+0800	INFO	bft/view.go:870	Sequence: 8-->9
2023-12-06T23:23:50.389+0800	DEBUG	bft/controller.go:529	Delivering to app from Controller decide the last decision proposal
2023-12-06T23:23:50.389+0800	DEBUG	bft/controller.go:534	Node 3 delivered proposal
2023-12-06T23:23:50.389+0800	INFO	bft/requestpool.go:392	Removed request {alice tx8} from request pool
2023-12-06T23:23:50.389+0800	DEBUG	bft/controller.go:563	view(0) + (decisionsInView(8) / decisionsPerLeader(3)), N(4), blacklist([])
2023-12-06T23:23:50.389+0800	DEBUG	bft/controller.go:322	3 got message from 4: commit:{seq:8  digest:"a0532d34e879e4380ff4f8f698ad9fc53a073964f8b3d0165740283c8a90065d"  signature:{signer:4}}
2023-12-06T23:23:50.389+0800	DEBUG	bft/view.go:754	Got commit for previous sequence (8) from 4, sent back previous commit.
2023-12-06T23:23:51.385+0800	DEBUG	consensus/consensus.go:314	Submit Request: {alice tx9}
2023-12-06T23:23:51.385+0800	DEBUG	bft/requestpool.go:265	Request {alice tx9} submitted; started a timeout: 2s
2023-12-06T23:23:51.385+0800	DEBUG	bft/controller.go:261	Request {alice tx9} was submitted
2023-12-06T23:23:51.385+0800	DEBUG	bft/requestpool.go:320	Returning batch of 1 requests totalling 14B
2023-12-06T23:23:51.385+0800	DEBUG	bft/view.go:903	GetMetadata with view 0, seq 9, dec 8
2023-12-06T23:23:51.385+0800	DEBUG	bft/view.go:933	Proposing proposal 9 with verification sequence of 0 and 3 commit signatures
2023-12-06T23:23:51.385+0800	DEBUG	bft/util.go:438	view before: 0, current view: 0
2023-12-06T23:23:51.385+0800	DEBUG	bft/util.go:509	Blacklist empty, nothing to prune
2023-12-06T23:23:51.385+0800	DEBUG	bft/view.go:985	Bound 3 commit signatures to proposal
2023-12-06T23:23:51.385+0800	DEBUG	bft/view.go:972	Proposing proposal sequence 9 in view 0
2023-12-06T23:23:51.386+0800	DEBUG	bft/view.go:221	3 got message <PrePrepare with view: 0, seq: 9, payload of 20 bytes, header: MEcCAQkTABNAYjVmZjM1ZTlmNDgxMzUxNDdhYTRjOTY0MjAxNjU2NmQ4ZTI3NjhiYjM0YzE0NWM4YzA0MTZiMTFlM2Y5M2NmOQ==> from 3 with seq 9
2023-12-06T23:23:51.386+0800	DEBUG	bft/view.go:612	Previous proposal verification sequence: 0, current verification sequence: 0
2023-12-06T23:23:51.386+0800	DEBUG	bft/view.go:664	Previous proposal verification sequence: 0, current verification sequence: 0
2023-12-06T23:23:51.386+0800	DEBUG	bft/view.go:1076	Found 0 out of 2 required witnesses for auxiliary data
2023-12-06T23:23:51.386+0800	DEBUG	bft/util.go:438	view before: 0, current view: 0
2023-12-06T23:23:51.386+0800	DEBUG	bft/util.go:509	Blacklist empty, nothing to prune
2023-12-06T23:23:51.397+0800	DEBUG	wal/writeaheadlog.go:479	LogRecord appended successfully: total size=248, recordLength=235, dataCRC=E23DC0B3; file=tmp\native_chain20231206232341\node3\0000000000000001.wal, new-offset=2904
2023-12-06T23:23:51.397+0800	INFO	bft/view.go:424	Processed proposal with seq 9
2023-12-06T23:23:51.399+0800	DEBUG	bft/controller.go:322	3 got message from 4: prepare:{seq:9  digest:"0f2b261c287f27b7a0667c2f76b6c862a19d4d1828708adbb18187b572c94cb0"}
2023-12-06T23:23:51.399+0800	DEBUG	bft/view.go:221	3 got message prepare:{seq:9  digest:"0f2b261c287f27b7a0667c2f76b6c862a19d4d1828708adbb18187b572c94cb0"} from 4 with seq 9
2023-12-06T23:23:51.399+0800	DEBUG	bft/controller.go:322	3 got message from 1: prepare:{seq:9  digest:"0f2b261c287f27b7a0667c2f76b6c862a19d4d1828708adbb18187b572c94cb0"}
2023-12-06T23:23:51.399+0800	DEBUG	bft/view.go:221	3 got message prepare:{seq:9  digest:"0f2b261c287f27b7a0667c2f76b6c862a19d4d1828708adbb18187b572c94cb0"} from 1 with seq 9
2023-12-06T23:23:51.399+0800	INFO	bft/view.go:462	3 collected 2 prepares from [4 1]
2023-12-06T23:23:51.399+0800	DEBUG	bft/controller.go:322	3 got message from 2: prepare:{seq:9  digest:"0f2b261c287f27b7a0667c2f76b6c862a19d4d1828708adbb18187b572c94cb0"}
2023-12-06T23:23:51.400+0800	DEBUG	bft/controller.go:322	3 got message from 1: commit:{seq:9  digest:"0f2b261c287f27b7a0667c2f76b6c862a19d4d1828708adbb18187b572c94cb0"  signature:{signer:1}}
2023-12-06T23:23:51.400+0800	DEBUG	bft/controller.go:322	3 got message from 4: commit:{seq:9  digest:"0f2b261c287f27b7a0667c2f76b6c862a19d4d1828708adbb18187b572c94cb0"  signature:{signer:4}}
2023-12-06T23:23:51.401+0800	DEBUG	wal/writeaheadlog.go:479	LogRecord appended successfully: total size=88, recordLength=78, dataCRC=594636BC; file=tmp\native_chain20231206232341\node3\0000000000000001.wal, new-offset=2992
2023-12-06T23:23:51.401+0800	INFO	bft/view.go:514	Processed prepares for proposal with seq 9
2023-12-06T23:23:51.401+0800	DEBUG	bft/view.go:221	3 got message prepare:{seq:9  digest:"0f2b261c287f27b7a0667c2f76b6c862a19d4d1828708adbb18187b572c94cb0"} from 2 with seq 9
2023-12-06T23:23:51.401+0800	DEBUG	bft/view.go:221	3 got message commit:{seq:9  digest:"0f2b261c287f27b7a0667c2f76b6c862a19d4d1828708adbb18187b572c94cb0"  signature:{signer:1}} from 1 with seq 9
2023-12-06T23:23:51.401+0800	DEBUG	bft/view.go:221	3 got message commit:{seq:9  digest:"0f2b261c287f27b7a0667c2f76b6c862a19d4d1828708adbb18187b572c94cb0"  signature:{signer:4}} from 4 with seq 9
2023-12-06T23:23:51.401+0800	INFO	bft/view.go:547	3 collected 2 commits from [4 1]
2023-12-06T23:23:51.401+0800	INFO	bft/view.go:334	3 processed commits for proposal with seq 9
2023-12-06T23:23:51.401+0800	INFO	bft/view.go:851	Deciding on seq 9
2023-12-06T23:23:51.401+0800	DEBUG	bft/controller.go:322	3 got message from 2: commit:{seq:9  digest:"0f2b261c287f27b7a0667c2f76b6c862a19d4d1828708adbb18187b572c94cb0"  signature:{signer:2}}
2023-12-06T23:23:51.401+0800	INFO	bft/view.go:870	Sequence: 9-->10
2023-12-06T23:23:51.401+0800	DEBUG	bft/controller.go:529	Delivering to app from Controller decide the last decision proposal
2023-12-06T23:23:51.401+0800	DEBUG	bft/controller.go:534	Node 3 delivered proposal
2023-12-06T23:23:51.401+0800	INFO	bft/requestpool.go:392	Removed request {alice tx9} from request pool
2023-12-06T23:23:51.401+0800	DEBUG	bft/controller.go:563	view(0) + (decisionsInView(9) / decisionsPerLeader(3)), N(4), blacklist([])
2023-12-06T23:23:51.401+0800	INFO	bft/controller.go:570	Rotating leader from 3 to 4
2023-12-06T23:23:51.401+0800	DEBUG	bft/controller.go:549	Restarting view to rotate the leader
2023-12-06T23:23:51.401+0800	DEBUG	bft/controller.go:430	view for abort 0, current view 0
2023-12-06T23:23:51.401+0800	DEBUG	bft/controller.go:442	Aborting current view with number 0
2023-12-06T23:23:51.401+0800	DEBUG	bft/controller.go:322	3 got message from 2: commit:{seq:8  digest:"a0532d34e879e4380ff4f8f698ad9fc53a073964f8b3d0165740283c8a90065d"  signature:{signer:2}  assist:true}
2023-12-06T23:23:51.401+0800	DEBUG	bft/view.go:754	Got commit for previous sequence (9) from 2, sent back previous commit.
2023-12-06T23:23:51.401+0800	DEBUG	bft/controller.go:420	Starting view after setting decisions in view to 9
2023-12-06T23:23:51.401+0800	INFO	bft/heartbeatmonitor.go:185	Changing to follower role, current view: 0, current leader: 4
2023-12-06T23:23:51.401+0800	INFO	bft/controller.go:395	Starting view with number 0, sequence 10, and decisions 9
2023-12-06T23:23:51.401+0800	DEBUG	bft/controller.go:551	Restarting timers in request pool due to leader rotation
2023-12-06T23:23:51.401+0800	DEBUG	bft/requestpool.go:481	Restarted all timers: size=0
2023-12-06T23:23:51.402+0800	DEBUG	bft/controller.go:322	3 got message from 4: <PrePrepare with view: 0, seq: 10, payload of 21 bytes, header: MEcCAQoTABNAYjRlZDBhZDA0NDlmMTc3ODcwNDI0Mzk5YmJjMDU0MzVlOTA0ZjNhM2Y4ZTliOWEwZTQ3YWNlMDQwNjgyMWRiOQ==>
2023-12-06T23:23:51.402+0800	DEBUG	bft/controller.go:322	3 got message from 4: prepare:{seq:10  digest:"42da20f13c046c257f5ef88308e4f06ecee66c26791b6dc46ba8f4191b7425dc"}
2023-12-06T23:23:51.402+0800	DEBUG	bft/view.go:221	3 got message <PrePrepare with view: 0, seq: 10, payload of 21 bytes, header: MEcCAQoTABNAYjRlZDBhZDA0NDlmMTc3ODcwNDI0Mzk5YmJjMDU0MzVlOTA0ZjNhM2Y4ZTliOWEwZTQ3YWNlMDQwNjgyMWRiOQ==> from 4 with seq 10
2023-12-06T23:23:51.402+0800	DEBUG	bft/heartbeatmonitor.go:255	Received heartbeat from 4, last heartbeat was 0s ago
2023-12-06T23:23:51.402+0800	DEBUG	bft/view.go:221	3 got message prepare:{seq:10  digest:"42da20f13c046c257f5ef88308e4f06ecee66c26791b6dc46ba8f4191b7425dc"} from 4 with seq 10
2023-12-06T23:23:51.402+0800	DEBUG	bft/heartbeatmonitor.go:255	Received heartbeat from 4, last heartbeat was 0s ago
2023-12-06T23:23:51.403+0800	DEBUG	bft/view.go:612	Previous proposal verification sequence: 0, current verification sequence: 0
2023-12-06T23:23:51.403+0800	DEBUG	bft/view.go:664	Previous proposal verification sequence: 0, current verification sequence: 0
2023-12-06T23:23:51.403+0800	DEBUG	bft/view.go:1076	Found 0 out of 2 required witnesses for auxiliary data
2023-12-06T23:23:51.403+0800	DEBUG	bft/util.go:438	view before: 0, current view: 0
2023-12-06T23:23:51.403+0800	DEBUG	bft/util.go:509	Blacklist empty, nothing to prune
2023-12-06T23:23:51.403+0800	DEBUG	wal/writeaheadlog.go:479	LogRecord appended successfully: total size=248, recordLength=236, dataCRC=2E62D92D; file=tmp\native_chain20231206232341\node3\0000000000000001.wal, new-offset=3240
2023-12-06T23:23:51.403+0800	INFO	bft/view.go:424	Processed proposal with seq 10
2023-12-06T23:23:51.404+0800	DEBUG	bft/controller.go:322	3 got message from 2: prepare:{seq:10  digest:"42da20f13c046c257f5ef88308e4f06ecee66c26791b6dc46ba8f4191b7425dc"}
2023-12-06T23:23:51.404+0800	DEBUG	bft/controller.go:322	3 got message from 1: prepare:{seq:10  digest:"42da20f13c046c257f5ef88308e4f06ecee66c26791b6dc46ba8f4191b7425dc"}
2023-12-06T23:23:51.404+0800	DEBUG	bft/view.go:221	3 got message prepare:{seq:10  digest:"42da20f13c046c257f5ef88308e4f06ecee66c26791b6dc46ba8f4191b7425dc"} from 2 with seq 10
2023-12-06T23:23:51.404+0800	DEBUG	bft/view.go:221	3 got message prepare:{seq:10  digest:"42da20f13c046c257f5ef88308e4f06ecee66c26791b6dc46ba8f4191b7425dc"} from 1 with seq 10
2023-12-06T23:23:51.404+0800	INFO	bft/view.go:462	3 collected 2 prepares from [4 2]
2023-12-06T23:23:51.405+0800	DEBUG	bft/controller.go:322	3 got message from 2: commit:{seq:10  digest:"42da20f13c046c257f5ef88308e4f06ecee66c26791b6dc46ba8f4191b7425dc"  signature:{signer:2}}
2023-12-06T23:23:51.405+0800	DEBUG	bft/controller.go:322	3 got message from 1: commit:{seq:10  digest:"42da20f13c046c257f5ef88308e4f06ecee66c26791b6dc46ba8f4191b7425dc"  signature:{signer:1}}
2023-12-06T23:23:51.405+0800	DEBUG	wal/writeaheadlog.go:479	LogRecord appended successfully: total size=88, recordLength=78, dataCRC=F881DD2D; file=tmp\native_chain20231206232341\node3\0000000000000001.wal, new-offset=3328
2023-12-06T23:23:51.406+0800	INFO	bft/view.go:514	Processed prepares for proposal with seq 10
2023-12-06T23:23:51.406+0800	DEBUG	bft/view.go:221	3 got message commit:{seq:10  digest:"42da20f13c046c257f5ef88308e4f06ecee66c26791b6dc46ba8f4191b7425dc"  signature:{signer:2}} from 2 with seq 10
2023-12-06T23:23:51.406+0800	DEBUG	bft/view.go:221	3 got message commit:{seq:10  digest:"42da20f13c046c257f5ef88308e4f06ecee66c26791b6dc46ba8f4191b7425dc"  signature:{signer:1}} from 1 with seq 10
2023-12-06T23:23:51.406+0800	DEBUG	bft/controller.go:322	3 got message from 4: commit:{seq:10  digest:"42da20f13c046c257f5ef88308e4f06ecee66c26791b6dc46ba8f4191b7425dc"  signature:{signer:4}}
2023-12-06T23:23:51.406+0800	INFO	bft/view.go:547	3 collected 2 commits from [1 2]
2023-12-06T23:23:51.406+0800	INFO	bft/view.go:334	3 processed commits for proposal with seq 10
2023-12-06T23:23:51.406+0800	INFO	bft/view.go:851	Deciding on seq 10
2023-12-06T23:23:51.406+0800	INFO	bft/view.go:870	Sequence: 10-->11
2023-12-06T23:23:51.406+0800	DEBUG	bft/heartbeatmonitor.go:255	Received heartbeat from 4, last heartbeat was 0s ago
2023-12-06T23:23:51.406+0800	DEBUG	bft/controller.go:529	Delivering to app from Controller decide the last decision proposal
2023-12-06T23:23:51.406+0800	DEBUG	bft/controller.go:534	Node 3 delivered proposal
2023-12-06T23:23:51.406+0800	DEBUG	bft/requestpool.go:374	request {alice tx10} is not in the pool at remove time
2023-12-06T23:23:51.406+0800	DEBUG	bft/controller.go:906	Request {alice tx10} wasn't found in the pool : request {alice tx10} is not in the pool at remove time
2023-12-06T23:23:51.406+0800	DEBUG	bft/controller.go:563	view(0) + (decisionsInView(10) / decisionsPerLeader(3)), N(4), blacklist([])
2023-12-06T23:23:51.406+0800	DEBUG	bft/view.go:754	Got commit for previous sequence (10) from 4, but didn't have a previous commit to send back.
2023-12-06T23:23:51.406+0800	INFO	bft/controller.go:493	Exiting
2023-12-06T23:23:51.406+0800	INFO	consensus/consensus.go:168	Exiting
