2023-12-10T20:36:36.750+0800	INFO	client/controller.go:38	Client start listening on node1
2023-12-10T20:36:36.750+0800	INFO	client/controller.go:38	Client start listening on node2
2023-12-10T20:36:36.750+0800	INFO	client/controller.go:38	Client start listening on node3
2023-12-10T20:36:36.750+0800	INFO	client/controller.go:38	Client start listening on node4
2023-12-10T20:36:36.750+0800	INFO	client/controller.go:38	Client start listening on node5
2023-12-10T20:36:36.750+0800	INFO	client/controller.go:38	Client start listening on node6
2023-12-10T20:36:36.750+0800	INFO	client/controller.go:38	Client start listening on node7
2023-12-10T20:36:36.750+0800	INFO	client/controller.go:38	Client start listening on node8
2023-12-10T20:36:36.750+0800	INFO	client/controller.go:38	Client start listening on node9
2023-12-10T20:36:36.750+0800	INFO	client/controller.go:38	Client start listening on node10
2023-12-10T20:36:36.750+0800	INFO	client/client.go:114	tx1 send to node1
2023-12-10T20:36:37.256+0800	INFO	client/client.go:114	tx2 send to node1
2023-12-10T20:36:37.278+0800	INFO	client/request.go:64	block gotten from node9:{"Sequence":1,"PrevHash":"","Transactions":[{"ClientID":"alice","ID":"tx1"},{"ClientID":"alice","ID":"tx2"}]} 
2023-12-10T20:36:37.278+0800	INFO	client/request.go:64	block gotten from node5:{"Sequence":1,"PrevHash":"","Transactions":[{"ClientID":"alice","ID":"tx1"},{"ClientID":"alice","ID":"tx2"}]} 
2023-12-10T20:36:37.278+0800	INFO	client/request.go:64	block gotten from node4:{"Sequence":1,"PrevHash":"","Transactions":[{"ClientID":"alice","ID":"tx1"},{"ClientID":"alice","ID":"tx2"}]} 
2023-12-10T20:36:37.278+0800	INFO	client/request.go:64	block gotten from node8:{"Sequence":1,"PrevHash":"","Transactions":[{"ClientID":"alice","ID":"tx1"},{"ClientID":"alice","ID":"tx2"}]} 
2023-12-10T20:36:37.278+0800	INFO	client/request.go:64	block gotten from node7:{"Sequence":1,"PrevHash":"","Transactions":[{"ClientID":"alice","ID":"tx1"},{"ClientID":"alice","ID":"tx2"}]} 
2023-12-10T20:36:37.278+0800	INFO	client/request.go:64	block gotten from node6:{"Sequence":1,"PrevHash":"","Transactions":[{"ClientID":"alice","ID":"tx1"},{"ClientID":"alice","ID":"tx2"}]} 
2023-12-10T20:36:37.278+0800	INFO	client/request.go:64	block gotten from node2:{"Sequence":1,"PrevHash":"","Transactions":[{"ClientID":"alice","ID":"tx1"},{"ClientID":"alice","ID":"tx2"}]} 
2023-12-10T20:36:37.278+0800	INFO	client/client.go:114	tx1 committed successfully
2023-12-10T20:36:37.278+0800	INFO	client/client.go:114	tx2 committed successfully
2023-12-10T20:36:37.278+0800	INFO	client/request.go:64	block gotten from node1:{"Sequence":1,"PrevHash":"","Transactions":[{"ClientID":"alice","ID":"tx1"},{"ClientID":"alice","ID":"tx2"}]} 
2023-12-10T20:36:37.278+0800	INFO	client/request.go:64	block gotten from node10:{"Sequence":1,"PrevHash":"","Transactions":[{"ClientID":"alice","ID":"tx1"},{"ClientID":"alice","ID":"tx2"}]} 
2023-12-10T20:36:37.279+0800	INFO	client/request.go:64	block gotten from node3:{"Sequence":1,"PrevHash":"","Transactions":[{"ClientID":"alice","ID":"tx1"},{"ClientID":"alice","ID":"tx2"}]} 
2023-12-10T20:36:37.756+0800	INFO	client/client.go:114	tx3 send to node1
2023-12-10T20:36:38.262+0800	INFO	client/client.go:114	tx4 send to node1
2023-12-10T20:36:38.308+0800	INFO	client/request.go:64	block gotten from node6:{"Sequence":2,"PrevHash":"","Transactions":[{"ClientID":"alice","ID":"tx3"},{"ClientID":"alice","ID":"tx4"}]} 
2023-12-10T20:36:38.308+0800	INFO	client/request.go:64	block gotten from node5:{"Sequence":2,"PrevHash":"","Transactions":[{"ClientID":"alice","ID":"tx3"},{"ClientID":"alice","ID":"tx4"}]} 
2023-12-10T20:36:38.308+0800	INFO	client/request.go:64	block gotten from node8:{"Sequence":2,"PrevHash":"","Transactions":[{"ClientID":"alice","ID":"tx3"},{"ClientID":"alice","ID":"tx4"}]} 
2023-12-10T20:36:38.308+0800	INFO	client/request.go:64	block gotten from node2:{"Sequence":2,"PrevHash":"","Transactions":[{"ClientID":"alice","ID":"tx3"},{"ClientID":"alice","ID":"tx4"}]} 
2023-12-10T20:36:38.308+0800	INFO	client/request.go:64	block gotten from node10:{"Sequence":2,"PrevHash":"","Transactions":[{"ClientID":"alice","ID":"tx3"},{"ClientID":"alice","ID":"tx4"}]} 
2023-12-10T20:36:38.308+0800	INFO	client/request.go:64	block gotten from node3:{"Sequence":2,"PrevHash":"","Transactions":[{"ClientID":"alice","ID":"tx3"},{"ClientID":"alice","ID":"tx4"}]} 
2023-12-10T20:36:38.308+0800	INFO	client/request.go:64	block gotten from node7:{"Sequence":2,"PrevHash":"","Transactions":[{"ClientID":"alice","ID":"tx3"},{"ClientID":"alice","ID":"tx4"}]} 
2023-12-10T20:36:38.308+0800	INFO	client/client.go:114	tx3 committed successfully
2023-12-10T20:36:38.308+0800	INFO	client/client.go:114	tx4 committed successfully
2023-12-10T20:36:38.308+0800	INFO	client/request.go:64	block gotten from node4:{"Sequence":2,"PrevHash":"","Transactions":[{"ClientID":"alice","ID":"tx3"},{"ClientID":"alice","ID":"tx4"}]} 
2023-12-10T20:36:38.308+0800	INFO	client/request.go:64	block gotten from node9:{"Sequence":2,"PrevHash":"","Transactions":[{"ClientID":"alice","ID":"tx3"},{"ClientID":"alice","ID":"tx4"}]} 
2023-12-10T20:36:38.308+0800	INFO	client/request.go:64	block gotten from node1:{"Sequence":2,"PrevHash":"","Transactions":[{"ClientID":"alice","ID":"tx3"},{"ClientID":"alice","ID":"tx4"}]} 
2023-12-10T20:36:38.765+0800	INFO	client/client.go:114	tx5 send to node1
2023-12-10T20:36:39.268+0800	INFO	client/client.go:114	tx6 send to node1
2023-12-10T20:36:39.286+0800	INFO	client/request.go:64	block gotten from node1:{"Sequence":3,"PrevHash":"","Transactions":[{"ClientID":"alice","ID":"tx5"},{"ClientID":"alice","ID":"tx6"}]} 
2023-12-10T20:36:39.286+0800	INFO	client/request.go:64	block gotten from node5:{"Sequence":3,"PrevHash":"","Transactions":[{"ClientID":"alice","ID":"tx5"},{"ClientID":"alice","ID":"tx6"}]} 
2023-12-10T20:36:39.286+0800	INFO	client/request.go:64	block gotten from node4:{"Sequence":3,"PrevHash":"","Transactions":[{"ClientID":"alice","ID":"tx5"},{"ClientID":"alice","ID":"tx6"}]} 
2023-12-10T20:36:39.286+0800	INFO	client/request.go:64	block gotten from node7:{"Sequence":3,"PrevHash":"","Transactions":[{"ClientID":"alice","ID":"tx5"},{"ClientID":"alice","ID":"tx6"}]} 
2023-12-10T20:36:39.286+0800	INFO	client/request.go:64	block gotten from node8:{"Sequence":3,"PrevHash":"","Transactions":[{"ClientID":"alice","ID":"tx5"},{"ClientID":"alice","ID":"tx6"}]} 
2023-12-10T20:36:39.286+0800	INFO	client/request.go:64	block gotten from node9:{"Sequence":3,"PrevHash":"","Transactions":[{"ClientID":"alice","ID":"tx5"},{"ClientID":"alice","ID":"tx6"}]} 
2023-12-10T20:36:39.286+0800	INFO	client/request.go:64	block gotten from node3:{"Sequence":3,"PrevHash":"","Transactions":[{"ClientID":"alice","ID":"tx5"},{"ClientID":"alice","ID":"tx6"}]} 
2023-12-10T20:36:39.286+0800	INFO	client/client.go:114	tx5 committed successfully
2023-12-10T20:36:39.286+0800	INFO	client/client.go:114	tx6 committed successfully
2023-12-10T20:36:39.287+0800	INFO	client/request.go:64	block gotten from node2:{"Sequence":3,"PrevHash":"","Transactions":[{"ClientID":"alice","ID":"tx5"},{"ClientID":"alice","ID":"tx6"}]} 
2023-12-10T20:36:39.287+0800	INFO	client/request.go:64	block gotten from node6:{"Sequence":3,"PrevHash":"","Transactions":[{"ClientID":"alice","ID":"tx5"},{"ClientID":"alice","ID":"tx6"}]} 
2023-12-10T20:36:39.287+0800	INFO	client/request.go:64	block gotten from node10:{"Sequence":3,"PrevHash":"","Transactions":[{"ClientID":"alice","ID":"tx5"},{"ClientID":"alice","ID":"tx6"}]} 
2023-12-10T20:36:39.782+0800	INFO	client/client.go:114	tx7 send to node1
2023-12-10T20:36:40.284+0800	INFO	client/client.go:114	tx8 send to node1
2023-12-10T20:36:40.788+0800	INFO	client/client.go:114	tx9 send to node1
2023-12-10T20:36:41.293+0800	INFO	client/client.go:114	reconfig start,new nodes:[1 2 3 4 5]
2023-12-10T20:36:41.795+0800	ERROR	client/request.go:52	tx7 order failed and err: request already exists
github.com/SmartBFT-Go/consensus/client.(*Client).send
	D:/Projects/Go/consensus/client/request.go:52
github.com/SmartBFT-Go/consensus/client.(*Client).request.func1
	D:/Projects/Go/consensus/client/request.go:29
2023-12-10T20:36:41.795+0800	ERROR	client/request.go:52	tx7 order failed and err: request already exists
github.com/SmartBFT-Go/consensus/client.(*Client).send
	D:/Projects/Go/consensus/client/request.go:52
github.com/SmartBFT-Go/consensus/client.(*Client).request.func1
	D:/Projects/Go/consensus/client/request.go:29
2023-12-10T20:36:41.795+0800	ERROR	client/request.go:39	tx7 failed,err: request already exists
github.com/SmartBFT-Go/consensus/client.(*Client).request.func1
	D:/Projects/Go/consensus/client/request.go:39
2023-12-10T20:36:42.295+0800	ERROR	client/request.go:52	tx8 order failed and err: request already exists
github.com/SmartBFT-Go/consensus/client.(*Client).send
	D:/Projects/Go/consensus/client/request.go:52
github.com/SmartBFT-Go/consensus/client.(*Client).request.func1
	D:/Projects/Go/consensus/client/request.go:29
2023-12-10T20:36:42.295+0800	ERROR	client/request.go:52	tx8 order failed and err: request already exists
github.com/SmartBFT-Go/consensus/client.(*Client).send
	D:/Projects/Go/consensus/client/request.go:52
github.com/SmartBFT-Go/consensus/client.(*Client).request.func1
	D:/Projects/Go/consensus/client/request.go:29
2023-12-10T20:36:42.295+0800	ERROR	client/request.go:39	tx8 failed,err: request already exists
github.com/SmartBFT-Go/consensus/client.(*Client).request.func1
	D:/Projects/Go/consensus/client/request.go:39
2023-12-10T20:36:42.801+0800	ERROR	client/request.go:52	tx9 order failed and err: request already exists
github.com/SmartBFT-Go/consensus/client.(*Client).send
	D:/Projects/Go/consensus/client/request.go:52
github.com/SmartBFT-Go/consensus/client.(*Client).request.func1
	D:/Projects/Go/consensus/client/request.go:29
2023-12-10T20:36:42.801+0800	ERROR	client/request.go:52	tx9 order failed and err: request already exists
github.com/SmartBFT-Go/consensus/client.(*Client).send
	D:/Projects/Go/consensus/client/request.go:52
github.com/SmartBFT-Go/consensus/client.(*Client).request.func1
	D:/Projects/Go/consensus/client/request.go:29
2023-12-10T20:36:42.801+0800	ERROR	client/request.go:39	tx9 failed,err: request already exists
github.com/SmartBFT-Go/consensus/client.(*Client).request.func1
	D:/Projects/Go/consensus/client/request.go:39
2023-12-10T20:36:43.305+0800	INFO	client/client.go:114	ReVersion: q=4, f=1, N=5, quorum=[1 2 3 4 5], nodes=[1 2 3 4 5]
2023-12-10T20:36:43.305+0800	INFO	client/client.go:114	tx10 send to node1
2023-12-10T20:36:43.398+0800	INFO	client/request.go:64	block gotten from node3:{"Sequence":4,"PrevHash":"","Transactions":[{"ClientID":"alice","ID":"tx7"},{"ClientID":"alice","ID":"tx9"},{"ClientID":"alice","ID":"tx8"}]} 
2023-12-10T20:36:43.398+0800	INFO	client/request.go:64	block gotten from node1:{"Sequence":4,"PrevHash":"","Transactions":[{"ClientID":"alice","ID":"tx7"},{"ClientID":"alice","ID":"tx9"},{"ClientID":"alice","ID":"tx8"}]} 
2023-12-10T20:36:43.398+0800	INFO	client/request.go:64	block gotten from node4:{"Sequence":4,"PrevHash":"","Transactions":[{"ClientID":"alice","ID":"tx7"},{"ClientID":"alice","ID":"tx9"},{"ClientID":"alice","ID":"tx8"}]} 
2023-12-10T20:36:43.398+0800	INFO	client/request.go:64	block gotten from node2:{"Sequence":4,"PrevHash":"","Transactions":[{"ClientID":"alice","ID":"tx7"},{"ClientID":"alice","ID":"tx9"},{"ClientID":"alice","ID":"tx8"}]} 
2023-12-10T20:36:43.398+0800	INFO	client/client.go:114	tx7 committed successfully
2023-12-10T20:36:43.398+0800	INFO	client/client.go:114	tx9 committed successfully
2023-12-10T20:36:43.398+0800	INFO	client/client.go:114	tx8 committed successfully
2023-12-10T20:36:43.398+0800	INFO	client/request.go:64	block gotten from node5:{"Sequence":4,"PrevHash":"","Transactions":[{"ClientID":"alice","ID":"tx7"},{"ClientID":"alice","ID":"tx9"},{"ClientID":"alice","ID":"tx8"}]} 
2023-12-10T20:36:43.808+0800	INFO	client/client.go:114	tx11 send to node1
2023-12-10T20:36:44.312+0800	INFO	client/client.go:114	tx12 send to node1
2023-12-10T20:36:44.821+0800	INFO	client/client.go:114	tx13 send to node1
2023-12-10T20:36:45.310+0800	ERROR	client/request.go:52	tx10 order failed and err: request already exists
github.com/SmartBFT-Go/consensus/client.(*Client).send
	D:/Projects/Go/consensus/client/request.go:52
github.com/SmartBFT-Go/consensus/client.(*Client).request.func1
	D:/Projects/Go/consensus/client/request.go:29
2023-12-10T20:36:45.310+0800	ERROR	client/request.go:52	tx10 order failed and err: request already exists
github.com/SmartBFT-Go/consensus/client.(*Client).send
	D:/Projects/Go/consensus/client/request.go:52
github.com/SmartBFT-Go/consensus/client.(*Client).request.func1
	D:/Projects/Go/consensus/client/request.go:29
2023-12-10T20:36:45.310+0800	ERROR	client/request.go:39	tx10 failed,err: request already exists
github.com/SmartBFT-Go/consensus/client.(*Client).request.func1
	D:/Projects/Go/consensus/client/request.go:39
2023-12-10T20:36:45.325+0800	INFO	client/client.go:114	tx14 send to node1
2023-12-10T20:36:45.385+0800	INFO	client/request.go:64	block gotten from node5:{"Sequence":5,"PrevHash":"","Transactions":[{"ClientID":"alice","ID":"tx10"}]} 
2023-12-10T20:36:45.385+0800	INFO	client/request.go:64	block gotten from node2:{"Sequence":5,"PrevHash":"","Transactions":[{"ClientID":"alice","ID":"tx10"}]} 
2023-12-10T20:36:45.385+0800	INFO	client/request.go:64	block gotten from node3:{"Sequence":5,"PrevHash":"","Transactions":[{"ClientID":"alice","ID":"tx10"}]} 
2023-12-10T20:36:45.385+0800	INFO	client/request.go:64	block gotten from node1:{"Sequence":5,"PrevHash":"","Transactions":[{"ClientID":"alice","ID":"tx10"}]} 
2023-12-10T20:36:45.385+0800	INFO	client/client.go:114	tx10 committed successfully
2023-12-10T20:36:45.385+0800	INFO	client/request.go:64	block gotten from node4:{"Sequence":5,"PrevHash":"","Transactions":[{"ClientID":"alice","ID":"tx10"}]} 
2023-12-10T20:36:45.816+0800	ERROR	client/request.go:52	tx11 order failed and err: request already exists
github.com/SmartBFT-Go/consensus/client.(*Client).send
	D:/Projects/Go/consensus/client/request.go:52
github.com/SmartBFT-Go/consensus/client.(*Client).request.func1
	D:/Projects/Go/consensus/client/request.go:29
2023-12-10T20:36:45.816+0800	ERROR	client/request.go:52	tx11 order failed and err: request already exists
github.com/SmartBFT-Go/consensus/client.(*Client).send
	D:/Projects/Go/consensus/client/request.go:52
github.com/SmartBFT-Go/consensus/client.(*Client).request.func1
	D:/Projects/Go/consensus/client/request.go:29
2023-12-10T20:36:45.816+0800	ERROR	client/request.go:39	tx11 failed,err: request already exists
github.com/SmartBFT-Go/consensus/client.(*Client).request.func1
	D:/Projects/Go/consensus/client/request.go:39
2023-12-10T20:36:45.832+0800	INFO	client/client.go:114	tx15 send to node1
2023-12-10T20:36:45.905+0800	INFO	client/request.go:64	block gotten from node1:{"Sequence":6,"PrevHash":"","Transactions":[{"ClientID":"alice","ID":"tx11"}]} 
2023-12-10T20:36:45.905+0800	INFO	client/request.go:64	block gotten from node4:{"Sequence":6,"PrevHash":"","Transactions":[{"ClientID":"alice","ID":"tx11"}]} 
2023-12-10T20:36:45.905+0800	INFO	client/request.go:64	block gotten from node3:{"Sequence":6,"PrevHash":"","Transactions":[{"ClientID":"alice","ID":"tx11"}]} 
2023-12-10T20:36:45.905+0800	INFO	client/request.go:64	block gotten from node2:{"Sequence":6,"PrevHash":"","Transactions":[{"ClientID":"alice","ID":"tx11"}]} 
2023-12-10T20:36:45.905+0800	INFO	client/client.go:114	tx11 committed successfully
2023-12-10T20:36:45.905+0800	INFO	client/request.go:64	block gotten from node5:{"Sequence":6,"PrevHash":"","Transactions":[{"ClientID":"alice","ID":"tx11"}]} 
2023-12-10T20:36:46.325+0800	ERROR	client/request.go:52	tx12 order failed and err: request already exists
github.com/SmartBFT-Go/consensus/client.(*Client).send
	D:/Projects/Go/consensus/client/request.go:52
github.com/SmartBFT-Go/consensus/client.(*Client).request.func1
	D:/Projects/Go/consensus/client/request.go:29
2023-12-10T20:36:46.325+0800	ERROR	client/request.go:52	tx12 order failed and err: request already exists
github.com/SmartBFT-Go/consensus/client.(*Client).send
	D:/Projects/Go/consensus/client/request.go:52
github.com/SmartBFT-Go/consensus/client.(*Client).request.func1
	D:/Projects/Go/consensus/client/request.go:29
2023-12-10T20:36:46.325+0800	ERROR	client/request.go:39	tx12 failed,err: request already exists
github.com/SmartBFT-Go/consensus/client.(*Client).request.func1
	D:/Projects/Go/consensus/client/request.go:39
2023-12-10T20:36:46.341+0800	INFO	client/client.go:114	tx16 send to node1
2023-12-10T20:36:46.826+0800	ERROR	client/request.go:52	tx13 order failed and err: request already exists
github.com/SmartBFT-Go/consensus/client.(*Client).send
	D:/Projects/Go/consensus/client/request.go:52
github.com/SmartBFT-Go/consensus/client.(*Client).request.func1
	D:/Projects/Go/consensus/client/request.go:29
2023-12-10T20:36:46.826+0800	ERROR	client/request.go:52	tx13 order failed and err: request already exists
github.com/SmartBFT-Go/consensus/client.(*Client).send
	D:/Projects/Go/consensus/client/request.go:52
github.com/SmartBFT-Go/consensus/client.(*Client).request.func1
	D:/Projects/Go/consensus/client/request.go:29
2023-12-10T20:36:46.826+0800	ERROR	client/request.go:39	tx13 failed,err: request already exists
github.com/SmartBFT-Go/consensus/client.(*Client).request.func1
	D:/Projects/Go/consensus/client/request.go:39
2023-12-10T20:36:46.842+0800	INFO	client/client.go:114	tx17 send to node1
2023-12-10T20:36:47.332+0800	ERROR	client/request.go:52	tx14 order failed and err: request already exists
github.com/SmartBFT-Go/consensus/client.(*Client).send
	D:/Projects/Go/consensus/client/request.go:52
github.com/SmartBFT-Go/consensus/client.(*Client).request.func1
	D:/Projects/Go/consensus/client/request.go:29
2023-12-10T20:36:47.332+0800	ERROR	client/request.go:52	tx14 order failed and err: request already exists
github.com/SmartBFT-Go/consensus/client.(*Client).send
	D:/Projects/Go/consensus/client/request.go:52
github.com/SmartBFT-Go/consensus/client.(*Client).request.func1
	D:/Projects/Go/consensus/client/request.go:29
2023-12-10T20:36:47.332+0800	ERROR	client/request.go:39	tx14 failed,err: request already exists
github.com/SmartBFT-Go/consensus/client.(*Client).request.func1
	D:/Projects/Go/consensus/client/request.go:39
2023-12-10T20:36:47.347+0800	INFO	client/client.go:114	tx18 send to node1
2023-12-10T20:36:47.833+0800	ERROR	client/request.go:52	tx15 order failed and err: request already exists
github.com/SmartBFT-Go/consensus/client.(*Client).send
	D:/Projects/Go/consensus/client/request.go:52
github.com/SmartBFT-Go/consensus/client.(*Client).request.func1
	D:/Projects/Go/consensus/client/request.go:29
2023-12-10T20:36:47.833+0800	ERROR	client/request.go:52	tx15 order failed and err: request already exists
github.com/SmartBFT-Go/consensus/client.(*Client).send
	D:/Projects/Go/consensus/client/request.go:52
github.com/SmartBFT-Go/consensus/client.(*Client).request.func1
	D:/Projects/Go/consensus/client/request.go:29
2023-12-10T20:36:47.833+0800	ERROR	client/request.go:39	tx15 failed,err: request already exists
github.com/SmartBFT-Go/consensus/client.(*Client).request.func1
	D:/Projects/Go/consensus/client/request.go:39
2023-12-10T20:36:47.848+0800	INFO	client/client.go:114	tx19 send to node1
2023-12-10T20:36:48.002+0800	INFO	client/request.go:64	block gotten from node1:{"Sequence":7,"PrevHash":"","Transactions":[{"ClientID":"alice","ID":"tx14"},{"ClientID":"alice","ID":"tx13"},{"ClientID":"alice","ID":"tx12"},{"ClientID":"alice","ID":"tx15"}]} 
2023-12-10T20:36:48.002+0800	INFO	client/request.go:64	block gotten from node3:{"Sequence":7,"PrevHash":"","Transactions":[{"ClientID":"alice","ID":"tx14"},{"ClientID":"alice","ID":"tx13"},{"ClientID":"alice","ID":"tx12"},{"ClientID":"alice","ID":"tx15"}]} 
2023-12-10T20:36:48.002+0800	INFO	client/request.go:64	block gotten from node2:{"Sequence":7,"PrevHash":"","Transactions":[{"ClientID":"alice","ID":"tx14"},{"ClientID":"alice","ID":"tx13"},{"ClientID":"alice","ID":"tx12"},{"ClientID":"alice","ID":"tx15"}]} 
2023-12-10T20:36:48.003+0800	INFO	client/request.go:64	block gotten from node5:{"Sequence":7,"PrevHash":"","Transactions":[{"ClientID":"alice","ID":"tx14"},{"ClientID":"alice","ID":"tx13"},{"ClientID":"alice","ID":"tx12"},{"ClientID":"alice","ID":"tx15"}]} 
2023-12-10T20:36:48.003+0800	INFO	client/client.go:114	tx14 committed successfully
2023-12-10T20:36:48.003+0800	INFO	client/client.go:114	tx13 committed successfully
2023-12-10T20:36:48.003+0800	INFO	client/client.go:114	tx12 committed successfully
2023-12-10T20:36:48.003+0800	INFO	client/client.go:114	tx15 committed successfully
2023-12-10T20:36:48.003+0800	INFO	client/request.go:64	block gotten from node4:{"Sequence":7,"PrevHash":"","Transactions":[{"ClientID":"alice","ID":"tx14"},{"ClientID":"alice","ID":"tx13"},{"ClientID":"alice","ID":"tx12"},{"ClientID":"alice","ID":"tx15"}]} 
2023-12-10T20:36:48.354+0800	ERROR	client/request.go:52	tx16 order failed and err: request already exists
github.com/SmartBFT-Go/consensus/client.(*Client).send
	D:/Projects/Go/consensus/client/request.go:52
github.com/SmartBFT-Go/consensus/client.(*Client).request.func1
	D:/Projects/Go/consensus/client/request.go:29
2023-12-10T20:36:48.354+0800	ERROR	client/request.go:52	tx16 order failed and err: request already exists
github.com/SmartBFT-Go/consensus/client.(*Client).send
	D:/Projects/Go/consensus/client/request.go:52
github.com/SmartBFT-Go/consensus/client.(*Client).request.func1
	D:/Projects/Go/consensus/client/request.go:29
2023-12-10T20:36:48.354+0800	ERROR	client/request.go:39	tx16 failed,err: request already exists
github.com/SmartBFT-Go/consensus/client.(*Client).request.func1
	D:/Projects/Go/consensus/client/request.go:39
2023-12-10T20:36:48.354+0800	INFO	client/client.go:114	tx20 send to node1
2023-12-10T20:36:48.386+0800	INFO	client/request.go:64	block gotten from node3:{"Sequence":8,"PrevHash":"","Transactions":[{"ClientID":"alice","ID":"tx16"}]} 
2023-12-10T20:36:48.386+0800	INFO	client/request.go:64	block gotten from node4:{"Sequence":8,"PrevHash":"","Transactions":[{"ClientID":"alice","ID":"tx16"}]} 
2023-12-10T20:36:48.386+0800	INFO	client/request.go:64	block gotten from node2:{"Sequence":8,"PrevHash":"","Transactions":[{"ClientID":"alice","ID":"tx16"}]} 
2023-12-10T20:36:48.386+0800	INFO	client/request.go:64	block gotten from node1:{"Sequence":8,"PrevHash":"","Transactions":[{"ClientID":"alice","ID":"tx16"}]} 
2023-12-10T20:36:48.386+0800	INFO	client/client.go:114	tx16 committed successfully
2023-12-10T20:36:48.386+0800	INFO	client/request.go:64	block gotten from node5:{"Sequence":8,"PrevHash":"","Transactions":[{"ClientID":"alice","ID":"tx16"}]} 
2023-12-10T20:36:48.843+0800	ERROR	client/request.go:52	tx17 order failed and err: request already exists
github.com/SmartBFT-Go/consensus/client.(*Client).send
	D:/Projects/Go/consensus/client/request.go:52
github.com/SmartBFT-Go/consensus/client.(*Client).request.func1
	D:/Projects/Go/consensus/client/request.go:29
2023-12-10T20:36:48.843+0800	ERROR	client/request.go:52	tx17 order failed and err: request already exists
github.com/SmartBFT-Go/consensus/client.(*Client).send
	D:/Projects/Go/consensus/client/request.go:52
github.com/SmartBFT-Go/consensus/client.(*Client).request.func1
	D:/Projects/Go/consensus/client/request.go:29
2023-12-10T20:36:48.843+0800	ERROR	client/request.go:39	tx17 failed,err: request already exists
github.com/SmartBFT-Go/consensus/client.(*Client).request.func1
	D:/Projects/Go/consensus/client/request.go:39
2023-12-10T20:36:48.859+0800	INFO	client/client.go:114	all txs order successfully
2023-12-10T20:36:48.932+0800	INFO	client/request.go:64	block gotten from node4:{"Sequence":9,"PrevHash":"","Transactions":[{"ClientID":"alice","ID":"tx17"}]} 
2023-12-10T20:36:48.932+0800	INFO	client/request.go:64	block gotten from node1:{"Sequence":9,"PrevHash":"","Transactions":[{"ClientID":"alice","ID":"tx17"}]} 
2023-12-10T20:36:48.932+0800	INFO	client/request.go:64	block gotten from node5:{"Sequence":9,"PrevHash":"","Transactions":[{"ClientID":"alice","ID":"tx17"}]} 
2023-12-10T20:36:48.932+0800	INFO	client/request.go:64	block gotten from node2:{"Sequence":9,"PrevHash":"","Transactions":[{"ClientID":"alice","ID":"tx17"}]} 
2023-12-10T20:36:48.932+0800	INFO	client/client.go:114	tx17 committed successfully
2023-12-10T20:36:48.932+0800	INFO	client/request.go:64	block gotten from node3:{"Sequence":9,"PrevHash":"","Transactions":[{"ClientID":"alice","ID":"tx17"}]} 
2023-12-10T20:36:49.362+0800	ERROR	client/request.go:52	tx18 order failed and err: request already exists
github.com/SmartBFT-Go/consensus/client.(*Client).send
	D:/Projects/Go/consensus/client/request.go:52
github.com/SmartBFT-Go/consensus/client.(*Client).request.func1
	D:/Projects/Go/consensus/client/request.go:29
2023-12-10T20:36:49.362+0800	ERROR	client/request.go:52	tx18 order failed and err: request already exists
github.com/SmartBFT-Go/consensus/client.(*Client).send
	D:/Projects/Go/consensus/client/request.go:52
github.com/SmartBFT-Go/consensus/client.(*Client).request.func1
	D:/Projects/Go/consensus/client/request.go:29
2023-12-10T20:36:49.362+0800	ERROR	client/request.go:39	tx18 failed,err: request already exists
github.com/SmartBFT-Go/consensus/client.(*Client).request.func1
	D:/Projects/Go/consensus/client/request.go:39
2023-12-10T20:36:49.852+0800	ERROR	client/request.go:52	tx19 order failed and err: request already exists
github.com/SmartBFT-Go/consensus/client.(*Client).send
	D:/Projects/Go/consensus/client/request.go:52
github.com/SmartBFT-Go/consensus/client.(*Client).request.func1
	D:/Projects/Go/consensus/client/request.go:29
2023-12-10T20:36:49.852+0800	ERROR	client/request.go:52	tx19 order failed and err: request already exists
github.com/SmartBFT-Go/consensus/client.(*Client).send
	D:/Projects/Go/consensus/client/request.go:52
github.com/SmartBFT-Go/consensus/client.(*Client).request.func1
	D:/Projects/Go/consensus/client/request.go:29
2023-12-10T20:36:49.852+0800	ERROR	client/request.go:39	tx19 failed,err: request already exists
github.com/SmartBFT-Go/consensus/client.(*Client).request.func1
	D:/Projects/Go/consensus/client/request.go:39
2023-12-10T20:36:50.356+0800	ERROR	client/request.go:52	tx20 order failed and err: request already exists
github.com/SmartBFT-Go/consensus/client.(*Client).send
	D:/Projects/Go/consensus/client/request.go:52
github.com/SmartBFT-Go/consensus/client.(*Client).request.func1
	D:/Projects/Go/consensus/client/request.go:29
2023-12-10T20:36:50.356+0800	ERROR	client/request.go:52	tx20 order failed and err: request already exists
github.com/SmartBFT-Go/consensus/client.(*Client).send
	D:/Projects/Go/consensus/client/request.go:52
github.com/SmartBFT-Go/consensus/client.(*Client).request.func1
	D:/Projects/Go/consensus/client/request.go:29
2023-12-10T20:36:50.356+0800	ERROR	client/request.go:39	tx20 failed,err: request already exists
github.com/SmartBFT-Go/consensus/client.(*Client).request.func1
	D:/Projects/Go/consensus/client/request.go:39
2023-12-10T20:36:51.029+0800	INFO	client/request.go:64	block gotten from node4:{"Sequence":10,"PrevHash":"","Transactions":[{"ClientID":"alice","ID":"tx19"},{"ClientID":"alice","ID":"tx20"},{"ClientID":"alice","ID":"tx18"}]} 
2023-12-10T20:36:51.029+0800	INFO	client/request.go:64	block gotten from node1:{"Sequence":10,"PrevHash":"","Transactions":[{"ClientID":"alice","ID":"tx19"},{"ClientID":"alice","ID":"tx20"},{"ClientID":"alice","ID":"tx18"}]} 
2023-12-10T20:36:51.029+0800	INFO	client/request.go:64	block gotten from node3:{"Sequence":10,"PrevHash":"","Transactions":[{"ClientID":"alice","ID":"tx19"},{"ClientID":"alice","ID":"tx20"},{"ClientID":"alice","ID":"tx18"}]} 
2023-12-10T20:36:51.029+0800	INFO	client/request.go:64	block gotten from node2:{"Sequence":10,"PrevHash":"","Transactions":[{"ClientID":"alice","ID":"tx19"},{"ClientID":"alice","ID":"tx20"},{"ClientID":"alice","ID":"tx18"}]} 
2023-12-10T20:36:51.029+0800	INFO	client/client.go:114	tx19 committed successfully
2023-12-10T20:36:51.029+0800	INFO	client/client.go:114	tx20 committed successfully
2023-12-10T20:36:51.029+0800	INFO	client/client.go:114	tx18 committed successfully
2023-12-10T20:36:51.029+0800	INFO	client/client.go:114	all txs committed successfully
2023-12-10T20:36:51.029+0800	INFO	client/client.go:114	Client is closing
2023-12-10T20:36:51.029+0800	INFO	client/client.go:114	Client stop listening on node3
2023-12-10T20:36:51.029+0800	INFO	client/client.go:114	Client stop listening on node4
2023-12-10T20:36:51.029+0800	INFO	client/client.go:114	Client closed channel
2023-12-10T20:36:51.029+0800	INFO	client/client.go:114	Client stop listening on node1
2023-12-10T20:36:51.029+0800	INFO	client/request.go:64	block gotten from node5:{"Sequence":10,"PrevHash":"","Transactions":[{"ClientID":"alice","ID":"tx19"},{"ClientID":"alice","ID":"tx20"},{"ClientID":"alice","ID":"tx18"}]} 
2023-12-10T20:36:51.029+0800	INFO	client/client.go:114	all txs committed successfully
2023-12-10T20:36:51.029+0800	INFO	client/client.go:114	Client stop listening on node8
2023-12-10T20:36:51.029+0800	INFO	client/client.go:114	Client stop listening on node9
2023-12-10T20:36:51.029+0800	INFO	client/client.go:114	Client stop listening on node7
2023-12-10T20:36:51.029+0800	INFO	client/client.go:114	Client stop message listening
2023-12-10T20:36:51.029+0800	INFO	client/client.go:114	Client stop listening on node10
2023-12-10T20:36:51.029+0800	INFO	client/client.go:114	Client stop listening on node6
2023-12-10T20:36:51.029+0800	INFO	client/client.go:114	Client stop listening on node2
2023-12-10T20:36:51.029+0800	INFO	client/client.go:114	Client stop listening on node5
